
============================== Collecting inputs ==============================


                   ----------Processing PDB file(s)----------                  


  Symmetric amino acids flipped
    Residue "A PHE   15": "CD1" <-> "CD2" "CE1" <-> "CE2"
  Time to flip residues: 0.00s

  Monomer Library directory:
    "/home/liuyoujia/phenix-1.19rc3-4024/modules/chem_data/mon_lib"
  Total number of atoms: 2156
  Number of models: 1
  Model: ""
    Number of chains: 6
    Chain: "A"
      Number of atoms: 1022
      Number of conformers: 2
      Conformer: "A"
        Number of residues, atoms: 127, 1016
          Classifications: {'peptide': 127}
          Link IDs: {'PTRANS': 4, 'CIS': 1, 'TRANS': 121}
          Chain breaks: 1
      Conformer: "B"
        Number of residues, atoms: 127, 1016
          Classifications: {'peptide': 127}
          Link IDs: {'PTRANS': 4, 'CIS': 1, 'TRANS': 121}
          Chain breaks: 1
          bond proxies already assigned to first conformer: 1027
    Chain: "B"
      Number of atoms: 1030
      Number of conformers: 2
      Conformer: "A"
        Number of residues, atoms: 128, 1022
          Classifications: {'peptide': 128}
          Link IDs: {'PTRANS': 4, 'CIS': 1, 'TRANS': 122}
          Chain breaks: 1
      Conformer: "B"
        Number of residues, atoms: 128, 1022
          Classifications: {'peptide': 128}
          Link IDs: {'PTRANS': 4, 'CIS': 1, 'TRANS': 122}
          Chain breaks: 1
          bond proxies already assigned to first conformer: 1031
    Chain: "A"
      Number of atoms: 12
      Number of conformers: 1
      Conformer: ""
        Number of residues, atoms: 1, 0
          Unknown residues: {'MTN': 1}
          Chain breaks: 1
    Chain: "B"
      Number of atoms: 12
      Number of conformers: 1
      Conformer: ""
        Number of residues, atoms: 1, 0
          Unknown residues: {'MTN': 1}
          Chain breaks: 1
    Chain: "A"
      Number of atoms: 49
      Number of conformers: 1
      Conformer: ""
        Number of residues, atoms: 49, 49
          Classifications: {'water': 49}
          Link IDs: {None: 48}
    Chain: "B"
      Number of atoms: 31
      Number of conformers: 1
      Conformer: ""
        Number of residues, atoms: 31, 31
          Classifications: {'water': 31}
          Link IDs: {None: 30}
  Residues with excluded nonbonded symmetry interactions: 1
    residue:
      pdb=" N  AASN B  80 " occ=0.50
      ... (14 atoms not shown)
      pdb=" ND2BASN B  80 " occ=0.50
  Number of atoms with unknown nonbonded energy type symbols: 24
    "HETATM 2053  C1  MTN A1019 .*.     C  "
    "HETATM 2054  C2  MTN A1019 .*.     C  "
    "HETATM 2055  C3  MTN A1019 .*.     C  "
    "HETATM 2056  C4  MTN A1019 .*.     C  "
    "HETATM 2057  C5  MTN A1019 .*.     C  "
    "HETATM 2058  C6  MTN A1019 .*.     C  "
    "HETATM 2059  C7  MTN A1019 .*.     C  "
    "HETATM 2060  C8  MTN A1019 .*.     C  "
    "HETATM 2061  C9  MTN A1019 .*.     C  "
    "HETATM 2062  N1  MTN A1019 .*.     N  "
    ... (remaining 14 not shown)
  Time building chain proxies: 0.52, per 1000 atoms: 0.24
  Number of scatterers: 2156
  At special positions: 0
  Unit cell: (55.98, 50.38, 57.68, 90, 117.03, 90)
  Space group: P 1 21 1 (No. 4)
  Number of sites at special positions: 0
  Number of scattering types: 4
    Type Number    sf(0)
     S      14     16.00
     O     471      8.00
     N     334      7.00
     C    1337      6.00
    sf(0) = scattering factor at diffraction angle 0.

  Number of disulfides: simple=0, symmetry=0
  Custom bonds:
    Warning: Ignoring bond with distance_ideal = None:
      atom_selection_1 = None
      atom_selection_2 = None
    Total number of added/changed bonds: 0
  Custom angles:
    Warning: Ignoring angle with angle_ideal = None:
      atom_selection_1 = None
      atom_selection_2 = None
      atom_selection_3 = None
    Total number of new custom angles: 0
    Total number of changed angles: 0
  Custom dihedrals:
    Warning: Ignoring dihedral with angle_ideal = None:
      atom_selection_1 = None
      atom_selection_2 = None
      atom_selection_3 = None
      atom_selection_4 = None
    Total number of custom dihedrals: 0
  Custom planarities:
    Warning: Ignoring planarity with with sigma <= 0:
      atom_selection = None
None
    Total number of custom planarities: 0
  Custom parallelities:
Warning: Ignoring parallelity with empty atom selection.
    Total number of custom parallelities: 0
  Custom bonds:
    Warning: Ignoring bond with distance_ideal = None:
      atom_selection_1 = None
      atom_selection_2 = None
    Total number of added/changed bonds: 0
  Custom angles:
    Warning: Ignoring angle with angle_ideal = None:
      atom_selection_1 = None
      atom_selection_2 = None
      atom_selection_3 = None
    Total number of new custom angles: 0
    Total number of changed angles: 0
  Custom dihedrals:
    Warning: Ignoring dihedral with angle_ideal = None:
      atom_selection_1 = None
      atom_selection_2 = None
      atom_selection_3 = None
      atom_selection_4 = None
    Total number of custom dihedrals: 0
  Custom planarities:
    Warning: Ignoring planarity with with sigma <= 0:
      atom_selection = None
None
    Total number of custom planarities: 0
  Custom parallelities:
Warning: Ignoring parallelity with empty atom selection.
    Total number of custom parallelities: 0

  Automatic linking
    Parameters for automatic linking
      Linking & cutoffs
        Metal                : False - 3.50
        Amimo acid           : False - 1.90
        Carbohydrate         : True  - 1.99
        Ligands              : True  - 1.99
        Small molecules      : False - 1.98
        Amino acid - RNA/DNA : False
      
  Number of custom bonds: simple=2, symmetry=0
  Number of additional bonds: simple=2, symmetry=0
  Coordination:
  Other bonds:
  Time building additional restraints: 0.16
  Adding C-beta torsion restraints...
  Number of C-beta restraints generated:  502

  Time building geometry restraints manager: 0.20 seconds

  NOTE: a complete listing of the restraints can be obtained by requesting
        output of .geo file.

  Histogram of bond lengths:
        1.21 -     1.33: 602
        1.33 -     1.45: 321
        1.45 -     1.58: 1144
        1.58 -     1.70: 1
        1.70 -     1.82: 22
  Bond restraints: 2090
  Sorted by residual:
  bond pdb=" CB  LYS A 105 "
       pdb=" CG  LYS A 105 "
    ideal  model  delta    sigma   weight residual
    1.520  1.468  0.052 3.00e-02 1.11e+03 3.02e+00
  bond pdb=" C   SER A  31 "
       pdb=" N   ALA A  32 "
    ideal  model  delta    sigma   weight residual
    1.329  1.353 -0.024 1.40e-02 5.10e+03 2.96e+00
  bond pdb=" N   ALA A  32 "
       pdb=" CA  ALA A  32 "
    ideal  model  delta    sigma   weight residual
    1.458  1.490 -0.032 1.90e-02 2.77e+03 2.76e+00
  bond pdb=" CA  ILE A  24 "
       pdb=" CB  ILE A  24 "
    ideal  model  delta    sigma   weight residual
    1.540  1.582 -0.042 2.70e-02 1.37e+03 2.43e+00
  bond pdb=" CB  ASP B  12 "
       pdb=" CG  ASP B  12 "
    ideal  model  delta    sigma   weight residual
    1.516  1.554 -0.038 2.50e-02 1.60e+03 2.30e+00
  ... (remaining 2085 not shown)

  Histogram of bond angle deviations from ideal:
      100.60 -   107.30: 86
      107.30 -   113.99: 1184
      113.99 -   120.68: 817
      120.68 -   127.37: 738
      127.37 -   134.07: 20
  Bond angle restraints: 2845
  Sorted by residual:
  angle pdb=" C   SER A  31 "
        pdb=" N   ALA A  32 "
        pdb=" CA  ALA A  32 "
      ideal   model   delta    sigma   weight residual
     121.70  128.68   -6.98 1.80e+00 3.09e-01 1.50e+01
  angle pdb=" C   ILE B  33 "
        pdb=" CA  ILE B  33 "
        pdb=" CB  ILE B  33 "
      ideal   model   delta    sigma   weight residual
     111.60  105.08    6.52 2.00e+00 2.50e-01 1.06e+01
  angle pdb=" N   ALA A  32 "
        pdb=" CA  ALA A  32 "
        pdb=" C   ALA A  32 "
      ideal   model   delta    sigma   weight residual
     111.00  120.10   -9.10 2.80e+00 1.28e-01 1.06e+01
  angle pdb=" CA  SER A  31 "
        pdb=" C   SER A  31 "
        pdb=" N   ALA A  32 "
      ideal   model   delta    sigma   weight residual
     116.20  122.66   -6.46 2.00e+00 2.50e-01 1.04e+01
  angle pdb=" N   LYS A 105 "
        pdb=" CA  LYS A 105 "
        pdb=" CB  LYS A 105 "
      ideal   model   delta    sigma   weight residual
     110.50  105.49    5.01 1.70e+00 3.46e-01 8.68e+00
  ... (remaining 2840 not shown)

  Histogram of dihedral angle deviations from ideal:
        0.00 -    17.79: 1140
       17.79 -    35.57: 102
       35.57 -    53.36: 12
       53.36 -    71.15: 5
       71.15 -    88.93: 4
  Dihedral angle restraints: 1263
    sinusoidal: 496
      harmonic: 767
  Sorted by residual:
  dihedral pdb=" CA  HIS A  30 "
           pdb=" C   HIS A  30 "
           pdb=" N   SER A  31 "
           pdb=" CA  SER A  31 "
      ideal   model   delta  harmonic     sigma   weight residual
    -180.00 -137.67  -42.33     0      5.00e+00 4.00e-02 7.17e+01
  dihedral pdb=" CA  SER A  31 "
           pdb=" C   SER A  31 "
           pdb=" N   ALA A  32 "
           pdb=" CA  ALA A  32 "
      ideal   model   delta  harmonic     sigma   weight residual
       0.00   37.21  -37.21     0      5.00e+00 4.00e-02 5.54e+01
  dihedral pdb=" CA  HIS B  30 "
           pdb=" C   HIS B  30 "
           pdb=" N   SER B  31 "
           pdb=" CA  SER B  31 "
      ideal   model   delta  harmonic     sigma   weight residual
    -180.00 -155.22  -24.78     0      5.00e+00 4.00e-02 2.46e+01
  ... (remaining 1260 not shown)

  Histogram of chiral volume deviations from ideal:
       0.000 -    0.060: 217
       0.060 -    0.119: 88
       0.119 -    0.178: 27
       0.178 -    0.237: 6
       0.237 -    0.297: 3
  Chirality restraints: 341
  Sorted by residual:
  chirality pdb=" CA  GLU A  87 "
            pdb=" N   GLU A  87 "
            pdb=" C   GLU A  87 "
            pdb=" CB  GLU A  87 "
    both_signs  ideal   model   delta    sigma   weight residual
      False      2.51    2.21    0.30 2.00e-01 2.50e+01 2.20e+00
  chirality pdb=" CA  ILE A  45 "
            pdb=" N   ILE A  45 "
            pdb=" C   ILE A  45 "
            pdb=" CB  ILE A  45 "
    both_signs  ideal   model   delta    sigma   weight residual
      False      2.43    2.72   -0.28 2.00e-01 2.50e+01 2.01e+00
  chirality pdb=" CA  ILE B  33 "
            pdb=" N   ILE B  33 "
            pdb=" C   ILE B  33 "
            pdb=" CB  ILE B  33 "
    both_signs  ideal   model   delta    sigma   weight residual
      False      2.43    2.68   -0.24 2.00e-01 2.50e+01 1.47e+00
  ... (remaining 338 not shown)

  Planarity restraints: 362
  Sorted by residual:
                                 delta    sigma   weight rms_deltas residual
  plane pdb=" CB  TYR A  97 "    0.010 2.00e-02 2.50e+03   8.54e-03 1.46e+00
        pdb=" CG  TYR A  97 "   -0.021 2.00e-02 2.50e+03
        pdb=" CD1 TYR A  97 "    0.003 2.00e-02 2.50e+03
        pdb=" CD2 TYR A  97 "   -0.000 2.00e-02 2.50e+03
        pdb=" CE1 TYR A  97 "    0.001 2.00e-02 2.50e+03
        pdb=" CE2 TYR A  97 "    0.004 2.00e-02 2.50e+03
        pdb=" CZ  TYR A  97 "    0.005 2.00e-02 2.50e+03
        pdb=" OH  TYR A  97 "   -0.003 2.00e-02 2.50e+03
                                 delta    sigma   weight rms_deltas residual
  plane pdb=" CB  PHE B  15 "    0.010 2.00e-02 2.50e+03   8.92e-03 1.39e+00
        pdb=" CG  PHE B  15 "   -0.019 2.00e-02 2.50e+03
        pdb=" CD1 PHE B  15 "    0.006 2.00e-02 2.50e+03
        pdb=" CD2 PHE B  15 "   -0.003 2.00e-02 2.50e+03
        pdb=" CE1 PHE B  15 "   -0.003 2.00e-02 2.50e+03
        pdb=" CE2 PHE B  15 "    0.006 2.00e-02 2.50e+03
        pdb=" CZ  PHE B  15 "    0.002 2.00e-02 2.50e+03
                                 delta    sigma   weight rms_deltas residual
  plane pdb=" CB  PHE A 122 "    0.014 2.00e-02 2.50e+03   8.49e-03 1.26e+00
        pdb=" CG  PHE A 122 "   -0.014 2.00e-02 2.50e+03
        pdb=" CD1 PHE A 122 "   -0.005 2.00e-02 2.50e+03
        pdb=" CD2 PHE A 122 "   -0.005 2.00e-02 2.50e+03
        pdb=" CE1 PHE A 122 "    0.001 2.00e-02 2.50e+03
        pdb=" CE2 PHE A 122 "    0.001 2.00e-02 2.50e+03
        pdb=" CZ  PHE A 122 "    0.008 2.00e-02 2.50e+03
  ... (remaining 359 not shown)

  Histogram of nonbonded interaction distances:
        1.24 -     1.98: 24
        1.98 -     2.71: 102
        2.71 -     3.44: 3239
        3.44 -     4.17: 5984
        4.17 -     4.90: 9826
  Nonbonded interactions: 19175
  Sorted by model distance:
  nonbonded pdb=" N1  MTN A1019 "
            pdb=" O1  MTN A1019 "
     model   vdw
     1.245 1.000
  nonbonded pdb=" N1  MTN B1019 "
            pdb=" O1  MTN B1019 "
     model   vdw
     1.250 1.000
  nonbonded pdb=" C2  MTN B1019 "
            pdb=" C3  MTN B1019 "
     model   vdw
     1.329 1.000
  nonbonded pdb=" C2  MTN A1019 "
            pdb=" C3  MTN A1019 "
     model   vdw
     1.338 1.000
  nonbonded pdb=" C5  MTN A1019 "
            pdb=" N1  MTN A1019 "
     model   vdw
     1.470 1.000
  ... (remaining 19170 not shown)

  NOTE: a complete listing of the restraints can be obtained by requesting
        output of .geo file.

End of input processing

  Symmetric amino acids flipped
    Residue "A PHE   15": "CD1" <-> "CD2" "CE1" <-> "CE2"
  Time to flip residues: 0.00s

  Monomer Library directory:
    "/home/liuyoujia/phenix-1.19rc3-4024/modules/chem_data/mon_lib"
  Total number of atoms: 2156
  Number of models: 1
  Model: ""
    Number of chains: 6
    Chain: "A"
      Number of atoms: 1022
      Number of conformers: 2
      Conformer: "A"
        Number of residues, atoms: 127, 1016
          Classifications: {'peptide': 127}
          Link IDs: {'PTRANS': 4, 'CIS': 1, 'TRANS': 121}
          Chain breaks: 1
      Conformer: "B"
        Number of residues, atoms: 127, 1016
          Classifications: {'peptide': 127}
          Link IDs: {'PTRANS': 4, 'CIS': 1, 'TRANS': 121}
          Chain breaks: 1
          bond proxies already assigned to first conformer: 1027
    Chain: "B"
      Number of atoms: 1030
      Number of conformers: 2
      Conformer: "A"
        Number of residues, atoms: 128, 1022
          Classifications: {'peptide': 128}
          Link IDs: {'PTRANS': 4, 'CIS': 1, 'TRANS': 122}
          Chain breaks: 1
      Conformer: "B"
        Number of residues, atoms: 128, 1022
          Classifications: {'peptide': 128}
          Link IDs: {'PTRANS': 4, 'CIS': 1, 'TRANS': 122}
          Chain breaks: 1
          bond proxies already assigned to first conformer: 1031
    Chain: "A"
      Number of atoms: 12
      Number of conformers: 1
      Conformer: ""
        Number of residues, atoms: 1, 0
          Unknown residues: {'MTN': 1}
          Chain breaks: 1
    Chain: "B"
      Number of atoms: 12
      Number of conformers: 1
      Conformer: ""
        Number of residues, atoms: 1, 0
          Unknown residues: {'MTN': 1}
          Chain breaks: 1
    Chain: "A"
      Number of atoms: 49
      Number of conformers: 1
      Conformer: ""
        Number of residues, atoms: 49, 49
          Classifications: {'water': 49}
          Link IDs: {None: 48}
    Chain: "B"
      Number of atoms: 31
      Number of conformers: 1
      Conformer: ""
        Number of residues, atoms: 31, 31
          Classifications: {'water': 31}
          Link IDs: {None: 30}
  Residues with excluded nonbonded symmetry interactions: 1
    residue:
      pdb=" N  AASN B  80 " occ=0.50
      ... (14 atoms not shown)
      pdb=" ND2BASN B  80 " occ=0.50
  Number of atoms with unknown nonbonded energy type symbols: 24
    "HETATM 2053  C1  MTN A1019 .*.     C  "
    "HETATM 2054  C2  MTN A1019 .*.     C  "
    "HETATM 2055  C3  MTN A1019 .*.     C  "
    "HETATM 2056  C4  MTN A1019 .*.     C  "
    "HETATM 2057  C5  MTN A1019 .*.     C  "
    "HETATM 2058  C6  MTN A1019 .*.     C  "
    "HETATM 2059  C7  MTN A1019 .*.     C  "
    "HETATM 2060  C8  MTN A1019 .*.     C  "
    "HETATM 2061  C9  MTN A1019 .*.     C  "
    "HETATM 2062  N1  MTN A1019 .*.     N  "
    ... (remaining 14 not shown)
  Time building chain proxies: 0.56, per 1000 atoms: 0.26
  Number of scatterers: 2156
  At special positions: 0
  Unit cell: (55.98, 50.38, 57.68, 90, 117.03, 90)
  Space group: P 1 21 1 (No. 4)
  Number of sites at special positions: 0
  Number of scattering types: 4
    Type Number    sf(0)
     S      14     16.00
     O     471      8.00
     N     334      7.00
     C    1337      6.00
    sf(0) = scattering factor at diffraction angle 0.


=============================== Model properties ==============================

  Overall:
    Number of atoms = 2156  (anisotropic = 2156)
    B_iso: mean =  27.8  max =  74.4  min =  10.0
    Occupancy: mean = 0.99  max = 1.00  min = 0.50

============================= Geometry restraints =============================


                        ----------Bond lengths----------                       

  All restrained atoms within 4.0 sigma of ideal values.

  Min. delta:    0.000 (Z=  0.000)
  Max. delta:    0.052 (Z=  3.721)
  Mean delta:    0.008 (Z=  0.441)

                        ----------Bond angles----------                        

  All restrained atoms within 4.0 sigma of ideal values.

  Min. delta:    0.000 (Z=  0.000)
  Max. delta:    9.095 (Z=  3.879)
  Mean delta:    1.189 (Z=  0.534)

                      ----------Dihedral angles----------                      

  atoms                   ideal    model    delta   sigma  residual   deviation
   A  30  HIS  CA     
   A  30  HIS  C      
   A  31  SER  N      
   A  31  SER  CA        180.00  -137.67   -42.33  5.00e+00  7.17e+01   8.5*sigma
   A  31  SER  CA     
   A  31  SER  C      
   A  32  ALA  N      
   A  32  ALA  CA          0.00    37.21   -37.21  5.00e+00  5.54e+01   7.4*sigma
   B  30  HIS  CA     
   B  30  HIS  C      
   B  31  SER  N      
   B  31  SER  CA        180.00  -155.22   -24.78  5.00e+00  2.46e+01   5.0*sigma
   B  97  TYR  CA     
   B  97  TYR  C      
   B  98  LEU  N      
   B  98  LEU  CA        180.00   155.27    24.73  5.00e+00  2.45e+01   4.9*sigma
   B  88  LEU  CA     
   B  88  LEU  C      
   B  89  VAL  N      
   B  89  VAL  CA        180.00   158.78    21.22  5.00e+00  1.80e+01   4.2*sigma
   A  88  LEU  CA     
   A  88  LEU  C      
   A  89  VAL  N      
   A  89  VAL  CA        180.00   159.66    20.34  5.00e+00  1.65e+01   4.1*sigma
   A  97  TYR  CA     
   A  97  TYR  C      
   A  98  LEU  N      
   A  98  LEU  CA        180.00   159.91    20.09  5.00e+00  1.61e+01   4.0*sigma

  Min. delta:    0.026
  Max. delta:   88.932
  Mean delta:   14.794

                       ----------Chiral volumes----------                      

  All restrained atoms within 4.0 sigma of ideal values.

  Min. delta:    0.000
  Max. delta:    0.297
  Mean delta:    0.075

                       ----------Planar groups----------                       

  All restrained atoms within 4.0 sigma of ideal values.

  Min. delta:    0.000
  Max. delta:    0.026
  Mean delta:    0.004

============================ Molprobity validation ============================


  Geometry Restraints Library: GeoStd + Monomer Library
  Deviations from Ideal Values.
    Bond      :  0.008   0.052   2090
    Angle     :  1.189   9.095   2845
    Chirality :  0.075   0.297    341
    Planarity :  0.004   0.026    362
    Dihedral  : 14.794  88.932    761
    Min Nonbonded Distance : 1.245
  
  Molprobity Statistics.
    All-atom Clashscore : 13.25
    Ramachandran Plot:
      Outliers :  0.00 %
      Allowed  :  0.40 %
      Favored  : 99.60 %
    Rotamer Outliers :  0.84 %
    Cbeta Deviations :  0.00 %
    Peptide Plane:
      Cis-proline     : 0.00 %
      Cis-general     : 0.40 %
      Twisted Proline : 0.00 %
      Twisted General : 0.81 %
  
  Rama-Z (Ramachandran plot Z-score):
  Interpretation: bad |Rama-Z| > 3; suspicious 2 < |Rama-Z| < 3; good |Rama-Z| < 2.
  Scores for whole/helix/sheet/loop are scaled independently;
  therefore, the values are not related in a simple manner.
    whole: -0.28 (0.48), residues: 251
    helix: -0.23 (0.43), residues: 110
    sheet:  0.34 (0.59), residues: 58
    loop : -0.21 (0.69), residues: 83

                     ----------Asn/Gln/His flips----------                     

   B  57  ASN
   A 124 BGLN
   A  57  ASN
   A  72  ASN
   A  92  HIS
   B  92  HIS

=================================== Summary ===================================

  Ramachandran outliers =   0.00 %
                favored =  99.60 %
  Rotamer outliers      =   0.84 %
  C-beta deviations     =     0
  Clashscore            =  13.25
  RMS(bonds)            =   0.0085
  RMS(angles)           =   1.19
  MolProbity score      =   1.63
  Resolution            =   2.30
  R-work                =   0.2237
  R-free                =   0.2637
  Refinement program    = REFMAC

Results written to molprobity.out
Wrote script for Coot: molprobity_coot.py
