--------------------------------------------------------------------------------
angles               : True
bonds                : True
chirals              : True
delete_cache         : True
dihedrals            : True
exclude_hydrogens    : False
exclude_non_protein  : False
exclude_water        : True
filename             : 5bmg.pdb.geo
ignore_cache         : False
nonbonds             : False
only_hydrogens       : False
only_water           : False
parallelitys         : False
planes               : False
quiet                : False
use_cache            : True
--------------------------------------------------------------------------------
processed bond : 0.1
processed angle : 0.3
processed dihedral : 0.3
LOADED ['chirality', 'angle', 'dihedral', 'bond']
Time to parse 0.36

RMS results for model

RMS(D/Z)
             d-all          d-none         d-alt          z-all          z-none         z-alt          
  bond       0.009( 3633)   0.009( 3633)   0.000(    0)   0.539( 3633)   0.539( 3633)   0.000(    0)
  angle      1.256( 4942)   1.256( 4942)   0.000(    0)   0.797( 4942)   0.797( 4942)   0.000(    0)
  dihedral  12.336( 2094)  12.336( 2094)   0.000(    0)   0.971( 2094)   0.971( 2094)   0.000(    0)

Selecting bonds        Time to select bonds        : 0.03s
Selecting angles       Time to select angles       : 0.07s
Selecting dihedrals    Time to select dihedrals    : 0.04s

RMS results for selection

RMS(D/Z)
             d-all          d-none         d-alt          z-all          z-none         z-alt          
  bond       0.030(   21)   0.030(   21)   0.000(    0)   1.475(   21)   1.475(   21)   0.000(    0)
  angle      2.454(   63)   2.454(   63)   0.000(    0)   0.818(   63)   0.818(   63)   0.000(    0)
  dihedral   0.606(   14)   0.606(   14)   0.000(    0)   0.010(   14)   0.010(   14)   0.000(    0)

----- bonds ----- bonds ----- bonds ----- bonds ----- bonds ----- bonds 
   1 " N1  MTN B 102 " - " O1  MTN B 102 " [ 1.258, 1.218,  0.040, 2.00e-02, 2.50e+03, 3.90e+00]
   2 " N1  MTN G 101 " - " O1  MTN G 101 " [ 1.258, 1.219,  0.039, 2.00e-02, 2.50e+03, 3.84e+00]
   3 " N1  MTN B 101 " - " O1  MTN B 101 " [ 1.258, 1.220,  0.038, 2.00e-02, 2.50e+03, 3.53e+00]
   4 " N1  MTN E 101 " - " O1  MTN E 101 " [ 1.258, 1.221,  0.037, 2.00e-02, 2.50e+03, 3.48e+00]
   5 " N1  MTN F 101 " - " O1  MTN F 101 " [ 1.258, 1.223,  0.035, 2.00e-02, 2.50e+03, 3.01e+00]
   6 " N1  MTN A 101 " - " O1  MTN A 101 " [ 1.258, 1.224,  0.034, 2.00e-02, 2.50e+03, 2.89e+00]
   7 " C5  MTN B 101 " - " N1  MTN B 101 " [ 1.480, 1.446,  0.034, 2.00e-02, 2.50e+03, 2.88e+00]
   8 " N1  MTN D 101 " - " O1  MTN D 101 " [ 1.258, 1.225,  0.033, 2.00e-02, 2.50e+03, 2.80e+00]
   9 " C5  MTN G 101 " - " N1  MTN G 101 " [ 1.480, 1.453,  0.027, 2.00e-02, 2.50e+03, 1.84e+00]
  10 " C1  MTN D 101 " - " N1  MTN D 101 " [ 1.477, 1.450,  0.027, 2.00e-02, 2.50e+03, 1.76e+00]
  11 " C1  MTN A 101 " - " N1  MTN A 101 " [ 1.477, 1.451,  0.026, 2.00e-02, 2.50e+03, 1.74e+00]
  12 " C5  MTN D 101 " - " N1  MTN D 101 " [ 1.480, 1.454,  0.026, 2.00e-02, 2.50e+03, 1.71e+00]
  13 " C1  MTN B 101 " - " N1  MTN B 101 " [ 1.477, 1.451,  0.026, 2.00e-02, 2.50e+03, 1.69e+00]
  14 " C1  MTN B 102 " - " N1  MTN B 102 " [ 1.477, 1.452,  0.025, 2.00e-02, 2.50e+03, 1.51e+00]
  15 " C1  MTN E 101 " - " N1  MTN E 101 " [ 1.477, 1.452,  0.025, 2.00e-02, 2.50e+03, 1.50e+00]
  16 " C5  MTN B 102 " - " N1  MTN B 102 " [ 1.480, 1.456,  0.024, 2.00e-02, 2.50e+03, 1.47e+00]
  17 " C1  MTN G 101 " - " N1  MTN G 101 " [ 1.477, 1.454,  0.023, 2.00e-02, 2.50e+03, 1.38e+00]
  18 " C5  MTN E 101 " - " N1  MTN E 101 " [ 1.480, 1.457,  0.023, 2.00e-02, 2.50e+03, 1.37e+00]
  19 " C5  MTN A 101 " - " N1  MTN A 101 " [ 1.480, 1.457,  0.023, 2.00e-02, 2.50e+03, 1.32e+00]
  20 " C1  MTN F 101 " - " N1  MTN F 101 " [ 1.477, 1.454,  0.023, 2.00e-02, 2.50e+03, 1.30e+00]
  21 " C5  MTN F 101 " - " N1  MTN F 101 " [ 1.480, 1.463,  0.017, 2.00e-02, 2.50e+03, 7.58e-01]
---- angles ---- angles ---- angles ---- angles ---- angles ---- angles 
   1 " C6  MTN F 101 " - " C5  MTN F 101 " - " N1  MTN F 101 " [ 108.85, 113.71, -4.86, 3.00, 0.111, 2.63e+00]
   2 " C7  MTN B 101 " - " C5  MTN B 101 " - " N1  MTN B 101 " [ 109.16, 113.97, -4.81, 3.00, 0.111, 2.57e+00]
   3 " C6  MTN B 102 " - " C5  MTN B 102 " - " N1  MTN B 102 " [ 108.85, 113.54, -4.69, 3.00, 0.111, 2.45e+00]
   4 " C7  MTN F 101 " - " C5  MTN F 101 " - " N1  MTN F 101 " [ 109.16, 113.64, -4.48, 3.00, 0.111, 2.23e+00]
   5 " C6  MTN D 101 " - " C5  MTN D 101 " - " N1  MTN D 101 " [ 108.85, 113.21, -4.36, 3.00, 0.111, 2.11e+00]
   6 " C7  MTN G 101 " - " C5  MTN G 101 " - " N1  MTN G 101 " [ 109.16, 113.49, -4.33, 3.00, 0.111, 2.08e+00]
   7 " C8  MTN F 101 " - " C1  MTN F 101 " - " N1  MTN F 101 " [ 109.60, 113.88, -4.28, 3.00, 0.111, 2.04e+00]
   8 " C8  MTN G 101 " - " C1  MTN G 101 " - " N1  MTN G 101 " [ 109.60, 113.86, -4.26, 3.00, 0.111, 2.02e+00]
   9 " C8  MTN E 101 " - " C1  MTN E 101 " - " N1  MTN E 101 " [ 109.60, 113.61, -4.01, 3.00, 0.111, 1.79e+00]
  10 " C6  MTN E 101 " - " C5  MTN E 101 " - " N1  MTN E 101 " [ 108.85, 112.70, -3.85, 3.00, 0.111, 1.65e+00]
  11 " C7  MTN E 101 " - " C5  MTN E 101 " - " N1  MTN E 101 " [ 109.16, 112.91, -3.75, 3.00, 0.111, 1.56e+00]
  12 " C8  MTN B 102 " - " C1  MTN B 102 " - " N1  MTN B 102 " [ 109.60, 113.30, -3.70, 3.00, 0.111, 1.52e+00]
  13 " C2  MTN D 101 " - " C1  MTN D 101 " - " N1  MTN D 101 " [  99.99, 103.44, -3.45, 3.00, 0.111, 1.32e+00]
  14 " C2  MTN B 101 " - " C1  MTN B 101 " - " N1  MTN B 101 " [  99.99, 103.13, -3.14, 3.00, 0.111, 1.10e+00]
  15 " C7  MTN B 102 " - " C5  MTN B 102 " - " N1  MTN B 102 " [ 109.16, 112.26, -3.10, 3.00, 0.111, 1.06e+00]
  16 " C2  MTN E 101 " - " C1  MTN E 101 " - " N1  MTN E 101 " [  99.99, 102.84, -2.85, 3.00, 0.111, 9.03e-01]
  17 " C2  MTN B 102 " - " C1  MTN B 102 " - " N1  MTN B 102 " [  99.99, 102.71, -2.72, 3.00, 0.111, 8.25e-01]
  18 " C8  MTN A 101 " - " C1  MTN A 101 " - " N1  MTN A 101 " [ 109.60, 112.29, -2.69, 3.00, 0.111, 8.02e-01]
  19 " C9  MTN D 101 " - " C1  MTN D 101 " - " N1  MTN D 101 " [ 109.97, 112.52, -2.55, 3.00, 0.111, 7.24e-01]
  20 " C6  MTN A 101 " - " C5  MTN A 101 " - " N1  MTN A 101 " [ 108.85, 111.40, -2.55, 3.00, 0.111, 7.22e-01]
  21 " C3  MTN A 101 " - " C5  MTN A 101 " - " N1  MTN A 101 " [  99.93, 102.42, -2.49, 3.00, 0.111, 6.91e-01]
  22 " C8  MTN B 101 " - " C1  MTN B 101 " - " N1  MTN B 101 " [ 109.60, 112.03, -2.43, 3.00, 0.111, 6.54e-01]
  23 " C5  MTN E 101 " - " N1  MTN E 101 " - " O1  MTN E 101 " [ 122.20, 124.42, -2.22, 3.00, 0.111, 5.48e-01]
  24 " C2  MTN A 101 " - " C1  MTN A 101 " - " N1  MTN A 101 " [  99.99, 102.12, -2.13, 3.00, 0.111, 5.05e-01]
  25 " C5  MTN B 102 " - " N1  MTN B 102 " - " O1  MTN B 102 " [ 122.20, 124.32, -2.12, 3.00, 0.111, 5.00e-01]
  26 " C3  MTN D 101 " - " C5  MTN D 101 " - " N1  MTN D 101 " [  99.93, 102.01, -2.08, 3.00, 0.111, 4.82e-01]
  27 " C9  MTN B 102 " - " C1  MTN B 102 " - " N1  MTN B 102 " [ 109.97, 112.04, -2.07, 3.00, 0.111, 4.77e-01]
  28 " C1  MTN D 101 " - " N1  MTN D 101 " - " C5  MTN D 101 " [ 114.61, 112.59,  2.02, 3.00, 0.111, 4.51e-01]
  29 " C2  MTN F 101 " - " C1  MTN F 101 " - " N1  MTN F 101 " [  99.99, 102.00, -2.01, 3.00, 0.111, 4.47e-01]
  30 " C9  MTN F 101 " - " C1  MTN F 101 " - " N1  MTN F 101 " [ 109.97, 111.94, -1.97, 3.00, 0.111, 4.30e-01]
  31 " C5  MTN D 101 " - " N1  MTN D 101 " - " O1  MTN D 101 " [ 122.20, 124.03, -1.83, 3.00, 0.111, 3.71e-01]
  32 " C9  MTN A 101 " - " C1  MTN A 101 " - " N1  MTN A 101 " [ 109.97, 111.74, -1.77, 3.00, 0.111, 3.49e-01]
  33 " C8  MTN D 101 " - " C1  MTN D 101 " - " N1  MTN D 101 " [ 109.60, 111.35, -1.75, 3.00, 0.111, 3.41e-01]
  34 " C5  MTN F 101 " - " N1  MTN F 101 " - " O1  MTN F 101 " [ 122.20, 123.94, -1.74, 3.00, 0.111, 3.35e-01]
  35 " C3  MTN B 101 " - " C5  MTN B 101 " - " N1  MTN B 101 " [  99.93, 101.64, -1.71, 3.00, 0.111, 3.27e-01]
  36 " C2  MTN G 101 " - " C1  MTN G 101 " - " N1  MTN G 101 " [  99.99, 101.69, -1.70, 3.00, 0.111, 3.23e-01]
  37 " C3  MTN F 101 " - " C5  MTN F 101 " - " N1  MTN F 101 " [  99.93, 101.58, -1.65, 3.00, 0.111, 3.04e-01]
  38 " C1  MTN B 101 " - " N1  MTN B 101 " - " C5  MTN B 101 " [ 114.61, 113.08,  1.53, 3.00, 0.111, 2.60e-01]
  39 " C3  MTN B 102 " - " C5  MTN B 102 " - " N1  MTN B 102 " [  99.93, 101.40, -1.47, 3.00, 0.111, 2.40e-01]
  40 " C9  MTN B 101 " - " C1  MTN B 101 " - " N1  MTN B 101 " [ 109.97, 111.43, -1.46, 3.00, 0.111, 2.36e-01]
  41 " C3  MTN G 101 " - " C5  MTN G 101 " - " N1  MTN G 101 " [  99.93, 101.35, -1.42, 3.00, 0.111, 2.23e-01]
  42 " C1  MTN B 102 " - " N1  MTN B 102 " - " C5  MTN B 102 " [ 114.61, 113.23,  1.38, 3.00, 0.111, 2.11e-01]
  43 " C5  MTN A 101 " - " N1  MTN A 101 " - " O1  MTN A 101 " [ 122.20, 123.50, -1.30, 3.00, 0.111, 1.87e-01]
  44 " C1  MTN F 101 " - " N1  MTN F 101 " - " C5  MTN F 101 " [ 114.61, 113.40,  1.21, 3.00, 0.111, 1.63e-01]
  45 " C1  MTN E 101 " - " N1  MTN E 101 " - " C5  MTN E 101 " [ 114.61, 113.41,  1.20, 3.00, 0.111, 1.60e-01]
  46 " C1  MTN B 101 " - " N1  MTN B 101 " - " O1  MTN B 101 " [ 122.58, 123.78, -1.20, 3.00, 0.111, 1.59e-01]
  47 " C1  MTN A 101 " - " N1  MTN A 101 " - " C5  MTN A 101 " [ 114.61, 113.59,  1.02, 3.00, 0.111, 1.16e-01]
  48 " C5  MTN B 101 " - " N1  MTN B 101 " - " O1  MTN B 101 " [ 122.20, 123.13, -0.93, 3.00, 0.111, 9.54e-02]
  49 " C6  MTN B 101 " - " C5  MTN B 101 " - " N1  MTN B 101 " [ 108.85, 109.77, -0.92, 3.00, 0.111, 9.48e-02]
  50 " C3  MTN E 101 " - " C5  MTN E 101 " - " N1  MTN E 101 " [  99.93, 100.79, -0.86, 3.00, 0.111, 8.17e-02]
  51 " C1  MTN D 101 " - " N1  MTN D 101 " - " O1  MTN D 101 " [ 122.58, 123.36, -0.78, 3.00, 0.111, 6.83e-02]
  52 " C6  MTN G 101 " - " C5  MTN G 101 " - " N1  MTN G 101 " [ 108.85, 108.13,  0.72, 3.00, 0.111, 5.83e-02]
  53 " C9  MTN G 101 " - " C1  MTN G 101 " - " N1  MTN G 101 " [ 109.97, 110.59, -0.62, 3.00, 0.111, 4.28e-02]
  54 " C9  MTN E 101 " - " C1  MTN E 101 " - " N1  MTN E 101 " [ 109.97, 110.56, -0.59, 3.00, 0.111, 3.83e-02]
  55 " C1  MTN E 101 " - " N1  MTN E 101 " - " O1  MTN E 101 " [ 122.58, 122.16,  0.42, 3.00, 0.111, 1.93e-02]
  56 " C5  MTN G 101 " - " N1  MTN G 101 " - " O1  MTN G 101 " [ 122.20, 122.61, -0.41, 3.00, 0.111, 1.83e-02]
  57 " C1  MTN G 101 " - " N1  MTN G 101 " - " O1  MTN G 101 " [ 122.58, 122.95, -0.37, 3.00, 0.111, 1.49e-02]
  58 " C1  MTN A 101 " - " N1  MTN A 101 " - " O1  MTN A 101 " [ 122.58, 122.91, -0.33, 3.00, 0.111, 1.24e-02]
  59 " C7  MTN D 101 " - " C5  MTN D 101 " - " N1  MTN D 101 " [ 109.16, 109.35, -0.19, 3.00, 0.111, 4.13e-03]
  60 " C1  MTN G 101 " - " N1  MTN G 101 " - " C5  MTN G 101 " [ 114.61, 114.43,  0.18, 3.00, 0.111, 3.41e-03]
  61 " C7  MTN A 101 " - " C5  MTN A 101 " - " N1  MTN A 101 " [ 109.16, 109.01,  0.15, 3.00, 0.111, 2.43e-03]
  62 " C1  MTN B 102 " - " N1  MTN B 102 " - " O1  MTN B 102 " [ 122.58, 122.44,  0.14, 3.00, 0.111, 2.07e-03]
  63 " C1  MTN F 101 " - " N1  MTN F 101 " - " O1  MTN F 101 " [ 122.58, 122.67, -0.09, 3.00, 0.111, 8.05e-04]
---- dihedrals ---- dihedrals ---- dihedrals ---- dihedrals ---- dihedrals ---- dihedrals 
   1 " C2  MTN G 101 " - " C1  MTN G 101 " - " N1  MTN G 101 " - " O1  MTN G 101 " [  180.00,  178.54,    1.46,  1,   60.00, 2.78e-04, 8.67e-04]
   2 " C3  MTN G 101 " - " C5  MTN G 101 " - " N1  MTN G 101 " - " O1  MTN G 101 " [  180.00, -178.57,   -1.43,  1,   60.00, 2.78e-04, 8.26e-04]
   3 " C2  MTN A 101 " - " C1  MTN A 101 " - " N1  MTN A 101 " - " O1  MTN A 101 " [  180.00,  179.52,    0.48,  1,   60.00, 2.78e-04, 9.25e-05]
   4 " C3  MTN B 102 " - " C5  MTN B 102 " - " N1  MTN B 102 " - " O1  MTN B 102 " [  180.00,  179.54,    0.46,  1,   60.00, 2.78e-04, 8.57e-05]
   5 " C2  MTN D 101 " - " C1  MTN D 101 " - " N1  MTN D 101 " - " O1  MTN D 101 " [ -180.00, -179.54,   -0.46,  1,   60.00, 2.78e-04, 8.45e-05]
   6 " C3  MTN F 101 " - " C5  MTN F 101 " - " N1  MTN F 101 " - " O1  MTN F 101 " [  180.00,  179.67,    0.33,  1,   60.00, 2.78e-04, 4.39e-05]
   7 " C2  MTN B 102 " - " C1  MTN B 102 " - " N1  MTN B 102 " - " O1  MTN B 102 " [ -180.00, -179.68,   -0.32,  1,   60.00, 2.78e-04, 4.11e-05]
   8 " C2  MTN B 101 " - " C1  MTN B 101 " - " N1  MTN B 101 " - " O1  MTN B 101 " [ -180.00, -179.80,   -0.20,  1,   60.00, 2.78e-04, 1.55e-05]
   9 " C3  MTN D 101 " - " C5  MTN D 101 " - " N1  MTN D 101 " - " O1  MTN D 101 " [  180.00, -179.83,   -0.17,  1,   60.00, 2.78e-04, 1.18e-05]
  10 " C2  MTN F 101 " - " C1  MTN F 101 " - " N1  MTN F 101 " - " O1  MTN F 101 " [  180.00,  179.87,    0.13,  1,   60.00, 2.78e-04, 7.39e-06]
  11 " C3  MTN A 101 " - " C5  MTN A 101 " - " N1  MTN A 101 " - " O1  MTN A 101 " [  180.00,  179.90,    0.10,  1,   60.00, 2.78e-04, 4.42e-06]
  12 " C3  MTN B 101 " - " C5  MTN B 101 " - " N1  MTN B 101 " - " O1  MTN B 101 " [  180.00,  179.96,    0.04,  1,   60.00, 2.78e-04, 7.43e-07]
  13 " C2  MTN E 101 " - " C1  MTN E 101 " - " N1  MTN E 101 " - " O1  MTN E 101 " [  180.00,  179.96,    0.04,  1,   60.00, 2.78e-04, 7.26e-07]
  14 " C3  MTN E 101 " - " C5  MTN E 101 " - " N1  MTN E 101 " - " O1  MTN E 101 " [  180.00,  179.97,    0.03,  1,   60.00, 2.78e-04, 4.08e-07]
---- chirals ---- chirals ---- chirals ---- chirals ---- chirals ---- chirals 
  None
