--------------------------------------------------------------------------------
angles               : True
bonds                : True
chirals              : True
delete_cache         : True
dihedrals            : True
exclude_hydrogens    : False
exclude_non_protein  : False
exclude_water        : True
filename             : 5bmg.updated_refine_001.pdb.geo
ignore_cache         : False
nonbonds             : False
only_hydrogens       : False
only_water           : False
parallelitys         : False
planes               : False
quiet                : False
use_cache            : True
--------------------------------------------------------------------------------
processed bond : 0.4
processed angle : 0.7
processed dihedral : 0.8
LOADED ['chirality', 'angle', 'dihedral', 'bond']
Time to parse 0.84

RMS results for model

RMS(D/Z)
             d-all          d-none         d-alt          z-all          z-none         z-alt          
  bond       0.010( 7107)   0.010( 7107)   0.000(    0)   0.468( 7107)   0.468( 7107)   0.000(    0)
  angle      1.115(12800)   1.115(12800)   0.000(    0)   0.506(12800)   0.506(12800)   0.000(    0)
  dihedral  12.342( 2783)  12.342( 2783)   0.000(    0)   0.871( 2783)   0.871( 2783)   0.000(    0)

Selecting bonds        Time to select bonds        : 0.06s
Selecting angles       Time to select angles       : 0.20s
Selecting dihedrals    Time to select dihedrals    : 0.06s

RMS results for selection

RMS(D/Z)
             d-all          d-none         d-alt          z-all          z-none         z-alt          
  bond       0.010(   21)   0.010(   21)   0.000(    0)   0.486(   21)   0.486(   21)   0.000(    0)
  angle      1.475(   63)   1.475(   63)   0.000(    0)   0.492(   63)   0.492(   63)   0.000(    0)
  dihedral  18.959(   14)  18.959(   14)   0.000(    0)   0.316(   14)   0.316(   14)   0.000(    0)

----- bonds ----- bonds ----- bonds ----- bonds ----- bonds ----- bonds 
   1 " C5  MTN A 101 " - " N1  MTN A 101 " [ 1.480, 1.499, -0.019, 2.00e-02, 2.50e+03, 8.94e-01]
   2 " C1  MTN B 102 " - " N1  MTN B 102 " [ 1.477, 1.493, -0.016, 2.00e-02, 2.50e+03, 6.76e-01]
   3 " N1  MTN B 101 " - " O1  MTN B 101 " [ 1.258, 1.274, -0.016, 2.00e-02, 2.50e+03, 6.69e-01]
   4 " C5  MTN B 101 " - " N1  MTN B 101 " [ 1.480, 1.495, -0.015, 2.00e-02, 2.50e+03, 5.55e-01]
   5 " N1  MTN D 101 " - " O1  MTN D 101 " [ 1.258, 1.272, -0.014, 2.00e-02, 2.50e+03, 5.06e-01]
   6 " C5  MTN F 101 " - " N1  MTN F 101 " [ 1.480, 1.492, -0.012, 2.00e-02, 2.50e+03, 3.83e-01]
   7 " N1  MTN A 101 " - " O1  MTN A 101 " [ 1.258, 1.270, -0.012, 2.00e-02, 2.50e+03, 3.41e-01]
   8 " N1  MTN F 101 " - " O1  MTN F 101 " [ 1.258, 1.267, -0.009, 2.00e-02, 2.50e+03, 2.21e-01]
   9 " C5  MTN D 101 " - " N1  MTN D 101 " [ 1.480, 1.488, -0.008, 2.00e-02, 2.50e+03, 1.70e-01]
  10 " N1  MTN B 102 " - " O1  MTN B 102 " [ 1.258, 1.265, -0.007, 2.00e-02, 2.50e+03, 1.35e-01]
  11 " C1  MTN F 101 " - " N1  MTN F 101 " [ 1.477, 1.484, -0.007, 2.00e-02, 2.50e+03, 1.31e-01]
  12 " C5  MTN G 101 " - " N1  MTN G 101 " [ 1.480, 1.487, -0.007, 2.00e-02, 2.50e+03, 1.24e-01]
  13 " C1  MTN E 101 " - " N1  MTN E 101 " [ 1.477, 1.471,  0.006, 2.00e-02, 2.50e+03, 1.01e-01]
  14 " N1  MTN E 101 " - " O1  MTN E 101 " [ 1.258, 1.262, -0.004, 2.00e-02, 2.50e+03, 3.26e-02]
  15 " C1  MTN B 101 " - " N1  MTN B 101 " [ 1.477, 1.481, -0.004, 2.00e-02, 2.50e+03, 3.08e-02]
  16 " C1  MTN G 101 " - " N1  MTN G 101 " [ 1.477, 1.480, -0.003, 2.00e-02, 2.50e+03, 2.59e-02]
  17 " C1  MTN D 101 " - " N1  MTN D 101 " [ 1.477, 1.474,  0.003, 2.00e-02, 2.50e+03, 2.05e-02]
  18 " C1  MTN A 101 " - " N1  MTN A 101 " [ 1.477, 1.480, -0.003, 2.00e-02, 2.50e+03, 1.68e-02]
  19 " C5  MTN B 102 " - " N1  MTN B 102 " [ 1.480, 1.483, -0.003, 2.00e-02, 2.50e+03, 1.62e-02]
  20 " N1  MTN G 101 " - " O1  MTN G 101 " [ 1.258, 1.256,  0.002, 2.00e-02, 2.50e+03, 1.06e-02]
  21 " C5  MTN E 101 " - " N1  MTN E 101 " [ 1.480, 1.479,  0.001, 2.00e-02, 2.50e+03, 3.14e-03]
---- angles ---- angles ---- angles ---- angles ---- angles ---- angles 
   1 " C6  MTN B 102 " - " C5  MTN B 102 " - " N1  MTN B 102 " [ 108.85, 113.89, -5.04, 3.00, 0.111, 2.82e+00]
   2 " C6  MTN A 101 " - " C5  MTN A 101 " - " N1  MTN A 101 " [ 108.85, 113.29, -4.44, 3.00, 0.111, 2.19e+00]
   3 " C7  MTN D 101 " - " C5  MTN D 101 " - " N1  MTN D 101 " [ 109.16, 106.21,  2.95, 3.00, 0.111, 9.67e-01]
   4 " C8  MTN B 102 " - " C1  MTN B 102 " - " N1  MTN B 102 " [ 109.60, 112.41, -2.81, 3.00, 0.111, 8.79e-01]
   5 " C1  MTN A 101 " - " N1  MTN A 101 " - " O1  MTN A 101 " [ 122.58, 120.07,  2.51, 3.00, 0.111, 6.99e-01]
   6 " C7  MTN A 101 " - " C5  MTN A 101 " - " N1  MTN A 101 " [ 109.16, 106.78,  2.38, 3.00, 0.111, 6.28e-01]
   7 " C5  MTN B 102 " - " N1  MTN B 102 " - " O1  MTN B 102 " [ 122.20, 119.85,  2.35, 3.00, 0.111, 6.16e-01]
   8 " C6  MTN B 101 " - " C5  MTN B 101 " - " N1  MTN B 101 " [ 108.85, 110.85, -2.00, 3.00, 0.111, 4.46e-01]
   9 " C5  MTN E 101 " - " N1  MTN E 101 " - " O1  MTN E 101 " [ 122.20, 124.15, -1.95, 3.00, 0.111, 4.21e-01]
  10 " C1  MTN D 101 " - " N1  MTN D 101 " - " O1  MTN D 101 " [ 122.58, 120.64,  1.94, 3.00, 0.111, 4.18e-01]
  11 " C2  MTN D 101 " - " C1  MTN D 101 " - " N1  MTN D 101 " [  99.99, 101.75, -1.76, 3.00, 0.111, 3.43e-01]
  12 " C1  MTN D 101 " - " N1  MTN D 101 " - " C5  MTN D 101 " [ 114.61, 112.89,  1.72, 3.00, 0.111, 3.27e-01]
  13 " C8  MTN G 101 " - " C1  MTN G 101 " - " N1  MTN G 101 " [ 109.60, 111.31, -1.71, 3.00, 0.111, 3.25e-01]
  14 " C7  MTN B 102 " - " C5  MTN B 102 " - " N1  MTN B 102 " [ 109.16, 107.50,  1.66, 3.00, 0.111, 3.05e-01]
  15 " C9  MTN E 101 " - " C1  MTN E 101 " - " N1  MTN E 101 " [ 109.97, 108.39,  1.58, 3.00, 0.111, 2.77e-01]
  16 " C1  MTN B 101 " - " N1  MTN B 101 " - " C5  MTN B 101 " [ 114.61, 113.10,  1.51, 3.00, 0.111, 2.52e-01]
  17 " C6  MTN F 101 " - " C5  MTN F 101 " - " N1  MTN F 101 " [ 108.85, 110.32, -1.47, 3.00, 0.111, 2.41e-01]
  18 " C3  MTN F 101 " - " C5  MTN F 101 " - " N1  MTN F 101 " [  99.93, 101.24, -1.31, 3.00, 0.111, 1.90e-01]
  19 " C5  MTN D 101 " - " N1  MTN D 101 " - " O1  MTN D 101 " [ 122.20, 123.49, -1.29, 3.00, 0.111, 1.85e-01]
  20 " C7  MTN F 101 " - " C5  MTN F 101 " - " N1  MTN F 101 " [ 109.16, 110.41, -1.25, 3.00, 0.111, 1.73e-01]
  21 " C8  MTN B 101 " - " C1  MTN B 101 " - " N1  MTN B 101 " [ 109.60, 110.81, -1.21, 3.00, 0.111, 1.64e-01]
  22 " C7  MTN B 101 " - " C5  MTN B 101 " - " N1  MTN B 101 " [ 109.16, 108.01,  1.15, 3.00, 0.111, 1.48e-01]
  23 " C8  MTN D 101 " - " C1  MTN D 101 " - " N1  MTN D 101 " [ 109.60, 108.46,  1.14, 3.00, 0.111, 1.46e-01]
  24 " C9  MTN F 101 " - " C1  MTN F 101 " - " N1  MTN F 101 " [ 109.97, 111.09, -1.12, 3.00, 0.111, 1.39e-01]
  25 " C7  MTN E 101 " - " C5  MTN E 101 " - " N1  MTN E 101 " [ 109.16, 108.09,  1.07, 3.00, 0.111, 1.26e-01]
  26 " C1  MTN E 101 " - " N1  MTN E 101 " - " O1  MTN E 101 " [ 122.58, 121.53,  1.05, 3.00, 0.111, 1.22e-01]
  27 " C8  MTN A 101 " - " C1  MTN A 101 " - " N1  MTN A 101 " [ 109.60, 108.56,  1.04, 3.00, 0.111, 1.20e-01]
  28 " C1  MTN G 101 " - " N1  MTN G 101 " - " C5  MTN G 101 " [ 114.61, 115.60, -0.99, 3.00, 0.111, 1.10e-01]
  29 " C1  MTN G 101 " - " N1  MTN G 101 " - " O1  MTN G 101 " [ 122.58, 121.59,  0.99, 3.00, 0.111, 1.09e-01]
  30 " C1  MTN B 102 " - " N1  MTN B 102 " - " O1  MTN B 102 " [ 122.58, 121.64,  0.94, 3.00, 0.111, 9.83e-02]
  31 " C1  MTN B 102 " - " N1  MTN B 102 " - " C5  MTN B 102 " [ 114.61, 113.70,  0.91, 3.00, 0.111, 9.27e-02]
  32 " C2  MTN G 101 " - " C1  MTN G 101 " - " N1  MTN G 101 " [  99.99,  99.08,  0.91, 3.00, 0.111, 9.12e-02]
  33 " C9  MTN A 101 " - " C1  MTN A 101 " - " N1  MTN A 101 " [ 109.97, 110.87, -0.90, 3.00, 0.111, 9.01e-02]
  34 " C5  MTN B 101 " - " N1  MTN B 101 " - " O1  MTN B 101 " [ 122.20, 123.09, -0.89, 3.00, 0.111, 8.73e-02]
  35 " C3  MTN D 101 " - " C5  MTN D 101 " - " N1  MTN D 101 " [  99.93, 100.82, -0.89, 3.00, 0.111, 8.72e-02]
  36 " C5  MTN A 101 " - " N1  MTN A 101 " - " O1  MTN A 101 " [ 122.20, 123.06, -0.86, 3.00, 0.111, 8.15e-02]
  37 " C1  MTN F 101 " - " N1  MTN F 101 " - " C5  MTN F 101 " [ 114.61, 113.79,  0.82, 3.00, 0.111, 7.49e-02]
  38 " C6  MTN G 101 " - " C5  MTN G 101 " - " N1  MTN G 101 " [ 108.85, 109.66, -0.81, 3.00, 0.111, 7.30e-02]
  39 " C1  MTN A 101 " - " N1  MTN A 101 " - " C5  MTN A 101 " [ 114.61, 113.82,  0.79, 3.00, 0.111, 6.97e-02]
  40 " C5  MTN F 101 " - " N1  MTN F 101 " - " O1  MTN F 101 " [ 122.20, 122.95, -0.75, 3.00, 0.111, 6.26e-02]
  41 " C3  MTN A 101 " - " C5  MTN A 101 " - " N1  MTN A 101 " [  99.93, 100.62, -0.69, 3.00, 0.111, 5.37e-02]
  42 " C2  MTN E 101 " - " C1  MTN E 101 " - " N1  MTN E 101 " [  99.99, 100.63, -0.64, 3.00, 0.111, 4.52e-02]
  43 " C6  MTN D 101 " - " C5  MTN D 101 " - " N1  MTN D 101 " [ 108.85, 109.47, -0.62, 3.00, 0.111, 4.34e-02]
  44 " C9  MTN B 102 " - " C1  MTN B 102 " - " N1  MTN B 102 " [ 109.97, 109.37,  0.60, 3.00, 0.111, 3.95e-02]
  45 " C1  MTN B 101 " - " N1  MTN B 101 " - " O1  MTN B 101 " [ 122.58, 122.03,  0.55, 3.00, 0.111, 3.37e-02]
  46 " C8  MTN E 101 " - " C1  MTN E 101 " - " N1  MTN E 101 " [ 109.60, 109.05,  0.55, 3.00, 0.111, 3.34e-02]
  47 " C3  MTN E 101 " - " C5  MTN E 101 " - " N1  MTN E 101 " [  99.93,  99.39,  0.54, 3.00, 0.111, 3.27e-02]
  48 " C3  MTN G 101 " - " C5  MTN G 101 " - " N1  MTN G 101 " [  99.93,  99.47,  0.46, 3.00, 0.111, 2.35e-02]
  49 " C3  MTN B 102 " - " C5  MTN B 102 " - " N1  MTN B 102 " [  99.93, 100.35, -0.42, 3.00, 0.111, 1.98e-02]
  50 " C8  MTN F 101 " - " C1  MTN F 101 " - " N1  MTN F 101 " [ 109.60, 109.19,  0.41, 3.00, 0.111, 1.87e-02]
  51 " C5  MTN G 101 " - " N1  MTN G 101 " - " O1  MTN G 101 " [ 122.20, 122.57, -0.37, 3.00, 0.111, 1.49e-02]
  52 " C9  MTN G 101 " - " C1  MTN G 101 " - " N1  MTN G 101 " [ 109.97, 110.33, -0.36, 3.00, 0.111, 1.47e-02]
  53 " C2  MTN A 101 " - " C1  MTN A 101 " - " N1  MTN A 101 " [  99.99, 100.34, -0.35, 3.00, 0.111, 1.40e-02]
  54 " C6  MTN E 101 " - " C5  MTN E 101 " - " N1  MTN E 101 " [ 108.85, 109.16, -0.31, 3.00, 0.111, 1.05e-02]
  55 " C2  MTN B 102 " - " C1  MTN B 102 " - " N1  MTN B 102 " [  99.99, 100.29, -0.30, 3.00, 0.111, 9.68e-03]
  56 " C1  MTN E 101 " - " N1  MTN E 101 " - " C5  MTN E 101 " [ 114.61, 114.32,  0.29, 3.00, 0.111, 9.45e-03]
  57 " C9  MTN D 101 " - " C1  MTN D 101 " - " N1  MTN D 101 " [ 109.97, 110.24, -0.27, 3.00, 0.111, 7.87e-03]
  58 " C2  MTN F 101 " - " C1  MTN F 101 " - " N1  MTN F 101 " [  99.99,  99.75,  0.24, 3.00, 0.111, 6.60e-03]
  59 " C9  MTN B 101 " - " C1  MTN B 101 " - " N1  MTN B 101 " [ 109.97, 110.11, -0.14, 3.00, 0.111, 2.09e-03]
  60 " C7  MTN G 101 " - " C5  MTN G 101 " - " N1  MTN G 101 " [ 109.16, 109.29, -0.13, 3.00, 0.111, 1.94e-03]
  61 " C3  MTN B 101 " - " C5  MTN B 101 " - " N1  MTN B 101 " [  99.93,  99.84,  0.09, 3.00, 0.111, 8.22e-04]
  62 " C1  MTN F 101 " - " N1  MTN F 101 " - " O1  MTN F 101 " [ 122.58, 122.52,  0.06, 3.00, 0.111, 4.23e-04]
  63 " C2  MTN B 101 " - " C1  MTN B 101 " - " N1  MTN B 101 " [  99.99,  99.94,  0.05, 3.00, 0.111, 2.26e-04]
---- dihedrals ---- dihedrals ---- dihedrals ---- dihedrals ---- dihedrals ---- dihedrals 
   1 " C2  MTN B 101 " - " C1  MTN B 101 " - " N1  MTN B 101 " - " O1  MTN B 101 " [  180.00,  149.65,   30.35,  1,   60.00, 2.78e-04,    0.36]
   2 " C3  MTN B 101 " - " C5  MTN B 101 " - " N1  MTN B 101 " - " O1  MTN B 101 " [  180.00, -150.57,  -29.43,  1,   60.00, 2.78e-04,    0.34]
   3 " C2  MTN B 102 " - " C1  MTN B 102 " - " N1  MTN B 102 " - " O1  MTN B 102 " [ -180.00, -151.44,  -28.56,  1,   60.00, 2.78e-04,    0.33]
   4 " C3  MTN B 102 " - " C5  MTN B 102 " - " N1  MTN B 102 " - " O1  MTN B 102 " [  180.00,  152.00,   28.00,  1,   60.00, 2.78e-04,    0.31]
   5 " C3  MTN A 101 " - " C5  MTN A 101 " - " N1  MTN A 101 " - " O1  MTN A 101 " [ -180.00, -160.10,  -19.90,  1,   60.00, 2.78e-04,    0.16]
   6 " C3  MTN D 101 " - " C5  MTN D 101 " - " N1  MTN D 101 " - " O1  MTN D 101 " [  180.00,  160.43,   19.57,  1,   60.00, 2.78e-04,    0.15]
   7 " C2  MTN A 101 " - " C1  MTN A 101 " - " N1  MTN A 101 " - " O1  MTN A 101 " [  180.00,  160.73,   19.27,  1,   60.00, 2.78e-04,    0.15]
   8 " C2  MTN D 101 " - " C1  MTN D 101 " - " N1  MTN D 101 " - " O1  MTN D 101 " [ -180.00, -161.51,  -18.49,  1,   60.00, 2.78e-04,    0.14]
   9 " C3  MTN E 101 " - " C5  MTN E 101 " - " N1  MTN E 101 " - " O1  MTN E 101 " [  180.00,  172.89,    7.11,  1,   60.00, 2.78e-04,    0.02]
  10 " C2  MTN E 101 " - " C1  MTN E 101 " - " N1  MTN E 101 " - " O1  MTN E 101 " [ -180.00, -173.76,   -6.24,  1,   60.00, 2.78e-04,    0.02]
  11 " C2  MTN F 101 " - " C1  MTN F 101 " - " N1  MTN F 101 " - " O1  MTN F 101 " [  180.00,  173.93,    6.07,  1,   60.00, 2.78e-04,    0.01]
  12 " C3  MTN F 101 " - " C5  MTN F 101 " - " N1  MTN F 101 " - " O1  MTN F 101 " [ -180.00, -174.83,   -5.17,  1,   60.00, 2.78e-04,    0.01]
  13 " C2  MTN G 101 " - " C1  MTN G 101 " - " N1  MTN G 101 " - " O1  MTN G 101 " [  180.00,  179.65,    0.35,  1,   60.00, 2.78e-04, 4.87e-05]
  14 " C3  MTN G 101 " - " C5  MTN G 101 " - " N1  MTN G 101 " - " O1  MTN G 101 " [ -180.00, -179.77,   -0.23,  1,   60.00, 2.78e-04, 2.08e-05]
---- chirals ---- chirals ---- chirals ---- chirals ---- chirals ---- chirals 
  None
