
============================== Collecting inputs ==============================


                   ----------Processing PDB file(s)----------                  


  Symmetric amino acids flipped
    None
  Time to flip residues: 0.00s

  Monomer Library directory:
    "/home/liuyoujia/phenix-1.19rc3-4024/modules/chem_data/mon_lib"
  Total number of atoms: 896
  Number of models: 1
  Model: ""
    Number of chains: 2
    Chain: "A"
      Number of atoms: 854
      Number of conformers: 1
      Conformer: ""
        Number of residues, atoms: 56, 854
          Classifications: {'peptide': 56}
          Modifications used: {'COO': 1, 'NH3': 1}
          Link IDs: {'TRANS': 55}
    Chain: "A"
      Number of atoms: 42
      Number of conformers: 1
      Conformer: ""
        Number of residues, atoms: 16, 15
          Unknown residues: {'MTN': 1}
          Classifications: {'water': 15}
          Link IDs: {None: 14}
          Chain breaks: 1
  Number of atoms with unknown nonbonded energy type symbols: 27
    "HETATM  855  C1  MTN A 101 .*.     C  "
    "HETATM  856  C2  MTN A 101 .*.     C  "
    "HETATM  857  C3  MTN A 101 .*.     C  "
    "HETATM  858  C4  MTN A 101 .*.     C  "
    "HETATM  859  C5  MTN A 101 .*.     C  "
    "HETATM  860  C6  MTN A 101 .*.     C  "
    "HETATM  861  C7  MTN A 101 .*.     C  "
    "HETATM  862  C8  MTN A 101 .*.     C  "
    "HETATM  863  C9  MTN A 101 .*.     C  "
    "HETATM  864  N1  MTN A 101 .*.     N  "
    ... (remaining 17 not shown)
  Time building chain proxies: 0.16, per 1000 atoms: 0.18
  Number of scatterers: 896
  At special positions: 0
  Unit cell: (24.979, 37.507, 26.35, 90, 108.24, 90)
  Space group: P 1 21 1 (No. 4)
  Number of sites at special positions: 0
  Number of scattering types: 5
    Type Number    sf(0)
     S       3     16.00
     O     110      8.00
     N      69      7.00
     C     282      6.00
     H     432      1.00
    sf(0) = scattering factor at diffraction angle 0.

  Number of disulfides: simple=0, symmetry=0
  Custom bonds:
    Warning: Ignoring bond with distance_ideal = None:
      atom_selection_1 = None
      atom_selection_2 = None
    Total number of added/changed bonds: 0
  Custom angles:
    Warning: Ignoring angle with angle_ideal = None:
      atom_selection_1 = None
      atom_selection_2 = None
      atom_selection_3 = None
    Total number of new custom angles: 0
    Total number of changed angles: 0
  Custom dihedrals:
    Warning: Ignoring dihedral with angle_ideal = None:
      atom_selection_1 = None
      atom_selection_2 = None
      atom_selection_3 = None
      atom_selection_4 = None
    Total number of custom dihedrals: 0
  Custom planarities:
    Warning: Ignoring planarity with with sigma <= 0:
      atom_selection = None
None
    Total number of custom planarities: 0
  Custom parallelities:
Warning: Ignoring parallelity with empty atom selection.
    Total number of custom parallelities: 0
  Custom bonds:
    Warning: Ignoring bond with distance_ideal = None:
      atom_selection_1 = None
      atom_selection_2 = None
    Total number of added/changed bonds: 0
  Custom angles:
    Warning: Ignoring angle with angle_ideal = None:
      atom_selection_1 = None
      atom_selection_2 = None
      atom_selection_3 = None
    Total number of new custom angles: 0
    Total number of changed angles: 0
  Custom dihedrals:
    Warning: Ignoring dihedral with angle_ideal = None:
      atom_selection_1 = None
      atom_selection_2 = None
      atom_selection_3 = None
      atom_selection_4 = None
    Total number of custom dihedrals: 0
  Custom planarities:
    Warning: Ignoring planarity with with sigma <= 0:
      atom_selection = None
None
    Total number of custom planarities: 0
  Custom parallelities:
Warning: Ignoring parallelity with empty atom selection.
    Total number of custom parallelities: 0

  Automatic linking
    Parameters for automatic linking
      Linking & cutoffs
        Metal                : False - 3.50
        Amimo acid           : False - 1.90
        Carbohydrate         : True  - 1.99
        Ligands              : True  - 1.99
        Small molecules      : False - 1.98
        Amino acid - RNA/DNA : False
      
  Number of custom bonds: simple=1, symmetry=0
  Number of additional bonds: simple=1, symmetry=0
  Coordination:
  Other bonds:
  Time building additional restraints: 0.15
  Switching to conformation-dependent library
  Conformation dependent library (CDL) restraints added in 13.4 milliseconds
  
  Adding C-beta torsion restraints...
  Number of C-beta restraints generated:  104

  Time building geometry restraints manager: 0.17 seconds

  NOTE: a complete listing of the restraints can be obtained by requesting
        output of .geo file.

  Histogram of bond lengths:
        0.84 -     1.03: 417
        1.03 -     1.23: 6
        1.23 -     1.42: 178
        1.42 -     1.61: 256
        1.61 -     1.81: 3
  Bond restraints: 860
  Sorted by residual:
  bond pdb=" C   GLU A  56 "
       pdb=" O   GLU A  56 "
    ideal  model  delta    sigma   weight residual
    1.231  1.288 -0.057 2.00e-02 2.50e+03 8.12e+00
  bond pdb=" CD2 PHE A  52 "
       pdb=" CE2 PHE A  52 "
    ideal  model  delta    sigma   weight residual
    1.382  1.304  0.078 3.00e-02 1.11e+03 6.68e+00
  bond pdb=" CG  GLU A  56 "
       pdb=" CD  GLU A  56 "
    ideal  model  delta    sigma   weight residual
    1.516  1.579 -0.063 2.50e-02 1.60e+03 6.35e+00
  bond pdb=" CB  PHE A  30 "
       pdb=" CG  PHE A  30 "
    ideal  model  delta    sigma   weight residual
    1.502  1.553 -0.051 2.30e-02 1.89e+03 4.90e+00
  bond pdb=" CG  GLU A  19 "
       pdb=" CD  GLU A  19 "
    ideal  model  delta    sigma   weight residual
    1.516  1.571 -0.055 2.50e-02 1.60e+03 4.80e+00
  ... (remaining 855 not shown)

  Histogram of bond angle deviations from ideal:
      101.89 -   108.33: 251
      108.33 -   114.78: 819
      114.78 -   121.22: 290
      121.22 -   127.66: 186
      127.66 -   134.10: 3
  Bond angle restraints: 1549
  Sorted by residual:
  angle pdb=" CB  GLU A  56 "
        pdb=" CG  GLU A  56 "
        pdb=" CD  GLU A  56 "
      ideal   model   delta    sigma   weight residual
     112.60  107.16    5.44 1.70e+00 3.46e-01 1.02e+01
  angle pdb=" N   THR A  11 "
        pdb=" CA  THR A  11 "
        pdb=" C   THR A  11 "
      ideal   model   delta    sigma   weight residual
     114.56  110.91    3.65 1.27e+00 6.20e-01 8.27e+00
  angle pdb=" CA  THR A  11 "
        pdb=" C   THR A  11 "
        pdb=" O   THR A  11 "
      ideal   model   delta    sigma   weight residual
     118.55  121.82   -3.27 1.14e+00 7.69e-01 8.25e+00
  angle pdb=" N   ASP A  40 "
        pdb=" CA  ASP A  40 "
        pdb=" C   ASP A  40 "
      ideal   model   delta    sigma   weight residual
     108.34  104.03    4.31 1.64e+00 3.72e-01 6.92e+00
  angle pdb=" OG1 THR A  18 "
        pdb=" CB  THR A  18 "
        pdb=" CG2 THR A  18 "
      ideal   model   delta    sigma   weight residual
     109.30  114.50   -5.20 2.00e+00 2.50e-01 6.77e+00
  ... (remaining 1544 not shown)

  Histogram of dihedral angle deviations from ideal:
        0.00 -    15.85: 302
       15.85 -    31.70: 28
       31.70 -    47.54: 8
       47.54 -    63.39: 4
       63.39 -    79.24: 2
  Dihedral angle restraints: 344
    sinusoidal: 154
      harmonic: 190
  Sorted by residual:
  dihedral pdb=" CA  THR A  51 "
           pdb=" C   THR A  51 "
           pdb=" N   PHE A  52 "
           pdb=" CA  PHE A  52 "
      ideal   model   delta  harmonic     sigma   weight residual
     180.00  161.85   18.15     0      5.00e+00 4.00e-02 1.32e+01
  dihedral pdb=" CA  LYS A  28 "
           pdb=" CB  LYS A  28 "
           pdb=" CG  LYS A  28 "
           pdb=" CD  LYS A  28 "
      ideal   model   delta sinusoidal    sigma   weight residual
     180.00  125.06   54.94     3      1.50e+01 4.44e-03 9.32e+00
  dihedral pdb=" CA  LYS A  31 "
           pdb=" CB  LYS A  31 "
           pdb=" CG  LYS A  31 "
           pdb=" CD  LYS A  31 "
      ideal   model   delta sinusoidal    sigma   weight residual
     -60.00 -108.82   48.82     3      1.50e+01 4.44e-03 8.69e+00
  ... (remaining 341 not shown)

  Histogram of chiral volume deviations from ideal:
       0.003 -    0.046: 41
       0.046 -    0.089: 19
       0.089 -    0.132: 7
       0.132 -    0.174: 1
       0.174 -    0.217: 1
  Chirality restraints: 69
  Sorted by residual:
  chirality pdb=" CG  LEU A   5 "
            pdb=" CB  LEU A   5 "
            pdb=" CD1 LEU A   5 "
            pdb=" CD2 LEU A   5 "
    both_signs  ideal   model   delta    sigma   weight residual
      False     -2.59   -2.81    0.22 2.00e-01 2.50e+01 1.18e+00
  chirality pdb=" CA  VAL A  29 "
            pdb=" N   VAL A  29 "
            pdb=" C   VAL A  29 "
            pdb=" CB  VAL A  29 "
    both_signs  ideal   model   delta    sigma   weight residual
      False      2.44    2.58   -0.13 2.00e-01 2.50e+01 4.54e-01
  chirality pdb=" CA  VAL A  39 "
            pdb=" N   VAL A  39 "
            pdb=" C   VAL A  39 "
            pdb=" CB  VAL A  39 "
    both_signs  ideal   model   delta    sigma   weight residual
      False      2.44    2.56   -0.12 2.00e-01 2.50e+01 3.64e-01
  ... (remaining 66 not shown)

  Planarity restraints: 132
  Sorted by residual:
                                 delta    sigma   weight rms_deltas residual
  plane pdb=" CB  PHE A  52 "    0.025 2.00e-02 2.50e+03   2.98e-02 2.66e+01
        pdb=" CG  PHE A  52 "   -0.015 2.00e-02 2.50e+03
        pdb=" CD1 PHE A  52 "    0.008 2.00e-02 2.50e+03
        pdb=" CD2 PHE A  52 "   -0.022 2.00e-02 2.50e+03
        pdb=" CE1 PHE A  52 "   -0.014 2.00e-02 2.50e+03
        pdb=" CE2 PHE A  52 "    0.015 2.00e-02 2.50e+03
        pdb=" CZ  PHE A  52 "    0.003 2.00e-02 2.50e+03
        pdb=" HD1 PHE A  52 "    0.039 2.00e-02 2.50e+03
        pdb=" HD2 PHE A  52 "   -0.054 2.00e-02 2.50e+03
        pdb=" HE1 PHE A  52 "   -0.041 2.00e-02 2.50e+03
        pdb=" HE2 PHE A  52 "    0.052 2.00e-02 2.50e+03
        pdb=" HZ  PHE A  52 "    0.004 2.00e-02 2.50e+03
                                 delta    sigma   weight rms_deltas residual
  plane pdb=" CB  TYR A   3 "   -0.016 2.00e-02 2.50e+03   2.43e-02 1.77e+01
        pdb=" CG  TYR A   3 "    0.005 2.00e-02 2.50e+03
        pdb=" CD1 TYR A   3 "   -0.008 2.00e-02 2.50e+03
        pdb=" CD2 TYR A   3 "    0.016 2.00e-02 2.50e+03
        pdb=" CE1 TYR A   3 "    0.012 2.00e-02 2.50e+03
        pdb=" CE2 TYR A   3 "   -0.012 2.00e-02 2.50e+03
        pdb=" CZ  TYR A   3 "   -0.023 2.00e-02 2.50e+03
        pdb=" OH  TYR A   3 "   -0.007 2.00e-02 2.50e+03
        pdb=" HD1 TYR A   3 "   -0.032 2.00e-02 2.50e+03
        pdb=" HD2 TYR A   3 "    0.041 2.00e-02 2.50e+03
        pdb=" HE1 TYR A   3 "    0.048 2.00e-02 2.50e+03
        pdb=" HE2 TYR A   3 "   -0.024 2.00e-02 2.50e+03
                                 delta    sigma   weight rms_deltas residual
  plane pdb=" CB  TYR A  33 "    0.001 2.00e-02 2.50e+03   2.20e-02 1.46e+01
        pdb=" CG  TYR A  33 "   -0.005 2.00e-02 2.50e+03
        pdb=" CD1 TYR A  33 "   -0.013 2.00e-02 2.50e+03
        pdb=" CD2 TYR A  33 "    0.009 2.00e-02 2.50e+03
        pdb=" CE1 TYR A  33 "    0.016 2.00e-02 2.50e+03
        pdb=" CE2 TYR A  33 "   -0.006 2.00e-02 2.50e+03
        pdb=" CZ  TYR A  33 "   -0.008 2.00e-02 2.50e+03
        pdb=" OH  TYR A  33 "   -0.019 2.00e-02 2.50e+03
        pdb=" HD1 TYR A  33 "   -0.037 2.00e-02 2.50e+03
        pdb=" HD2 TYR A  33 "    0.027 2.00e-02 2.50e+03
        pdb=" HE1 TYR A  33 "    0.050 2.00e-02 2.50e+03
        pdb=" HE2 TYR A  33 "   -0.015 2.00e-02 2.50e+03
  ... (remaining 129 not shown)

  Histogram of nonbonded interaction distances:
        0.93 -     1.66: 41
        1.66 -     2.40: 438
        2.40 -     3.13: 2778
        3.13 -     3.87: 3963
        3.87 -     4.60: 6504
  Warning: very small nonbonded interaction distances.
  Nonbonded interactions: 13724
  Sorted by model distance:
  nonbonded pdb=" C2  MTN A 101 "
            pdb=" H2  MTN A 101 "
     model   vdw
     0.931 1.000
  nonbonded pdb=" C9  MTN A 101 "
            pdb=" H92 MTN A 101 "
     model   vdw
     0.969 1.000
  nonbonded pdb=" C7  MTN A 101 "
            pdb=" H71 MTN A 101 "
     model   vdw
     0.969 1.000
  nonbonded pdb=" C6  MTN A 101 "
            pdb=" H63 MTN A 101 "
     model   vdw
     0.970 1.000
  nonbonded pdb=" C7  MTN A 101 "
            pdb=" H73 MTN A 101 "
     model   vdw
     0.970 1.000
  ... (remaining 13719 not shown)

  NOTE: a complete listing of the restraints can be obtained by requesting
        output of .geo file.

End of input processing

  Symmetric amino acids flipped
    None
  Time to flip residues: 0.00s

  Monomer Library directory:
    "/home/liuyoujia/phenix-1.19rc3-4024/modules/chem_data/mon_lib"
  Total number of atoms: 896
  Number of models: 1
  Model: ""
    Number of chains: 2
    Chain: "A"
      Number of atoms: 854
      Number of conformers: 1
      Conformer: ""
        Number of residues, atoms: 56, 854
          Classifications: {'peptide': 56}
          Modifications used: {'COO': 1, 'NH3': 1}
          Link IDs: {'TRANS': 55}
    Chain: "A"
      Number of atoms: 42
      Number of conformers: 1
      Conformer: ""
        Number of residues, atoms: 16, 15
          Unknown residues: {'MTN': 1}
          Classifications: {'water': 15}
          Link IDs: {None: 14}
          Chain breaks: 1
  Number of atoms with unknown nonbonded energy type symbols: 27
    "HETATM  855  C1  MTN A 101 .*.     C  "
    "HETATM  856  C2  MTN A 101 .*.     C  "
    "HETATM  857  C3  MTN A 101 .*.     C  "
    "HETATM  858  C4  MTN A 101 .*.     C  "
    "HETATM  859  C5  MTN A 101 .*.     C  "
    "HETATM  860  C6  MTN A 101 .*.     C  "
    "HETATM  861  C7  MTN A 101 .*.     C  "
    "HETATM  862  C8  MTN A 101 .*.     C  "
    "HETATM  863  C9  MTN A 101 .*.     C  "
    "HETATM  864  N1  MTN A 101 .*.     N  "
    ... (remaining 17 not shown)
  Time building chain proxies: 0.15, per 1000 atoms: 0.17
  Number of scatterers: 896
  At special positions: 0
  Unit cell: (24.979, 37.507, 26.35, 90, 108.24, 90)
  Space group: P 1 21 1 (No. 4)
  Number of sites at special positions: 0
  Number of scattering types: 5
    Type Number    sf(0)
     S       3     16.00
     O     110      8.00
     N      69      7.00
     C     282      6.00
     H     432      1.00
    sf(0) = scattering factor at diffraction angle 0.


=============================== Model properties ==============================

  Overall:
    Number of atoms = 464  (anisotropic = 0)
    B_iso: mean =  43.8  max =  77.6  min =  21.5
  (Hydrogen atoms not included in overall counts.)

============================= Geometry restraints =============================


                        ----------Bond lengths----------                       

  All restrained atoms within 4.0 sigma of ideal values.

  Min. delta:    0.000 (Z=  0.000)
  Max. delta:    0.078 (Z=  2.850)
  Mean delta:    0.016 (Z=  0.765)

                        ----------Bond angles----------                        

  All restrained atoms within 4.0 sigma of ideal values.

  Min. delta:    0.002 (Z=  0.001)
  Max. delta:    5.441 (Z=  3.201)
  Mean delta:    1.509 (Z=  0.867)

                      ----------Dihedral angles----------                      

  All restrained atoms within 4.0 sigma of ideal values.

  Min. delta:    0.033
  Max. delta:   79.239
  Mean delta:   18.006

                       ----------Chiral volumes----------                      

  All restrained atoms within 4.0 sigma of ideal values.

  Min. delta:    0.003
  Max. delta:    0.217
  Mean delta:    0.060

                       ----------Planar groups----------                       

  All restrained atoms within 4.0 sigma of ideal values.

  Min. delta:    0.000
  Max. delta:    0.020
  Mean delta:    0.009

============================= Hydrogen validation =============================


                ----------H/D atoms in the input model----------               

  Total number of hydrogen atoms : 432
  Total number of deuterium atoms: 0
  Number of H atoms (protein)    : 417
  Number of D atoms (protein)    : 0
  Number of H atoms (water)      : 0
  Number of D atoms (water)      : 0
  Number of H atoms (other)      : 15
  Number of D atoms (other)      : 0

                      ----------Water molecules----------                      

  Number of water                            : 15
  Number of water with 0 H (or D)            : 15
  Number of water with 1 H (or D)            : 0
  Number of water with 2 H (or D)            : 0
  Number of water in alternative conformation: 0
  Number of water without oxygen atom        : 0

                    ----------MISSING H or D atoms----------                   

  CYS A  44  conformer  : HG 

============================ Molprobity validation ============================


  Geometry Restraints Library: GeoStd + Monomer Library + CDL v1.2
  Deviations from Ideal Values.
    Bond      :  0.016   0.078    443
    Angle     :  1.509   5.441    600
    Chirality :  0.060   0.217     69
    Planarity :  0.009   0.020     77
    Dihedral  : 18.006  79.239    157
    Min Nonbonded Distance : 1.246
  
  Molprobity Statistics.
    All-atom Clashscore : 9.08
    Ramachandran Plot:
      Outliers :  0.00 %
      Allowed  :  5.56 %
      Favored  : 94.44 %
    Rotamer Outliers :  2.17 %
    Cbeta Deviations :  0.00 %
    Peptide Plane:
      Cis-proline     : 0.00 %
      Cis-general     : 0.00 %
      Twisted Proline : 0.00 %
      Twisted General : 0.00 %
  
  Rama-Z (Ramachandran plot Z-score):
  Interpretation: bad |Rama-Z| > 3; suspicious 2 < |Rama-Z| < 3; good |Rama-Z| < 2.
  Scores for whole/helix/sheet/loop are scaled independently;
  therefore, the values are not related in a simple manner.
    whole: -2.95 (0.80), residues: 54
    helix: -2.80 (0.81), residues: 17
    sheet: -0.84 (0.76), residues: 25
    loop : -2.40 (1.20), residues: 12

                     ----------Asn/Gln/His flips----------                     

   A  35  ASN

=================================== Summary ===================================

  Ramachandran outliers =   0.00 %
                favored =  94.44 %
  Rotamer outliers      =   2.17 %
  C-beta deviations     =     0
  Clashscore            =   9.08
  RMS(bonds)            =   0.0155
  RMS(angles)           =   1.51
  MolProbity score      =   2.12
  Resolution            =   2.50
  R-work                =   0.1725
  R-free                =   0.2953
  Refinement program    = PHENIX

Results written to molprobity.out
Wrote script for Coot: molprobity_coot.py
