
============================== Collecting inputs ==============================


                   ----------Processing PDB file(s)----------                  


  Symmetric amino acids flipped
    None
  Time to flip residues: 0.00s

  Monomer Library directory:
    "/home/liuyoujia/phenix-1.19rc3-4024/modules/chem_data/mon_lib"
  Total number of atoms: 3748
  Number of models: 1
  Model: ""
    Number of chains: 2
    Chain: "A"
      Number of atoms: 3357
      Number of conformers: 2
      Conformer: "A"
        Number of residues, atoms: 164, 2635
          Classifications: {'peptide': 164}
          Modifications used: {'COO': 1, 'NH3': 1}
          Link IDs: {'PTRANS': 3, 'TRANS': 160}
      Conformer: "B"
        Number of residues, atoms: 164, 2636
          Classifications: {'peptide': 164}
          Modifications used: {'COO': 1, 'NH3': 1}
          Link IDs: {'PTRANS': 3, 'TRANS': 160}
          bond proxies already assigned to first conformer: 1902
    Chain: "A"
      Number of atoms: 391
      Number of conformers: 2
      Conformer: "A"
        Number of residues, atoms: 288, 300
          Unknown residues: {'MTN': 1}
          Unusual residues: {'  K': 1, 'AZI': 2, ' CL': 3, 'BME': 1}
          Classifications: {'undetermined': 7, 'water': 280}
          Link IDs: {None: 286}
          Chain breaks: 1
      Conformer: "B"
        Number of residues, atoms: 276, 286
          Unknown residues: {'MTN': 1}
          Unusual residues: {'AZI': 1, ' CL': 3, 'BME': 1}
          Classifications: {'undetermined': 5, 'water': 270}
          Link IDs: {None: 274}
          Chain breaks: 1
          bond proxies already assigned to first conformer: 2
  Residues with excluded nonbonded symmetry interactions: 92
    residue:
      pdb=" N  AMET A   1 " occ=0.61
      ... (36 atoms not shown)
      pdb=" HE3BMET A   1 " occ=0.39
    residue:
      pdb=" N  AGLU A   5 " occ=0.76
      ... (28 atoms not shown)
      pdb=" HG3BGLU A   5 " occ=0.24
    residue:
      pdb=" N  ALYS A  16 " occ=0.41
      ... (42 atoms not shown)
      pdb=" HZ3BLYS A  16 " occ=0.59
    residue:
      pdb=" N  ATYR A  18 " occ=0.55
      ... (39 atoms not shown)
      pdb=" HH BTYR A  18 " occ=0.45
    residue:
      pdb=" N  AGLU A  22 " occ=0.32
      ... (28 atoms not shown)
      pdb=" HG3BGLU A  22 " occ=0.68
    residue:
      pdb=" N  ALYS A  43 " occ=0.65
      ... (42 atoms not shown)
      pdb=" HZ3BLYS A  43 " occ=0.35
    residue:
      pdb=" N  AASN A  53 " occ=0.55
      ... (26 atoms not shown)
      pdb="HD22BASN A  53 " occ=0.45
    residue:
      pdb=" N  ATHR A  54 " occ=0.55
      ... (26 atoms not shown)
      pdb="HG23BTHR A  54 " occ=0.45
    residue:
      pdb=" N  AASN A  55 " occ=0.55
      ... (26 atoms not shown)
      pdb="HD22BASN A  55 " occ=0.45
    residue:
      pdb=" N  AGLY A  56 " occ=0.55
      ... (12 atoms not shown)
      pdb=" HA3BGLY A  56 " occ=0.45
    residue:
      pdb=" N  AVAL A  57 " occ=0.55
      ... (30 atoms not shown)
      pdb="HG23BVAL A  57 " occ=0.45
    residue:
      pdb=" N  ALYS A  65 " occ=0.63
      ... (42 atoms not shown)
      pdb=" HZ3BLYS A  65 " occ=0.37
    ... (remaining 80 not shown)
  Number of atoms with unknown nonbonded energy type symbols: 54
    "HETATM 3358  C1 AMTN A 201 .*.     C  "
    "HETATM 3359  C2 AMTN A 201 .*.     C  "
    "HETATM 3360  C3 AMTN A 201 .*.     C  "
    "HETATM 3361  C4 AMTN A 201 .*.     C  "
    "HETATM 3362  C5 AMTN A 201 .*.     C  "
    "HETATM 3363  C6 AMTN A 201 .*.     C  "
    "HETATM 3364  C7 AMTN A 201 .*.     C  "
    "HETATM 3365  C8 AMTN A 201 .*.     C  "
    "HETATM 3366  C9 AMTN A 201 .*.     C  "
    "HETATM 3367  N1 AMTN A 201 .*.     N  "
    ... (remaining 44 not shown)
  Time building chain proxies: 0.63, per 1000 atoms: 0.17
  Number of scatterers: 3748
  At special positions: 0
  Unit cell: (60.28, 60.28, 96.97, 90, 90, 120)
  Space group: P 32 2 1 (No. 154)
  Number of sites at special positions: 0
  Number of scattering types: 7
    Type Number    sf(0)
     K       1     19.00
     Cl      3     17.00
     S      13     16.00
     O     606      8.00
     N     313      7.00
     C    1047      6.00
     H    1765      1.00
    sf(0) = scattering factor at diffraction angle 0.

  Number of disulfides: simple=0, symmetry=0
  Custom bonds:
    Warning: Ignoring bond with distance_ideal = None:
      atom_selection_1 = None
      atom_selection_2 = None
    Total number of added/changed bonds: 0
  Custom angles:
    Warning: Ignoring angle with angle_ideal = None:
      atom_selection_1 = None
      atom_selection_2 = None
      atom_selection_3 = None
    Total number of new custom angles: 0
    Total number of changed angles: 0
  Custom dihedrals:
    Warning: Ignoring dihedral with angle_ideal = None:
      atom_selection_1 = None
      atom_selection_2 = None
      atom_selection_3 = None
      atom_selection_4 = None
    Total number of custom dihedrals: 0
  Custom planarities:
    Warning: Ignoring planarity with with sigma <= 0:
      atom_selection = None
None
    Total number of custom planarities: 0
  Custom parallelities:
Warning: Ignoring parallelity with empty atom selection.
    Total number of custom parallelities: 0
  Custom bonds:
    Warning: Ignoring bond with distance_ideal = None:
      atom_selection_1 = None
      atom_selection_2 = None
    Total number of added/changed bonds: 0
  Custom angles:
    Warning: Ignoring angle with angle_ideal = None:
      atom_selection_1 = None
      atom_selection_2 = None
      atom_selection_3 = None
    Total number of new custom angles: 0
    Total number of changed angles: 0
  Custom dihedrals:
    Warning: Ignoring dihedral with angle_ideal = None:
      atom_selection_1 = None
      atom_selection_2 = None
      atom_selection_3 = None
      atom_selection_4 = None
    Total number of custom dihedrals: 0
  Custom planarities:
    Warning: Ignoring planarity with with sigma <= 0:
      atom_selection = None
None
    Total number of custom planarities: 0
  Custom parallelities:
Warning: Ignoring parallelity with empty atom selection.
    Total number of custom parallelities: 0

  Automatic linking
    Parameters for automatic linking
      Linking & cutoffs
        Metal                : False - 3.50
        Amimo acid           : False - 1.90
        Carbohydrate         : True  - 1.99
        Ligands              : True  - 1.99
        Small molecules      : False - 1.98
        Amino acid - RNA/DNA : False
      
  Number of custom bonds: simple=2, symmetry=0
  Number of additional bonds: simple=2, symmetry=0
  Coordination:
  Other bonds:
  Time building additional restraints: 0.65
  Switching to conformation-dependent library
  Conformation dependent library (CDL) restraints added in 79.9 milliseconds
  
  Adding C-beta torsion restraints...
  Number of C-beta restraints generated:  384

  Time building geometry restraints manager: 0.72 seconds

  NOTE: a complete listing of the restraints can be obtained by requesting
        output of .geo file.

  Histogram of bond lengths:
        0.84 -     1.04: 1733
        1.04 -     1.25: 237
        1.25 -     1.45: 480
        1.45 -     1.65: 963
        1.65 -     1.85: 18
  Bond restraints: 3431
  Sorted by residual:
  bond pdb=" N1 AAZI A 207 "
       pdb=" N2 AAZI A 207 "
    ideal  model  delta    sigma   weight residual
    1.160  1.103  0.057 2.00e-02 2.50e+03 8.14e+00
  bond pdb=" CB  GLN A 122 "
       pdb=" CG  GLN A 122 "
    ideal  model  delta    sigma   weight residual
    1.520  1.464  0.056 3.00e-02 1.11e+03 3.50e+00
  bond pdb=" N2 AAZI A 207 "
       pdb=" N3 AAZI A 207 "
    ideal  model  delta    sigma   weight residual
    1.160  1.196 -0.036 2.00e-02 2.50e+03 3.26e+00
  bond pdb=" CB ACYS A 118 "
       pdb=" SG ACYS A 118 "
    ideal  model  delta    sigma   weight residual
    1.808  1.752  0.056 3.30e-02 9.18e+02 2.90e+00
  bond pdb=" CB ATYR A 139 "
       pdb=" CG ATYR A 139 "
    ideal  model  delta    sigma   weight residual
    1.512  1.478  0.034 2.20e-02 2.07e+03 2.38e+00
  ... (remaining 3426 not shown)

  Histogram of bond angle deviations from ideal:
       97.21 -   113.65: 4105
      113.65 -   130.10: 2125
      130.10 -   146.54: 6
      146.54 -   162.99: 0
      162.99 -   179.43: 2
  Bond angle restraints: 6238
  Sorted by residual:
  angle pdb=" CD  ARG A 145 "
        pdb=" NE  ARG A 145 "
        pdb=" CZ  ARG A 145 "
      ideal   model   delta    sigma   weight residual
     124.40  119.64    4.76 1.40e+00 5.10e-01 1.15e+01
  angle pdb=" CA  THR A  26 "
        pdb=" CB  THR A  26 "
        pdb=" CG2 THR A  26 "
      ideal   model   delta    sigma   weight residual
     110.50  115.52   -5.02 1.70e+00 3.46e-01 8.71e+00
  angle pdb=" C   TYR A  25 "
        pdb=" N   THR A  26 "
        pdb=" CA  THR A  26 "
      ideal   model   delta    sigma   weight residual
     121.75  126.68   -4.93 1.73e+00 3.34e-01 8.12e+00
  angle pdb=" N  BLYS A 162 "
        pdb=" CA BLYS A 162 "
        pdb=" C  BLYS A 162 "
      ideal   model   delta    sigma   weight residual
     109.96  105.96    4.00 1.50e+00 4.44e-01 7.11e+00
  angle pdb=" C   ALA A  82 "
        pdb=" N  ALYS A  83 "
        pdb=" CA ALYS A  83 "
      ideal   model   delta    sigma   weight residual
     120.29  116.76    3.53 1.42e+00 4.96e-01 6.19e+00
  ... (remaining 6233 not shown)

  Histogram of dihedral angle deviations from ideal:
        0.00 -    11.80: 1220
       11.80 -    23.60: 120
       23.60 -    35.39: 20
       35.39 -    47.19: 12
       47.19 -    58.99: 6
  Dihedral angle restraints: 1378
    sinusoidal: 678
      harmonic: 700
  Sorted by residual:
  dihedral pdb=" CA AARG A 125 "
           pdb=" C   ARG A 125 "
           pdb=" N   TRP A 126 "
           pdb=" CA  TRP A 126 "
      ideal   model   delta  harmonic     sigma   weight residual
    -180.00 -161.86  -18.14     0      5.00e+00 4.00e-02 1.32e+01
  dihedral pdb=" CA BARG A 125 "
           pdb=" C   ARG A 125 "
           pdb=" N   TRP A 126 "
           pdb=" CA  TRP A 126 "
      ideal   model   delta  harmonic     sigma   weight residual
    -180.00 -162.21  -17.79     0      5.00e+00 4.00e-02 1.27e+01
  dihedral pdb=" CA  ASP A  92 "
           pdb=" CB  ASP A  92 "
           pdb=" CG  ASP A  92 "
           pdb=" OD1 ASP A  92 "
      ideal   model   delta sinusoidal    sigma   weight residual
     -30.00  -87.26   57.26     1      2.00e+01 2.50e-03 1.10e+01
  ... (remaining 1375 not shown)

  Histogram of chiral volume deviations from ideal:
       0.000 -    0.052: 143
       0.052 -    0.104: 69
       0.104 -    0.157: 21
       0.157 -    0.209: 9
       0.209 -    0.261: 2
  Chirality restraints: 244
  Sorted by residual:
  chirality pdb=" CA  PHE A 114 "
            pdb=" N   PHE A 114 "
            pdb=" C   PHE A 114 "
            pdb=" CB  PHE A 114 "
    both_signs  ideal   model   delta    sigma   weight residual
      False      2.51    2.25    0.26 2.00e-01 2.50e+01 1.70e+00
  chirality pdb=" CA BLYS A 124 "
            pdb=" N   LYS A 124 "
            pdb=" C   LYS A 124 "
            pdb=" CB BLYS A 124 "
    both_signs  ideal   model   delta    sigma   weight residual
      False      2.51    2.29    0.22 2.00e-01 2.50e+01 1.25e+00
  chirality pdb=" CA ALYS A 124 "
            pdb=" N   LYS A 124 "
            pdb=" C   LYS A 124 "
            pdb=" CB ALYS A 124 "
    both_signs  ideal   model   delta    sigma   weight residual
      False      2.51    2.31    0.20 2.00e-01 2.50e+01 1.02e+00
  ... (remaining 241 not shown)

  Planarity restraints: 531
  Sorted by residual:
                                 delta    sigma   weight rms_deltas residual
  plane pdb=" CA  TYR A 161 "    0.037 2.00e-02 2.50e+03   7.38e-02 5.45e+01
        pdb=" C   TYR A 161 "   -0.128 2.00e-02 2.50e+03
        pdb=" O   TYR A 161 "    0.048 2.00e-02 2.50e+03
        pdb=" N  ALYS A 162 "    0.043 2.00e-02 2.50e+03
                                 delta    sigma   weight rms_deltas residual
  plane pdb=" CA  TYR A 161 "   -0.035 2.00e-02 2.50e+03   6.93e-02 4.80e+01
        pdb=" C   TYR A 161 "    0.120 2.00e-02 2.50e+03
        pdb=" O   TYR A 161 "   -0.045 2.00e-02 2.50e+03
        pdb=" N  BLYS A 162 "   -0.041 2.00e-02 2.50e+03
                                 delta    sigma   weight rms_deltas residual
  plane pdb=" CB  TRP A 138 "   -0.061 2.00e-02 2.50e+03   2.82e-02 3.18e+01
        pdb=" CG  TRP A 138 "    0.014 2.00e-02 2.50e+03
        pdb=" CD1 TRP A 138 "    0.007 2.00e-02 2.50e+03
        pdb=" CD2 TRP A 138 "    0.011 2.00e-02 2.50e+03
        pdb=" NE1 TRP A 138 "    0.026 2.00e-02 2.50e+03
        pdb=" CE2 TRP A 138 "    0.001 2.00e-02 2.50e+03
        pdb=" CE3 TRP A 138 "    0.010 2.00e-02 2.50e+03
        pdb=" CZ2 TRP A 138 "   -0.028 2.00e-02 2.50e+03
        pdb=" CZ3 TRP A 138 "    0.011 2.00e-02 2.50e+03
        pdb=" CH2 TRP A 138 "   -0.005 2.00e-02 2.50e+03
        pdb=" HD1 TRP A 138 "   -0.008 2.00e-02 2.50e+03
        pdb=" HE1 TRP A 138 "    0.049 2.00e-02 2.50e+03
        pdb=" HE3 TRP A 138 "    0.008 2.00e-02 2.50e+03
        pdb=" HZ2 TRP A 138 "   -0.062 2.00e-02 2.50e+03
        pdb=" HZ3 TRP A 138 "    0.024 2.00e-02 2.50e+03
        pdb=" HH2 TRP A 138 "    0.000 2.00e-02 2.50e+03
  ... (remaining 528 not shown)

  Histogram of nonbonded interaction distances:
        0.93 -     2.04: 195
        2.04 -     3.16: 15139
        3.16 -     4.27: 33079
        4.27 -     5.39: 62802
        5.39 -     6.50: 89595
  Warning: very small nonbonded interaction distances.
  Nonbonded interactions: 200810
  Sorted by model distance:
  nonbonded pdb=" C2 AMTN A 201 "
            pdb=" H2 AMTN A 201 "
     model   vdw
     0.930 1.000
  nonbonded pdb=" C2 BMTN A 201 "
            pdb=" H2 BMTN A 201 "
     model   vdw
     0.931 1.000
  nonbonded pdb=" C8 BMTN A 201 "
            pdb=" H82BMTN A 201 "
     model   vdw
     0.969 1.000
  nonbonded pdb=" C6 AMTN A 201 "
            pdb=" H62AMTN A 201 "
     model   vdw
     0.969 1.000
  nonbonded pdb=" C7 BMTN A 201 "
            pdb=" H71BMTN A 201 "
     model   vdw
     0.970 1.000
  ... (remaining 200805 not shown)

  NOTE: a complete listing of the restraints can be obtained by requesting
        output of .geo file.

End of input processing

  Symmetric amino acids flipped
    None
  Time to flip residues: 0.00s

  Monomer Library directory:
    "/home/liuyoujia/phenix-1.19rc3-4024/modules/chem_data/mon_lib"
  Total number of atoms: 3748
  Number of models: 1
  Model: ""
    Number of chains: 2
    Chain: "A"
      Number of atoms: 3357
      Number of conformers: 2
      Conformer: "A"
        Number of residues, atoms: 164, 2635
          Classifications: {'peptide': 164}
          Modifications used: {'COO': 1, 'NH3': 1}
          Link IDs: {'PTRANS': 3, 'TRANS': 160}
      Conformer: "B"
        Number of residues, atoms: 164, 2636
          Classifications: {'peptide': 164}
          Modifications used: {'COO': 1, 'NH3': 1}
          Link IDs: {'PTRANS': 3, 'TRANS': 160}
          bond proxies already assigned to first conformer: 1902
    Chain: "A"
      Number of atoms: 391
      Number of conformers: 2
      Conformer: "A"
        Number of residues, atoms: 288, 300
          Unknown residues: {'MTN': 1}
          Unusual residues: {'  K': 1, 'AZI': 2, ' CL': 3, 'BME': 1}
          Classifications: {'undetermined': 7, 'water': 280}
          Link IDs: {None: 286}
          Chain breaks: 1
      Conformer: "B"
        Number of residues, atoms: 276, 286
          Unknown residues: {'MTN': 1}
          Unusual residues: {'AZI': 1, ' CL': 3, 'BME': 1}
          Classifications: {'undetermined': 5, 'water': 270}
          Link IDs: {None: 274}
          Chain breaks: 1
          bond proxies already assigned to first conformer: 2
  Residues with excluded nonbonded symmetry interactions: 92
    residue:
      pdb=" N  AMET A   1 " occ=0.61
      ... (36 atoms not shown)
      pdb=" HE3BMET A   1 " occ=0.39
    residue:
      pdb=" N  AGLU A   5 " occ=0.76
      ... (28 atoms not shown)
      pdb=" HG3BGLU A   5 " occ=0.24
    residue:
      pdb=" N  ALYS A  16 " occ=0.41
      ... (42 atoms not shown)
      pdb=" HZ3BLYS A  16 " occ=0.59
    residue:
      pdb=" N  ATYR A  18 " occ=0.55
      ... (39 atoms not shown)
      pdb=" HH BTYR A  18 " occ=0.45
    residue:
      pdb=" N  AGLU A  22 " occ=0.32
      ... (28 atoms not shown)
      pdb=" HG3BGLU A  22 " occ=0.68
    residue:
      pdb=" N  ALYS A  43 " occ=0.65
      ... (42 atoms not shown)
      pdb=" HZ3BLYS A  43 " occ=0.35
    residue:
      pdb=" N  AASN A  53 " occ=0.55
      ... (26 atoms not shown)
      pdb="HD22BASN A  53 " occ=0.45
    residue:
      pdb=" N  ATHR A  54 " occ=0.55
      ... (26 atoms not shown)
      pdb="HG23BTHR A  54 " occ=0.45
    residue:
      pdb=" N  AASN A  55 " occ=0.55
      ... (26 atoms not shown)
      pdb="HD22BASN A  55 " occ=0.45
    residue:
      pdb=" N  AGLY A  56 " occ=0.55
      ... (12 atoms not shown)
      pdb=" HA3BGLY A  56 " occ=0.45
    residue:
      pdb=" N  AVAL A  57 " occ=0.55
      ... (30 atoms not shown)
      pdb="HG23BVAL A  57 " occ=0.45
    residue:
      pdb=" N  ALYS A  65 " occ=0.63
      ... (42 atoms not shown)
      pdb=" HZ3BLYS A  65 " occ=0.37
    ... (remaining 80 not shown)
  Number of atoms with unknown nonbonded energy type symbols: 54
    "HETATM 3358  C1 AMTN A 201 .*.     C  "
    "HETATM 3359  C2 AMTN A 201 .*.     C  "
    "HETATM 3360  C3 AMTN A 201 .*.     C  "
    "HETATM 3361  C4 AMTN A 201 .*.     C  "
    "HETATM 3362  C5 AMTN A 201 .*.     C  "
    "HETATM 3363  C6 AMTN A 201 .*.     C  "
    "HETATM 3364  C7 AMTN A 201 .*.     C  "
    "HETATM 3365  C8 AMTN A 201 .*.     C  "
    "HETATM 3366  C9 AMTN A 201 .*.     C  "
    "HETATM 3367  N1 AMTN A 201 .*.     N  "
    ... (remaining 44 not shown)
  Time building chain proxies: 0.64, per 1000 atoms: 0.17
  Number of scatterers: 3748
  At special positions: 0
  Unit cell: (60.28, 60.28, 96.97, 90, 90, 120)
  Space group: P 32 2 1 (No. 154)
  Number of sites at special positions: 0
  Number of scattering types: 7
    Type Number    sf(0)
     K       1     19.00
     Cl      3     17.00
     S      13     16.00
     O     606      8.00
     N     313      7.00
     C    1047      6.00
     H    1765      1.00
    sf(0) = scattering factor at diffraction angle 0.


=============================== Model properties ==============================

  Overall:
    Number of atoms = 1983  (anisotropic = 1983)
    B_iso: mean =  12.8  max =  56.4  min =   5.3
    Occupancy: mean = 0.81  max = 1.00  min = 0.23
    64 total B-factor or occupancy problem(s) detected
  (Hydrogen atoms not included in overall counts.)

============================= Geometry restraints =============================


                        ----------Bond lengths----------                       

  All restrained atoms within 4.0 sigma of ideal values.

  Min. delta:    0.000 (Z=  0.000)
  Max. delta:    0.057 (Z=  3.768)
  Mean delta:    0.007 (Z=  0.421)

                        ----------Bond angles----------                        

  All restrained atoms within 4.0 sigma of ideal values.

  Min. delta:    0.000 (Z=  0.000)
  Max. delta:    6.218 (Z=  3.397)
  Mean delta:    1.044 (Z=  0.613)

                      ----------Dihedral angles----------                      

  All restrained atoms within 4.0 sigma of ideal values.

  Min. delta:    0.009
  Max. delta:   58.989
  Mean delta:   11.525

                       ----------Chiral volumes----------                      

  All restrained atoms within 4.0 sigma of ideal values.

  Min. delta:    0.000
  Max. delta:    0.261
  Mean delta:    0.071

                       ----------Planar groups----------                       

  atoms                 rms_deltas   delta_max    residual   deviation
   A 161  TYR  CA     
   A 161  TYR  C      
   A 161  TYR  O      
   A 162 BLYS  N             0.069       0.120       47.99   6.0*sigma

  Min. delta:    0.000
  Max. delta:    0.074
  Mean delta:    0.012

============================= Hydrogen validation =============================


                ----------H/D atoms in the input model----------               

  Total number of hydrogen atoms : 1765
  Total number of deuterium atoms: 0
  Number of H atoms (protein)    : 1723
  Number of D atoms (protein)    : 0
  Number of H atoms (water)      : 0
  Number of D atoms (water)      : 0
  Number of H atoms (other)      : 42
  Number of D atoms (other)      : 0

                      ----------Water molecules----------                      

  Number of water                            : 299
  Number of water with 0 H (or D)            : 243
  Number of water with 1 H (or D)            : 0
  Number of water with 2 H (or D)            : 0
  Number of water in alternative conformation: 56
  Number of water without oxygen atom        : 0

                    ----------MISSING H or D atoms----------                   

  TYR A  18  conformer A : HH 
  HIS A  31  conformer  : HE2 
  CYS A 118  conformer A, B : HG 

============================ Molprobity validation ============================


  Geometry Restraints Library: GeoStd + Monomer Library + CDL v1.2
  Deviations from Ideal Values.
    Bond      :  0.007   0.057   1696
    Angle     :  1.044   6.218   2313
    Chirality :  0.071   0.261    244
    Planarity :  0.012   0.074    313
    Dihedral  : 11.525  58.989    691
    Min Nonbonded Distance : 1.265
  
  Molprobity Statistics.
    All-atom Clashscore : 1.16
    Ramachandran Plot:
      Outliers :  0.00 %
      Allowed  :  1.85 %
      Favored  : 98.15 %
    Rotamer Outliers :  0.57 %
    Cbeta Deviations :  0.00 %
    Peptide Plane:
      Cis-proline     : 0.00 %
      Cis-general     : 0.00 %
      Twisted Proline : 0.00 %
      Twisted General : 0.00 %
  
  Rama-Z (Ramachandran plot Z-score):
  Interpretation: bad |Rama-Z| > 3; suspicious 2 < |Rama-Z| < 3; good |Rama-Z| < 2.
  Scores for whole/helix/sheet/loop are scaled independently;
  therefore, the values are not related in a simple manner.
    whole:  0.09 (0.51), residues: 238
    helix:  0.20 (0.37), residues: 162
    sheet:  None (None), residues: 0
    loop :  0.08 (0.72), residues: 76

                     ----------Asn/Gln/His flips----------                     

  No backwards Asn/Gln/His sidechains found.

=================================== Summary ===================================

  Ramachandran outliers =   0.00 %
                favored =  98.15 %
  Rotamer outliers      =   0.57 %
  C-beta deviations     =     0
  Clashscore            =   1.16
  RMS(bonds)            =   0.0075
  RMS(angles)           =   1.04
  MolProbity score      =   0.83
  Resolution            =   1.00
  R-work                =   0.1175
  R-free                =   0.1311
  Refinement program    = PHENIX

Results written to molprobity.out
Wrote script for Coot: molprobity_coot.py
