
============================== Collecting inputs ==============================


                   ----------Processing PDB file(s)----------                  


  Symmetric amino acids flipped
    None
  Time to flip residues: 0.00s

  Monomer Library directory:
    "/home/liuyoujia/phenix-1.19rc3-4024/modules/chem_data/mon_lib"
  Total number of atoms: 1008
  Number of models: 1
  Model: ""
    Number of chains: 2
    Chain: "A"
      Number of atoms: 858
      Number of conformers: 2
      Conformer: "A"
        Number of residues, atoms: 56, 842
          Classifications: {'peptide': 56}
          Modifications used: {'COO': 1, 'NH3': 1}
          Link IDs: {'TRANS': 55}
      Conformer: "B"
        Number of residues, atoms: 56, 842
          Classifications: {'peptide': 56}
          Modifications used: {'COO': 1, 'NH3': 1}
          Link IDs: {'TRANS': 55}
          bond proxies already assigned to first conformer: 829
    Chain: "A"
      Number of atoms: 150
      Number of conformers: 2
      Conformer: "A"
        Number of residues, atoms: 97, 96
          Unknown residues: {'MTN': 1}
          Classifications: {'water': 96}
          Link IDs: {None: 95}
          Chain breaks: 1
      Conformer: "B"
        Number of residues, atoms: 97, 96
          Unknown residues: {'MTN': 1}
          Classifications: {'water': 96}
          Link IDs: {None: 95}
          Chain breaks: 1
  Residues with excluded nonbonded symmetry interactions: 1
    residue:
      pdb=" C1 AMTN A 101 " occ=0.50
      ... (52 atoms not shown)
      pdb=" H93BMTN A 101 " occ=0.50
  Number of atoms with unknown nonbonded energy type symbols: 54
    "HETATM  859  C1 AMTN A 101 .*.     C  "
    "HETATM  860  C2 AMTN A 101 .*.     C  "
    "HETATM  861  C3 AMTN A 101 .*.     C  "
    "HETATM  862  C4 AMTN A 101 .*.     C  "
    "HETATM  863  C5 AMTN A 101 .*.     C  "
    "HETATM  864  C6 AMTN A 101 .*.     C  "
    "HETATM  865  C7 AMTN A 101 .*.     C  "
    "HETATM  866  C8 AMTN A 101 .*.     C  "
    "HETATM  867  C9 AMTN A 101 .*.     C  "
    "HETATM  868  N1 AMTN A 101 .*.     N  "
    ... (remaining 44 not shown)
  Time building chain proxies: 0.24, per 1000 atoms: 0.24
  Number of scatterers: 1008
  At special positions: 0
  Unit cell: (25.037, 37.194, 49.217, 90, 90, 90)
  Space group: P 21 21 21 (No. 19)
  Number of sites at special positions: 0
  Number of scattering types: 5
    Type Number    sf(0)
     S       5     16.00
     O     194      8.00
     N      70      7.00
     C     297      6.00
     H     442      1.00
    sf(0) = scattering factor at diffraction angle 0.

  Number of disulfides: simple=0, symmetry=0
  Custom bonds:
    Warning: Ignoring bond with distance_ideal = None:
      atom_selection_1 = None
      atom_selection_2 = None
    Total number of added/changed bonds: 0
  Custom angles:
    Warning: Ignoring angle with angle_ideal = None:
      atom_selection_1 = None
      atom_selection_2 = None
      atom_selection_3 = None
    Total number of new custom angles: 0
    Total number of changed angles: 0
  Custom dihedrals:
    Warning: Ignoring dihedral with angle_ideal = None:
      atom_selection_1 = None
      atom_selection_2 = None
      atom_selection_3 = None
      atom_selection_4 = None
    Total number of custom dihedrals: 0
  Custom planarities:
    Warning: Ignoring planarity with with sigma <= 0:
      atom_selection = None
None
    Total number of custom planarities: 0
  Custom parallelities:
Warning: Ignoring parallelity with empty atom selection.
    Total number of custom parallelities: 0
  Custom bonds:
    Warning: Ignoring bond with distance_ideal = None:
      atom_selection_1 = None
      atom_selection_2 = None
    Total number of added/changed bonds: 0
  Custom angles:
    Warning: Ignoring angle with angle_ideal = None:
      atom_selection_1 = None
      atom_selection_2 = None
      atom_selection_3 = None
    Total number of new custom angles: 0
    Total number of changed angles: 0
  Custom dihedrals:
    Warning: Ignoring dihedral with angle_ideal = None:
      atom_selection_1 = None
      atom_selection_2 = None
      atom_selection_3 = None
      atom_selection_4 = None
    Total number of custom dihedrals: 0
  Custom planarities:
    Warning: Ignoring planarity with with sigma <= 0:
      atom_selection = None
None
    Total number of custom planarities: 0
  Custom parallelities:
Warning: Ignoring parallelity with empty atom selection.
    Total number of custom parallelities: 0

  Automatic linking
    Parameters for automatic linking
      Linking & cutoffs
        Metal                : False - 3.50
        Amimo acid           : False - 1.90
        Carbohydrate         : True  - 1.99
        Ligands              : True  - 1.99
        Small molecules      : False - 1.98
        Amino acid - RNA/DNA : False
      
  Number of custom bonds: simple=2, symmetry=0
  Number of additional bonds: simple=2, symmetry=0
  Coordination:
  Other bonds:
  Time building additional restraints: 0.19
  Adding C-beta torsion restraints...
  Number of C-beta restraints generated:  108

  Time building geometry restraints manager: 0.22 seconds

  NOTE: a complete listing of the restraints can be obtained by requesting
        output of .geo file.

  Histogram of bond lengths:
        0.86 -     1.05: 413
        1.05 -     1.23: 36
        1.23 -     1.42: 151
        1.42 -     1.61: 263
        1.61 -     1.80: 4
  Bond restraints: 867
  Sorted by residual:
  bond pdb=" CB BCYS A  44 "
       pdb=" SG BCYS A  44 "
    ideal  model  delta    sigma   weight residual
    1.808  1.709  0.099 3.30e-02 9.18e+02 9.01e+00
  bond pdb=" CG  LEU A  12 "
       pdb=" CD2 LEU A  12 "
    ideal  model  delta    sigma   weight residual
    1.521  1.445  0.076 3.30e-02 9.18e+02 5.35e+00
  bond pdb=" CB  LYS A  28 "
       pdb=" CG  LYS A  28 "
    ideal  model  delta    sigma   weight residual
    1.520  1.463  0.057 3.00e-02 1.11e+03 3.59e+00
  bond pdb=" CA  GLY A  14 "
       pdb=" C   GLY A  14 "
    ideal  model  delta    sigma   weight residual
    1.516  1.482  0.034 1.80e-02 3.09e+03 3.57e+00
  bond pdb=" CG  ASN A   8 "
       pdb=" ND2 ASN A   8 "
    ideal  model  delta    sigma   weight residual
    1.328  1.364 -0.036 2.10e-02 2.27e+03 2.99e+00
  ... (remaining 862 not shown)

  Histogram of bond angle deviations from ideal:
      102.24 -   108.56: 287
      108.56 -   114.87: 818
      114.87 -   121.18: 270
      121.18 -   127.50: 201
      127.50 -   133.81: 2
  Bond angle restraints: 1578
  Sorted by residual:
  angle pdb=" C   CYS A  44 "
        pdb=" CA BCYS A  44 "
        pdb=" CB BCYS A  44 "
      ideal   model   delta    sigma   weight residual
     110.10  104.12    5.98 1.90e+00 2.77e-01 9.92e+00
  angle pdb=" C   VAL A  21 "
        pdb=" CA  VAL A  21 "
        pdb=" CB  VAL A  21 "
      ideal   model   delta    sigma   weight residual
     111.40  106.60    4.80 1.90e+00 2.77e-01 6.38e+00
  angle pdb=" C   GLY A  41 "
        pdb=" N   GLU A  42 "
        pdb=" CA  GLU A  42 "
      ideal   model   delta    sigma   weight residual
     121.70  126.07   -4.37 1.80e+00 3.09e-01 5.89e+00
  angle pdb=" CA  GLU A  42 "
        pdb=" CB  GLU A  42 "
        pdb=" CG  GLU A  42 "
      ideal   model   delta    sigma   weight residual
     114.10  118.91   -4.81 2.00e+00 2.50e-01 5.79e+00
  angle pdb=" C   PHE A  52 "
        pdb=" CA  PHE A  52 "
        pdb=" CB  PHE A  52 "
      ideal   model   delta    sigma   weight residual
     110.10  105.59    4.51 1.90e+00 2.77e-01 5.63e+00
  ... (remaining 1573 not shown)

  Histogram of dihedral angle deviations from ideal:
        0.00 -    17.68: 320
       17.68 -    35.35: 18
       35.35 -    53.02: 2
       53.02 -    70.70: 1
       70.70 -    88.37: 3
  Dihedral angle restraints: 344
    sinusoidal: 146
      harmonic: 198
  Sorted by residual:
  dihedral pdb=" CB  GLU A  42 "
           pdb=" CG  GLU A  42 "
           pdb=" CD  GLU A  42 "
           pdb=" OE1 GLU A  42 "
      ideal   model   delta sinusoidal    sigma   weight residual
       0.00   88.37  -88.37     1      3.00e+01 1.11e-03 1.04e+01
  dihedral pdb=" CA  PHE A  52 "
           pdb=" C   PHE A  52 "
           pdb=" N   THR A  53 "
           pdb=" CA  THR A  53 "
      ideal   model   delta  harmonic     sigma   weight residual
     180.00  165.51   14.49     0      5.00e+00 4.00e-02 8.40e+00
  dihedral pdb=" N   GLU A  42 "
           pdb=" C   GLU A  42 "
           pdb=" CA  GLU A  42 "
           pdb=" CB  GLU A  42 "
      ideal   model   delta  harmonic     sigma   weight residual
     122.80  115.56    7.24     0      2.50e+00 1.60e-01 8.39e+00
  ... (remaining 341 not shown)

  Histogram of chiral volume deviations from ideal:
       0.002 -    0.052: 33
       0.052 -    0.101: 23
       0.101 -    0.151: 8
       0.151 -    0.200: 3
       0.200 -    0.249: 4
  Chirality restraints: 71
  Sorted by residual:
  chirality pdb=" CA  GLU A  42 "
            pdb=" N   GLU A  42 "
            pdb=" C   GLU A  42 "
            pdb=" CB  GLU A  42 "
    both_signs  ideal   model   delta    sigma   weight residual
      False      2.51    2.76   -0.25 2.00e-01 2.50e+01 1.55e+00
  chirality pdb=" CA  ASN A  37 "
            pdb=" N   ASN A  37 "
            pdb=" C   ASN A  37 "
            pdb=" CB  ASN A  37 "
    both_signs  ideal   model   delta    sigma   weight residual
      False      2.51    2.27    0.24 2.00e-01 2.50e+01 1.45e+00
  chirality pdb=" CA  ASN A   8 "
            pdb=" N   ASN A   8 "
            pdb=" C   ASN A   8 "
            pdb=" CB  ASN A   8 "
    both_signs  ideal   model   delta    sigma   weight residual
      False      2.51    2.74   -0.22 2.00e-01 2.50e+01 1.26e+00
  ... (remaining 68 not shown)

  Planarity restraints: 137
  Sorted by residual:
                                 delta    sigma   weight rms_deltas residual
  plane pdb=" CB  TYR A  45 "   -0.032 2.00e-02 2.50e+03   1.36e-02 5.54e+00
        pdb=" CG  TYR A  45 "    0.016 2.00e-02 2.50e+03
        pdb=" CD1 TYR A  45 "    0.009 2.00e-02 2.50e+03
        pdb=" CD2 TYR A  45 "    0.011 2.00e-02 2.50e+03
        pdb=" CE1 TYR A  45 "    0.012 2.00e-02 2.50e+03
        pdb=" CE2 TYR A  45 "    0.007 2.00e-02 2.50e+03
        pdb=" CZ  TYR A  45 "   -0.001 2.00e-02 2.50e+03
        pdb=" OH  TYR A  45 "   -0.024 2.00e-02 2.50e+03
        pdb=" HD1 TYR A  45 "    0.000 2.00e-02 2.50e+03
        pdb=" HD2 TYR A  45 "    0.001 2.00e-02 2.50e+03
        pdb=" HE1 TYR A  45 "    0.001 2.00e-02 2.50e+03
        pdb=" HE2 TYR A  45 "    0.000 2.00e-02 2.50e+03
                                 delta    sigma   weight rms_deltas residual
  plane pdb=" CB  ASN A  37 "   -0.003 2.00e-02 2.50e+03   1.40e-02 2.94e+00
        pdb=" CG  ASN A  37 "   -0.020 2.00e-02 2.50e+03
        pdb=" OD1 ASN A  37 "    0.017 2.00e-02 2.50e+03
        pdb=" ND2 ASN A  37 "   -0.002 2.00e-02 2.50e+03
        pdb="HD21 ASN A  37 "   -0.011 2.00e-02 2.50e+03
        pdb="HD22 ASN A  37 "    0.018 2.00e-02 2.50e+03
                                 delta    sigma   weight rms_deltas residual
  plane pdb=" CB  PHE A  30 "   -0.019 2.00e-02 2.50e+03   9.08e-03 2.47e+00
        pdb=" CG  PHE A  30 "    0.018 2.00e-02 2.50e+03
        pdb=" CD1 PHE A  30 "    0.004 2.00e-02 2.50e+03
        pdb=" CD2 PHE A  30 "    0.008 2.00e-02 2.50e+03
        pdb=" CE1 PHE A  30 "    0.004 2.00e-02 2.50e+03
        pdb=" CE2 PHE A  30 "    0.000 2.00e-02 2.50e+03
        pdb=" CZ  PHE A  30 "   -0.015 2.00e-02 2.50e+03
        pdb=" HD1 PHE A  30 "    0.001 2.00e-02 2.50e+03
        pdb=" HD2 PHE A  30 "    0.001 2.00e-02 2.50e+03
        pdb=" HE1 PHE A  30 "   -0.000 2.00e-02 2.50e+03
        pdb=" HE2 PHE A  30 "   -0.001 2.00e-02 2.50e+03
        pdb=" HZ  PHE A  30 "   -0.001 2.00e-02 2.50e+03
  ... (remaining 134 not shown)

  Histogram of nonbonded interaction distances:
        1.06 -     1.77: 77
        1.77 -     2.47: 689
        2.47 -     3.18: 3316
        3.18 -     3.89: 5046
        3.89 -     4.60: 7840
  Nonbonded interactions: 16968
  Sorted by model distance:
  nonbonded pdb=" C7 BMTN A 101 "
            pdb=" H72BMTN A 101 "
     model   vdw
     1.058 1.000
  nonbonded pdb=" C7 AMTN A 101 "
            pdb=" H71AMTN A 101 "
     model   vdw
     1.058 1.000
  nonbonded pdb=" C9 AMTN A 101 "
            pdb=" H92AMTN A 101 "
     model   vdw
     1.058 1.000
  nonbonded pdb=" C7 AMTN A 101 "
            pdb=" H73AMTN A 101 "
     model   vdw
     1.059 1.000
  nonbonded pdb=" C8 AMTN A 101 "
            pdb=" H82AMTN A 101 "
     model   vdw
     1.059 1.000
  ... (remaining 16963 not shown)

  NOTE: a complete listing of the restraints can be obtained by requesting
        output of .geo file.

End of input processing

  Symmetric amino acids flipped
    None
  Time to flip residues: 0.00s

  Monomer Library directory:
    "/home/liuyoujia/phenix-1.19rc3-4024/modules/chem_data/mon_lib"
  Total number of atoms: 1008
  Number of models: 1
  Model: ""
    Number of chains: 2
    Chain: "A"
      Number of atoms: 858
      Number of conformers: 2
      Conformer: "A"
        Number of residues, atoms: 56, 842
          Classifications: {'peptide': 56}
          Modifications used: {'COO': 1, 'NH3': 1}
          Link IDs: {'TRANS': 55}
      Conformer: "B"
        Number of residues, atoms: 56, 842
          Classifications: {'peptide': 56}
          Modifications used: {'COO': 1, 'NH3': 1}
          Link IDs: {'TRANS': 55}
          bond proxies already assigned to first conformer: 829
    Chain: "A"
      Number of atoms: 150
      Number of conformers: 2
      Conformer: "A"
        Number of residues, atoms: 97, 96
          Unknown residues: {'MTN': 1}
          Classifications: {'water': 96}
          Link IDs: {None: 95}
          Chain breaks: 1
      Conformer: "B"
        Number of residues, atoms: 97, 96
          Unknown residues: {'MTN': 1}
          Classifications: {'water': 96}
          Link IDs: {None: 95}
          Chain breaks: 1
  Residues with excluded nonbonded symmetry interactions: 1
    residue:
      pdb=" C1 AMTN A 101 " occ=0.50
      ... (52 atoms not shown)
      pdb=" H93BMTN A 101 " occ=0.50
  Number of atoms with unknown nonbonded energy type symbols: 54
    "HETATM  859  C1 AMTN A 101 .*.     C  "
    "HETATM  860  C2 AMTN A 101 .*.     C  "
    "HETATM  861  C3 AMTN A 101 .*.     C  "
    "HETATM  862  C4 AMTN A 101 .*.     C  "
    "HETATM  863  C5 AMTN A 101 .*.     C  "
    "HETATM  864  C6 AMTN A 101 .*.     C  "
    "HETATM  865  C7 AMTN A 101 .*.     C  "
    "HETATM  866  C8 AMTN A 101 .*.     C  "
    "HETATM  867  C9 AMTN A 101 .*.     C  "
    "HETATM  868  N1 AMTN A 101 .*.     N  "
    ... (remaining 44 not shown)
  Time building chain proxies: 0.26, per 1000 atoms: 0.26
  Number of scatterers: 1008
  At special positions: 0
  Unit cell: (25.037, 37.194, 49.217, 90, 90, 90)
  Space group: P 21 21 21 (No. 19)
  Number of sites at special positions: 0
  Number of scattering types: 5
    Type Number    sf(0)
     S       5     16.00
     O     194      8.00
     N      70      7.00
     C     297      6.00
     H     442      1.00
    sf(0) = scattering factor at diffraction angle 0.


=============================== Model properties ==============================

  Overall:
    Number of atoms = 566  (anisotropic = 0)
    B_iso: mean =  19.3  max =  44.4  min =  11.2
    Occupancy: mean = 0.96  max = 1.00  min = 0.36
    2 total B-factor or occupancy problem(s) detected
  (Hydrogen atoms not included in overall counts.)

============================= Geometry restraints =============================


                        ----------Bond lengths----------                       

  All restrained atoms within 4.0 sigma of ideal values.

  Min. delta:    0.000 (Z=  0.001)
  Max. delta:    0.099 (Z=  4.952)
  Mean delta:    0.014 (Z=  0.658)

                        ----------Bond angles----------                        

  All restrained atoms within 4.0 sigma of ideal values.

  Min. delta:    0.000 (Z=  0.000)
  Max. delta:    5.983 (Z=  3.149)
  Mean delta:    1.388 (Z=  0.681)

                      ----------Dihedral angles----------                      

  All restrained atoms within 4.0 sigma of ideal values.

  Min. delta:    0.009
  Max. delta:   88.369
  Mean delta:   16.426

                       ----------Chiral volumes----------                      

  All restrained atoms within 4.0 sigma of ideal values.

  Min. delta:    0.002
  Max. delta:    0.249
  Mean delta:    0.091

                       ----------Planar groups----------                       

  All restrained atoms within 4.0 sigma of ideal values.

  Min. delta:    0.000
  Max. delta:    0.017
  Mean delta:    0.006

============================= Hydrogen validation =============================


                ----------H/D atoms in the input model----------               

  Total number of hydrogen atoms : 442
  Total number of deuterium atoms: 0
  Number of H atoms (protein)    : 412
  Number of D atoms (protein)    : 0
  Number of H atoms (water)      : 0
  Number of D atoms (water)      : 0
  Number of H atoms (other)      : 30
  Number of D atoms (other)      : 0

                      ----------Water molecules----------                      

  Number of water                            : 96
  Number of water with 0 H (or D)            : 96
  Number of water with 1 H (or D)            : 0
  Number of water with 2 H (or D)            : 0
  Number of water in alternative conformation: 0
  Number of water without oxygen atom        : 0

             ----------H (or D) atoms with occupancy < 1----------             

  pdb=" HA  CYS A  44 " with occupancy 0.5

                    ----------MISSING H or D atoms----------                   

  TYR A   3  conformer  : HH 
  THR A  11  conformer  : HG1 
  THR A  16  conformer  : HG1 
  THR A  17  conformer  : HG1 
  THR A  18  conformer  : HG1 
  THR A  25  conformer  : HG1 
  TYR A  33  conformer  : HH 
  CYS A  44  conformer A, B : HG 
  TYR A  45  conformer  : HH 
  THR A  49  conformer  : HG1 
  THR A  51  conformer  : HG1 
  THR A  53  conformer  : HG1 
  THR A  55  conformer  : HG1 

============================ Molprobity validation ============================


  Geometry Restraints Library: GeoStd + Monomer Library
  Deviations from Ideal Values.
    Bond      :  0.014   0.099    454
    Angle     :  1.388   5.983    618
    Chirality :  0.091   0.249     71
    Planarity :  0.006   0.017     80
    Dihedral  : 16.426  88.369    165
    Min Nonbonded Distance : 1.228
  
  Molprobity Statistics.
    All-atom Clashscore : 0.00
    Ramachandran Plot:
      Outliers :  0.00 %
      Allowed  :  1.85 %
      Favored  : 98.15 %
    Rotamer Outliers :  2.08 %
    Cbeta Deviations :  0.00 %
    Peptide Plane:
      Cis-proline     : 0.00 %
      Cis-general     : 0.00 %
      Twisted Proline : 0.00 %
      Twisted General : 0.00 %
  
  Rama-Z (Ramachandran plot Z-score):
  Interpretation: bad |Rama-Z| > 3; suspicious 2 < |Rama-Z| < 3; good |Rama-Z| < 2.
  Scores for whole/helix/sheet/loop are scaled independently;
  therefore, the values are not related in a simple manner.
    whole:  0.23 (1.05), residues: 56
    helix: -0.79 (0.99), residues: 17
    sheet:  1.34 (0.95), residues: 30
    loop : -1.83 (1.52), residues: 9

                     ----------Asn/Gln/His flips----------                     

  No backwards Asn/Gln/His sidechains found.

=================================== Summary ===================================

  Ramachandran outliers =   0.00 %
                favored =  98.15 %
  Rotamer outliers      =   2.08 %
  C-beta deviations     =     0
  Clashscore            =   0.00
  RMS(bonds)            =   0.0144
  RMS(angles)           =   1.39
  MolProbity score      =   0.74
  Resolution            =   1.60
  R-work                =   0.1550
  R-free                =   0.1750
  Refinement program    = PHENIX

Results written to molprobity.out
Wrote script for Coot: molprobity_coot.py
