
=============================== Model properties ==============================

  Overall:
    Number of atoms = 566  (anisotropic = 0)
    B_iso: mean =  16.0  max =  51.1  min =   6.8
    Occupancy: mean = 0.96  max = 1.00  min = 0.37
    3 total B-factor or occupancy problem(s) detected
  (Hydrogen atoms not included in overall counts.)

============================= Geometry restraints =============================


                        ----------Bond lengths----------                       

  All restrained atoms within 4.0 sigma of ideal values.

  Min. delta:    0.000 (Z=  0.001)
  Max. delta:    0.094 (Z=  4.487)
  Mean delta:    0.012 (Z=  0.598)

                        ----------Bond angles----------                        

  All restrained atoms within 4.0 sigma of ideal values.

  Min. delta:    0.000 (Z=  0.000)
  Max. delta:    5.105 (Z=  2.662)
  Mean delta:    1.141 (Z=  0.631)

                      ----------Dihedral angles----------                      

  All restrained atoms within 4.0 sigma of ideal values.

  Min. delta:    0.029
  Max. delta:   88.487
  Mean delta:   17.023

                       ----------Chiral volumes----------                      

  All restrained atoms within 4.0 sigma of ideal values.

  Min. delta:    0.001
  Max. delta:    0.153
  Mean delta:    0.065

                       ----------Planar groups----------                       

  All restrained atoms within 4.0 sigma of ideal values.

  Min. delta:    0.000
  Max. delta:    0.016
  Mean delta:    0.006

============================= Hydrogen validation =============================


                ----------H/D atoms in the input model----------               

  Total number of hydrogen atoms : 454
  Total number of deuterium atoms: 0
  Number of H atoms (protein)    : 424
  Number of D atoms (protein)    : 0
  Number of H atoms (water)      : 0
  Number of D atoms (water)      : 0
  Number of H atoms (other)      : 30
  Number of D atoms (other)      : 0

                      ----------Water molecules----------                      

  Number of water                            : 96
  Number of water with 0 H (or D)            : 96
  Number of water with 1 H (or D)            : 0
  Number of water with 2 H (or D)            : 0
  Number of water in alternative conformation: 0
  Number of water without oxygen atom        : 0

             ----------H (or D) atoms with occupancy < 1----------             

  pdb=" HA  CYS A  44 " with occupancy 0.5

                    ----------MISSING H or D atoms----------                   

  CYS A  44  conformer A, B : HG 

============================ Molprobity validation ============================


  Geometry Restraints Library: GeoStd + Monomer Library + CDL v1.2
  Deviations from Ideal Values.
    Bond      :  0.012   0.094    454
    Angle     :  1.141   5.105    618
    Chirality :  0.065   0.153     71
    Planarity :  0.006   0.016     80
    Dihedral  : 17.023  88.487    165
    Min Nonbonded Distance : 1.259
  
  Molprobity Statistics.
    All-atom Clashscore : 5.39
    Ramachandran Plot:
      Outliers :  0.00 %
      Allowed  :  1.85 %
      Favored  : 98.15 %
    Rotamer Outliers :  0.00 %
    Cbeta Deviations :  0.00 %
    Peptide Plane:
      Cis-proline     : 0.00 %
      Cis-general     : 0.00 %
      Twisted Proline : 0.00 %
      Twisted General : 0.00 %
  
  Rama-Z (Ramachandran plot Z-score):
  Interpretation: bad |Rama-Z| > 3; suspicious 2 < |Rama-Z| < 3; good |Rama-Z| < 2.
  Scores for whole/helix/sheet/loop are scaled independently;
  therefore, the values are not related in a simple manner.
    whole:  0.19 (1.03), residues: 56
    helix: -0.83 (0.90), residues: 17
    sheet:  1.26 (0.95), residues: 30
    loop : -1.62 (1.55), residues: 9

                     ----------Asn/Gln/His flips----------                     

  No backwards Asn/Gln/His sidechains found.

=================================== Summary ===================================

  Ramachandran outliers =   0.00 %
                favored =  98.15 %
  Rotamer outliers      =   0.00 %
  C-beta deviations     =     0
  Clashscore            =   5.39
  RMS(bonds)            =   0.0125
  RMS(angles)           =   1.14
  MolProbity score      =   1.29
  Resolution            =   1.60
  R-work                =   0.1587
  R-free                =   0.1832
  Refinement program    = PHENIX
