--------------------------------------------------------------------------------
angles               : True
bonds                : True
chirals              : True
delete_cache         : True
dihedrals            : True
exclude_hydrogens    : False
exclude_non_protein  : False
exclude_water        : True
filename             : 3v3x.pdb.geo
ignore_cache         : False
nonbonds             : False
only_hydrogens       : False
only_water           : False
parallelitys         : False
planes               : False
quiet                : False
use_cache            : True
--------------------------------------------------------------------------------
processed bond : 0.1
processed angle : 0.3
processed dihedral : 0.3
LOADED ['chirality', 'angle', 'dihedral', 'bond']
Time to parse 0.31

RMS results for model

RMS(D/Z)
             d-all          d-none         d-alt          z-all          z-none         z-alt          
  bond       0.027( 3051)   0.026( 2831)   0.042(  220)   1.458( 3051)   1.386( 2831)   2.179(  220)
  angle      1.800( 5431)   1.748( 5009)   2.330(  422)   0.812( 5431)   0.806( 5009)   0.883(  422)
  dihedral  12.982( 1202)  12.275( 1104)  19.224(   98)   1.070( 1202)   1.032( 1104)   1.428(   98)

Selecting bonds        Time to select bonds        : 0.02s
Selecting angles       Time to select angles       : 0.08s
Selecting dihedrals    Time to select dihedrals    : 0.02s

RMS results for selection

RMS(D/Z)
             d-all          d-none         d-alt          z-all          z-none         z-alt          
  bond       0.024(   24)   0.022(   12)   0.026(   12)   1.203(   24)   1.086(   12)   1.310(   12)
  angle      2.766(   72)   2.802(   36)   2.728(   36)   0.922(   72)   0.934(   36)   0.909(   36)
  dihedral   1.639(   16)   1.519(    8)   1.752(    8)   0.027(   16)   0.025(    8)   0.029(    8)

----- bonds ----- bonds ----- bonds ----- bonds ----- bonds ----- bonds 
   1 " C5 BMTN B  81 " - " N1 BMTN B  81 " [ 1.480, 1.436,  0.044, 2.00e-02, 2.50e+03, 4.89e+00]
   2 " N1 AMTN B  81 " - " O1 AMTN B  81 " [ 1.258, 1.217,  0.041, 2.00e-02, 2.50e+03, 4.28e+00]
   3 " N1  MTN C 281 " - " O1  MTN C 281 " [ 1.258, 1.219,  0.039, 2.00e-02, 2.50e+03, 3.72e+00]
   4 " N1  MTN C  81 " - " O1  MTN C  81 " [ 1.258, 1.226,  0.032, 2.00e-02, 2.50e+03, 2.61e+00]
   5 " N1 BMTN D  81 " - " O1 BMTN D  81 " [ 1.258, 1.226,  0.032, 2.00e-02, 2.50e+03, 2.59e+00]
   6 " N1  MTN A  81 " - " O1  MTN A  81 " [ 1.258, 1.226,  0.032, 2.00e-02, 2.50e+03, 2.57e+00]
   7 " C5 AMTN D  81 " - " N1 AMTN D  81 " [ 1.480, 1.451,  0.029, 2.00e-02, 2.50e+03, 2.05e+00]
   8 " N1 BMTN B  81 " - " O1 BMTN B  81 " [ 1.258, 1.232,  0.026, 2.00e-02, 2.50e+03, 1.65e+00]
   9 " C1 AMTN B  81 " - " N1 AMTN B  81 " [ 1.477, 1.452,  0.025, 2.00e-02, 2.50e+03, 1.59e+00]
  10 " C1 AMTN D  81 " - " N1 AMTN D  81 " [ 1.477, 1.453,  0.024, 2.00e-02, 2.50e+03, 1.42e+00]
  11 " N1  MTN D 281 " - " O1  MTN D 281 " [ 1.258, 1.235,  0.023, 2.00e-02, 2.50e+03, 1.37e+00]
  12 " C5  MTN C  81 " - " N1  MTN C  81 " [ 1.480, 1.461,  0.019, 2.00e-02, 2.50e+03, 9.38e-01]
  13 " C1 BMTN B  81 " - " N1 BMTN B  81 " [ 1.477, 1.459,  0.018, 2.00e-02, 2.50e+03, 8.48e-01]
  14 " N1 AMTN D  81 " - " O1 AMTN D  81 " [ 1.258, 1.240,  0.018, 2.00e-02, 2.50e+03, 8.21e-01]
  15 " C5  MTN A  81 " - " N1  MTN A  81 " [ 1.480, 1.462,  0.018, 2.00e-02, 2.50e+03, 8.07e-01]
  16 " C5  MTN D 281 " - " N1  MTN D 281 " [ 1.480, 1.463,  0.017, 2.00e-02, 2.50e+03, 7.46e-01]
  17 " C5  MTN C 281 " - " N1  MTN C 281 " [ 1.480, 1.465,  0.015, 2.00e-02, 2.50e+03, 5.41e-01]
  18 " C1  MTN A  81 " - " N1  MTN A  81 " [ 1.477, 1.463,  0.014, 2.00e-02, 2.50e+03, 5.05e-01]
  19 " C5 BMTN D  81 " - " N1 BMTN D  81 " [ 1.480, 1.470,  0.010, 2.00e-02, 2.50e+03, 2.58e-01]
  20 " C5 AMTN B  81 " - " N1 AMTN B  81 " [ 1.480, 1.471,  0.009, 2.00e-02, 2.50e+03, 2.04e-01]
  21 " C1  MTN C 281 " - " N1  MTN C 281 " [ 1.477, 1.486, -0.009, 2.00e-02, 2.50e+03, 2.03e-01]
  22 " C1  MTN C  81 " - " N1  MTN C  81 " [ 1.477, 1.469,  0.008, 2.00e-02, 2.50e+03, 1.59e-01]
  23 " C1 BMTN D  81 " - " N1 BMTN D  81 " [ 1.477, 1.470,  0.007, 2.00e-02, 2.50e+03, 1.34e-01]
  24 " C1  MTN D 281 " - " N1  MTN D 281 " [ 1.477, 1.472,  0.005, 2.00e-02, 2.50e+03, 6.04e-02]
---- angles ---- angles ---- angles ---- angles ---- angles ---- angles 
   1 " C8  MTN C 281 " - " C1  MTN C 281 " - " N1  MTN C 281 " [ 109.60, 117.48, -7.88, 3.00, 0.111, 6.90e+00]
   2 " C8 BMTN B  81 " - " C1 BMTN B  81 " - " N1 BMTN B  81 " [ 109.60, 115.44, -5.84, 3.00, 0.111, 3.79e+00]
   3 " C8  MTN A  81 " - " C1  MTN A  81 " - " N1  MTN A  81 " [ 109.60, 115.42, -5.82, 3.00, 0.111, 3.76e+00]
   4 " C6 AMTN D  81 " - " C5 AMTN D  81 " - " N1 AMTN D  81 " [ 108.85, 113.99, -5.14, 3.00, 0.111, 2.94e+00]
   5 " C9  MTN C  81 " - " C1  MTN C  81 " - " N1  MTN C  81 " [ 109.97, 114.92, -4.95, 3.00, 0.111, 2.72e+00]
   6 " C6  MTN C  81 " - " C5  MTN C  81 " - " N1  MTN C  81 " [ 108.85, 113.77, -4.92, 3.00, 0.111, 2.69e+00]
   7 " C8 BMTN D  81 " - " C1 BMTN D  81 " - " N1 BMTN D  81 " [ 109.60, 114.38, -4.78, 3.00, 0.111, 2.54e+00]
   8 " C6 BMTN B  81 " - " C5 BMTN B  81 " - " N1 BMTN B  81 " [ 108.85, 104.10,  4.75, 3.00, 0.111, 2.50e+00]
   9 " C9 AMTN D  81 " - " C1 AMTN D  81 " - " N1 AMTN D  81 " [ 109.97, 114.62, -4.65, 3.00, 0.111, 2.40e+00]
  10 " C6 AMTN B  81 " - " C5 AMTN B  81 " - " N1 AMTN B  81 " [ 108.85, 113.36, -4.51, 3.00, 0.111, 2.26e+00]
  11 " C7  MTN C 281 " - " C5  MTN C 281 " - " N1  MTN C 281 " [ 109.16, 113.63, -4.47, 3.00, 0.111, 2.22e+00]
  12 " C6 BMTN D  81 " - " C5 BMTN D  81 " - " N1 BMTN D  81 " [ 108.85, 113.22, -4.37, 3.00, 0.111, 2.12e+00]
  13 " C3 BMTN B  81 " - " C5 BMTN B  81 " - " N1 BMTN B  81 " [  99.93, 104.04, -4.11, 3.00, 0.111, 1.88e+00]
  14 " C8  MTN C  81 " - " C1  MTN C  81 " - " N1  MTN C  81 " [ 109.60, 113.63, -4.03, 3.00, 0.111, 1.80e+00]
  15 " C3  MTN D 281 " - " C5  MTN D 281 " - " N1  MTN D 281 " [  99.93, 103.75, -3.82, 3.00, 0.111, 1.62e+00]
  16 " C7 BMTN B  81 " - " C5 BMTN B  81 " - " N1 BMTN B  81 " [ 109.16, 112.69, -3.53, 3.00, 0.111, 1.38e+00]
  17 " C6  MTN C 281 " - " C5  MTN C 281 " - " N1  MTN C 281 " [ 108.85, 112.32, -3.47, 3.00, 0.111, 1.34e+00]
  18 " C7  MTN A  81 " - " C5  MTN A  81 " - " N1  MTN A  81 " [ 109.16, 112.46, -3.30, 3.00, 0.111, 1.21e+00]
  19 " C7 BMTN D  81 " - " C5 BMTN D  81 " - " N1 BMTN D  81 " [ 109.16, 112.00, -2.84, 3.00, 0.111, 8.95e-01]
  20 " C6  MTN D 281 " - " C5  MTN D 281 " - " N1  MTN D 281 " [ 108.85, 111.56, -2.71, 3.00, 0.111, 8.15e-01]
  21 " C3 AMTN B  81 " - " C5 AMTN B  81 " - " N1 AMTN B  81 " [  99.93, 102.50, -2.57, 3.00, 0.111, 7.32e-01]
  22 " C8  MTN D 281 " - " C1  MTN D 281 " - " N1  MTN D 281 " [ 109.60, 112.16, -2.56, 3.00, 0.111, 7.26e-01]
  23 " C8 AMTN D  81 " - " C1 AMTN D  81 " - " N1 AMTN D  81 " [ 109.60, 107.14,  2.46, 3.00, 0.111, 6.74e-01]
  24 " C1  MTN D 281 " - " N1  MTN D 281 " - " O1  MTN D 281 " [ 122.58, 125.04, -2.46, 3.00, 0.111, 6.73e-01]
  25 " C3 AMTN D  81 " - " C5 AMTN D  81 " - " N1 AMTN D  81 " [  99.93, 102.39, -2.46, 3.00, 0.111, 6.72e-01]
  26 " C7 AMTN D  81 " - " C5 AMTN D  81 " - " N1 AMTN D  81 " [ 109.16, 111.58, -2.42, 3.00, 0.111, 6.48e-01]
  27 " C3  MTN A  81 " - " C5  MTN A  81 " - " N1  MTN A  81 " [  99.93, 102.22, -2.29, 3.00, 0.111, 5.83e-01]
  28 " C9 BMTN B  81 " - " C1 BMTN B  81 " - " N1 BMTN B  81 " [ 109.97, 107.75,  2.22, 3.00, 0.111, 5.46e-01]
  29 " C1  MTN D 281 " - " N1  MTN D 281 " - " C5  MTN D 281 " [ 114.61, 112.42,  2.19, 3.00, 0.111, 5.35e-01]
  30 " C9  MTN C 281 " - " C1  MTN C 281 " - " N1  MTN C 281 " [ 109.97, 112.09, -2.12, 3.00, 0.111, 4.97e-01]
  31 " C1 BMTN B  81 " - " N1 BMTN B  81 " - " O1 BMTN B  81 " [ 122.58, 124.66, -2.08, 3.00, 0.111, 4.82e-01]
  32 " C5 AMTN D  81 " - " N1 AMTN D  81 " - " O1 AMTN D  81 " [ 122.20, 124.27, -2.07, 3.00, 0.111, 4.77e-01]
  33 " C9  MTN D 281 " - " C1  MTN D 281 " - " N1  MTN D 281 " [ 109.97, 111.93, -1.96, 3.00, 0.111, 4.27e-01]
  34 " C6  MTN A  81 " - " C5  MTN A  81 " - " N1  MTN A  81 " [ 108.85, 110.81, -1.96, 3.00, 0.111, 4.25e-01]
  35 " C2  MTN D 281 " - " C1  MTN D 281 " - " N1  MTN D 281 " [  99.99, 101.93, -1.94, 3.00, 0.111, 4.19e-01]
  36 " C1 BMTN B  81 " - " N1 BMTN B  81 " - " C5 BMTN B  81 " [ 114.61, 112.71,  1.90, 3.00, 0.111, 4.00e-01]
  37 " C2 BMTN B  81 " - " C1 BMTN B  81 " - " N1 BMTN B  81 " [  99.99, 101.87, -1.88, 3.00, 0.111, 3.93e-01]
  38 " C5 AMTN B  81 " - " N1 AMTN B  81 " - " O1 AMTN B  81 " [ 122.20, 124.04, -1.84, 3.00, 0.111, 3.75e-01]
  39 " C2 AMTN D  81 " - " C1 AMTN D  81 " - " N1 AMTN D  81 " [  99.99, 101.77, -1.78, 3.00, 0.111, 3.50e-01]
  40 " C1 AMTN D  81 " - " N1 AMTN D  81 " - " C5 AMTN D  81 " [ 114.61, 112.87,  1.74, 3.00, 0.111, 3.37e-01]
  41 " C5  MTN C 281 " - " N1  MTN C 281 " - " O1  MTN C 281 " [ 122.20, 120.49,  1.71, 3.00, 0.111, 3.25e-01]
  42 " C9 BMTN D  81 " - " C1 BMTN D  81 " - " N1 BMTN D  81 " [ 109.97, 111.66, -1.69, 3.00, 0.111, 3.17e-01]
  43 " C1  MTN C 281 " - " N1  MTN C 281 " - " O1  MTN C 281 " [ 122.58, 124.26, -1.68, 3.00, 0.111, 3.12e-01]
  44 " C3  MTN C 281 " - " C5  MTN C 281 " - " N1  MTN C 281 " [  99.93,  98.41,  1.52, 3.00, 0.111, 2.58e-01]
  45 " C9  MTN A  81 " - " C1  MTN A  81 " - " N1  MTN A  81 " [ 109.97, 108.62,  1.35, 3.00, 0.111, 2.03e-01]
  46 " C9 AMTN B  81 " - " C1 AMTN B  81 " - " N1 AMTN B  81 " [ 109.97, 111.26, -1.29, 3.00, 0.111, 1.85e-01]
  47 " C5  MTN A  81 " - " N1  MTN A  81 " - " O1  MTN A  81 " [ 122.20, 123.47, -1.27, 3.00, 0.111, 1.79e-01]
  48 " C2  MTN C 281 " - " C1  MTN C 281 " - " N1  MTN C 281 " [  99.99, 101.21, -1.22, 3.00, 0.111, 1.66e-01]
  49 " C1 AMTN B  81 " - " N1 AMTN B  81 " - " O1 AMTN B  81 " [ 122.58, 121.38,  1.20, 3.00, 0.111, 1.59e-01]
  50 " C2 BMTN D  81 " - " C1 BMTN D  81 " - " N1 BMTN D  81 " [  99.99, 101.16, -1.17, 3.00, 0.111, 1.53e-01]
  51 " C7  MTN C  81 " - " C5  MTN C  81 " - " N1  MTN C  81 " [ 109.16, 110.32, -1.16, 3.00, 0.111, 1.48e-01]
  52 " C2  MTN A  81 " - " C1  MTN A  81 " - " N1  MTN A  81 " [  99.99, 100.95, -0.96, 3.00, 0.111, 1.02e-01]
  53 " C1  MTN A  81 " - " N1  MTN A  81 " - " C5  MTN A  81 " [ 114.61, 113.78,  0.83, 3.00, 0.111, 7.63e-02]
  54 " C1  MTN C  81 " - " N1  MTN C  81 " - " C5  MTN C  81 " [ 114.61, 115.29, -0.68, 3.00, 0.111, 5.18e-02]
  55 " C3 BMTN D  81 " - " C5 BMTN D  81 " - " N1 BMTN D  81 " [  99.93, 100.61, -0.68, 3.00, 0.111, 5.08e-02]
  56 " C5  MTN C  81 " - " N1  MTN C  81 " - " O1  MTN C  81 " [ 122.20, 121.56,  0.64, 3.00, 0.111, 4.62e-02]
  57 " C1  MTN C 281 " - " N1  MTN C 281 " - " C5  MTN C 281 " [ 114.61, 115.22, -0.61, 3.00, 0.111, 4.15e-02]
  58 " C1  MTN C  81 " - " N1  MTN C  81 " - " O1  MTN C  81 " [ 122.58, 123.15, -0.57, 3.00, 0.111, 3.63e-02]
  59 " C2  MTN C  81 " - " C1  MTN C  81 " - " N1  MTN C  81 " [  99.99, 100.55, -0.56, 3.00, 0.111, 3.44e-02]
  60 " C5 BMTN D  81 " - " N1 BMTN D  81 " - " O1 BMTN D  81 " [ 122.20, 122.75, -0.55, 3.00, 0.111, 3.41e-02]
  61 " C3  MTN C  81 " - " C5  MTN C  81 " - " N1  MTN C  81 " [  99.93,  99.40,  0.53, 3.00, 0.111, 3.07e-02]
  62 " C8 AMTN B  81 " - " C1 AMTN B  81 " - " N1 AMTN B  81 " [ 109.60, 110.09, -0.49, 3.00, 0.111, 2.70e-02]
  63 " C2 AMTN B  81 " - " C1 AMTN B  81 " - " N1 AMTN B  81 " [  99.99, 100.42, -0.43, 3.00, 0.111, 2.09e-02]
  64 " C7  MTN D 281 " - " C5  MTN D 281 " - " N1  MTN D 281 " [ 109.16, 108.79,  0.37, 3.00, 0.111, 1.54e-02]
  65 " C5  MTN D 281 " - " N1  MTN D 281 " - " O1  MTN D 281 " [ 122.20, 122.54, -0.34, 3.00, 0.111, 1.25e-02]
  66 " C7 AMTN B  81 " - " C5 AMTN B  81 " - " N1 AMTN B  81 " [ 109.16, 109.45, -0.29, 3.00, 0.111, 9.38e-03]
  67 " C1 BMTN D  81 " - " N1 BMTN D  81 " - " O1 BMTN D  81 " [ 122.58, 122.83, -0.25, 3.00, 0.111, 7.19e-03]
  68 " C1 BMTN D  81 " - " N1 BMTN D  81 " - " C5 BMTN D  81 " [ 114.61, 114.41,  0.20, 3.00, 0.111, 4.66e-03]
  69 " C1 AMTN D  81 " - " N1 AMTN D  81 " - " O1 AMTN D  81 " [ 122.58, 122.76, -0.18, 3.00, 0.111, 3.78e-03]
  70 " C5 BMTN B  81 " - " N1 BMTN B  81 " - " O1 BMTN B  81 " [ 122.20, 122.35, -0.15, 3.00, 0.111, 2.39e-03]
  71 " C1  MTN A  81 " - " N1  MTN A  81 " - " O1  MTN A  81 " [ 122.58, 122.70, -0.12, 3.00, 0.111, 1.49e-03]
  72 " C1 AMTN B  81 " - " N1 AMTN B  81 " - " C5 AMTN B  81 " [ 114.61, 114.55,  0.06, 3.00, 0.111, 3.48e-04]
---- dihedrals ---- dihedrals ---- dihedrals ---- dihedrals ---- dihedrals ---- dihedrals 
   1 " C2  MTN C 281 " - " C1  MTN C 281 " - " N1  MTN C 281 " - " O1  MTN C 281 " [  180.00,  177.15,    2.85,  1,   60.00, 2.78e-04, 3.31e-03]
   2 " C2 BMTN B  81 " - " C1 BMTN B  81 " - " N1 BMTN B  81 " - " O1 BMTN B  81 " [  180.00,  177.47,    2.53,  1,   60.00, 2.78e-04, 2.60e-03]
   3 " C2 AMTN D  81 " - " C1 AMTN D  81 " - " N1 AMTN D  81 " - " O1 AMTN D  81 " [  180.00, -177.54,   -2.46,  1,   60.00, 2.78e-04, 2.45e-03]
   4 " C3 AMTN D  81 " - " C5 AMTN D  81 " - " N1 AMTN D  81 " - " O1 AMTN D  81 " [  180.00,  177.83,    2.17,  1,   60.00, 2.78e-04, 1.91e-03]
   5 " C3 BMTN B  81 " - " C5 BMTN B  81 " - " N1 BMTN B  81 " - " O1 BMTN B  81 " [ -180.00, -177.89,   -2.11,  1,   60.00, 2.78e-04, 1.80e-03]
   6 " C3  MTN C 281 " - " C5  MTN C 281 " - " N1  MTN C 281 " - " O1  MTN C 281 " [ -180.00, -177.99,   -2.01,  1,   60.00, 2.78e-04, 1.64e-03]
   7 " C2  MTN D 281 " - " C1  MTN D 281 " - " N1  MTN D 281 " - " O1  MTN D 281 " [ -180.00, -178.27,   -1.73,  1,   60.00, 2.78e-04, 1.22e-03]
   8 " C3  MTN D 281 " - " C5  MTN D 281 " - " N1  MTN D 281 " - " O1  MTN D 281 " [  180.00,  178.58,    1.42,  1,   60.00, 2.78e-04, 8.21e-04]
   9 " C2 AMTN B  81 " - " C1 AMTN B  81 " - " N1 AMTN B  81 " - " O1 AMTN B  81 " [  180.00,  178.64,    1.36,  1,   60.00, 2.78e-04, 7.51e-04]
  10 " C3 AMTN B  81 " - " C5 AMTN B  81 " - " N1 AMTN B  81 " - " O1 AMTN B  81 " [ -180.00, -179.00,   -1.00,  1,   60.00, 2.78e-04, 4.09e-04]
  11 " C2  MTN C  81 " - " C1  MTN C  81 " - " N1  MTN C  81 " - " O1  MTN C  81 " [ -180.00, -179.26,   -0.74,  1,   60.00, 2.78e-04, 2.23e-04]
  12 " C2  MTN A  81 " - " C1  MTN A  81 " - " N1  MTN A  81 " - " O1  MTN A  81 " [  180.00, -179.39,   -0.61,  1,   60.00, 2.78e-04, 1.49e-04]
  13 " C3  MTN C  81 " - " C5  MTN C  81 " - " N1  MTN C  81 " - " O1  MTN C  81 " [  180.00,  179.41,    0.59,  1,   60.00, 2.78e-04, 1.42e-04]
  14 " C3 BMTN D  81 " - " C5 BMTN D  81 " - " N1 BMTN D  81 " - " O1 BMTN D  81 " [  180.00,  179.78,    0.22,  1,   60.00, 2.78e-04, 1.99e-05]
  15 " C2 BMTN D  81 " - " C1 BMTN D  81 " - " N1 BMTN D  81 " - " O1 BMTN D  81 " [  180.00, -179.82,   -0.18,  1,   60.00, 2.78e-04, 1.30e-05]
  16 " C3  MTN A  81 " - " C5  MTN A  81 " - " N1  MTN A  81 " - " O1  MTN A  81 " [  180.00,  179.89,    0.11,  1,   60.00, 2.78e-04, 4.60e-06]
---- chirals ---- chirals ---- chirals ---- chirals ---- chirals ---- chirals 
  None
