--------------------------------------------------------------------------------
angles               : True
bonds                : True
chirals              : True
delete_cache         : True
dihedrals            : True
exclude_hydrogens    : False
exclude_non_protein  : False
exclude_water        : True
filename             : 3v3x.updated_refine_001.pdb.geo
ignore_cache         : False
nonbonds             : False
only_hydrogens       : False
only_water           : False
parallelitys         : False
planes               : False
quiet                : False
use_cache            : True
--------------------------------------------------------------------------------
processed bond : 0.2
processed angle : 0.4
processed dihedral : 0.4
LOADED ['chirality', 'angle', 'dihedral', 'bond']
Time to parse 0.40

RMS results for model

RMS(D/Z)
             d-all          d-none         d-alt          z-all          z-none         z-alt          
  bond       0.009( 3704)   0.009( 3412)   0.007(  292)   0.413( 3704)   0.420( 3412)   0.317(  292)
  angle      0.999( 6674)   0.983( 6106)   1.154(  568)   0.456( 6674)   0.455( 6106)   0.466(  568)
  dihedral  12.662( 1416)  12.023( 1316)  19.182(  100)   0.870( 1416)   0.832( 1316)   1.268(  100)

Selecting bonds        Time to select bonds        : 0.03s
Selecting angles       Time to select angles       : 0.10s
Selecting dihedrals    Time to select dihedrals    : 0.03s

RMS results for selection

RMS(D/Z)
             d-all          d-none         d-alt          z-all          z-none         z-alt          
  bond       0.007(   24)   0.008(   12)   0.007(   12)   0.371(   24)   0.394(   12)   0.346(   12)
  angle      1.203(   72)   1.297(   36)   1.100(   36)   0.401(   72)   0.432(   36)   0.367(   36)
  dihedral  14.907(   16)  15.012(    8)  14.800(    8)   0.248(   16)   0.250(    8)   0.247(    8)

----- bonds ----- bonds ----- bonds ----- bonds ----- bonds ----- bonds 
   1 " C1  MTN C 281 " - " N1  MTN C 281 " [ 1.477, 1.500, -0.023, 2.00e-02, 2.50e+03, 1.34e+00]
   2 " N1 AMTN D  81 " - " O1 AMTN D  81 " [ 1.258, 1.272, -0.014, 2.00e-02, 2.50e+03, 4.76e-01]
   3 " C1 BMTN D  81 " - " N1 BMTN D  81 " [ 1.477, 1.488, -0.011, 2.00e-02, 2.50e+03, 3.27e-01]
   4 " C1  MTN D 281 " - " N1  MTN D 281 " [ 1.477, 1.488, -0.011, 2.00e-02, 2.50e+03, 3.08e-01]
   5 " C5 BMTN B  81 " - " N1 BMTN B  81 " [ 1.480, 1.471,  0.009, 2.00e-02, 2.50e+03, 2.16e-01]
   6 " C5 AMTN D  81 " - " N1 AMTN D  81 " [ 1.480, 1.488, -0.008, 2.00e-02, 2.50e+03, 1.79e-01]
   7 " C5 BMTN D  81 " - " N1 BMTN D  81 " [ 1.480, 1.487, -0.007, 2.00e-02, 2.50e+03, 1.40e-01]
   8 " C1  MTN C  81 " - " N1  MTN C  81 " [ 1.477, 1.484, -0.007, 2.00e-02, 2.50e+03, 1.08e-01]
   9 " C1 AMTN D  81 " - " N1 AMTN D  81 " [ 1.477, 1.482, -0.005, 2.00e-02, 2.50e+03, 5.27e-02]
  10 " C5 AMTN B  81 " - " N1 AMTN B  81 " [ 1.480, 1.484, -0.004, 2.00e-02, 2.50e+03, 4.78e-02]
  11 " N1 BMTN D  81 " - " O1 BMTN D  81 " [ 1.258, 1.262, -0.004, 2.00e-02, 2.50e+03, 3.99e-02]
  12 " C5  MTN A  81 " - " N1  MTN A  81 " [ 1.480, 1.483, -0.003, 2.00e-02, 2.50e+03, 2.67e-02]
  13 " C5  MTN C  81 " - " N1  MTN C  81 " [ 1.480, 1.477,  0.003, 2.00e-02, 2.50e+03, 2.58e-02]
  14 " N1  MTN D 281 " - " O1  MTN D 281 " [ 1.258, 1.261, -0.003, 2.00e-02, 2.50e+03, 2.43e-02]
  15 " N1  MTN A  81 " - " O1  MTN A  81 " [ 1.258, 1.261, -0.003, 2.00e-02, 2.50e+03, 2.04e-02]
  16 " C1  MTN A  81 " - " N1  MTN A  81 " [ 1.477, 1.479, -0.002, 2.00e-02, 2.50e+03, 1.11e-02]
  17 " N1 BMTN B  81 " - " O1 BMTN B  81 " [ 1.258, 1.260, -0.002, 2.00e-02, 2.50e+03, 9.11e-03]
  18 " C5  MTN D 281 " - " N1  MTN D 281 " [ 1.480, 1.478,  0.002, 2.00e-02, 2.50e+03, 7.53e-03]
  19 " C5  MTN C 281 " - " N1  MTN C 281 " [ 1.480, 1.481, -0.001, 2.00e-02, 2.50e+03, 4.64e-03]
  20 " C1 BMTN B  81 " - " N1 BMTN B  81 " [ 1.477, 1.478, -0.001, 2.00e-02, 2.50e+03, 2.96e-03]
  21 " N1  MTN C  81 " - " O1  MTN C  81 " [ 1.258, 1.259, -0.001, 2.00e-02, 2.50e+03, 2.96e-03]
  22 " N1  MTN C 281 " - " O1  MTN C 281 " [ 1.258, 1.257,  0.001, 2.00e-02, 2.50e+03, 1.55e-03]
  23 " N1 AMTN B  81 " - " O1 AMTN B  81 " [ 1.258, 1.259, -0.001, 2.00e-02, 2.50e+03, 1.37e-03]
  24 " C1 AMTN B  81 " - " N1 AMTN B  81 " [ 1.477, 1.477,  0.000, 2.00e-02, 2.50e+03, 5.91e-05]
---- angles ---- angles ---- angles ---- angles ---- angles ---- angles 
   1 " C8  MTN C 281 " - " C1  MTN C 281 " - " N1  MTN C 281 " [ 109.60, 113.13, -3.53, 3.00, 0.111, 1.39e+00]
   2 " C5  MTN C 281 " - " N1  MTN C 281 " - " O1  MTN C 281 " [ 122.20, 119.27,  2.93, 3.00, 0.111, 9.53e-01]
   3 " C6  MTN C  81 " - " C5  MTN C  81 " - " N1  MTN C  81 " [ 108.85, 111.71, -2.86, 3.00, 0.111, 9.07e-01]
   4 " C6 AMTN D  81 " - " C5 AMTN D  81 " - " N1 AMTN D  81 " [ 108.85, 111.26, -2.41, 3.00, 0.111, 6.45e-01]
   5 " C9 AMTN D  81 " - " C1 AMTN D  81 " - " N1 AMTN D  81 " [ 109.97, 112.26, -2.29, 3.00, 0.111, 5.81e-01]
   6 " C6 BMTN D  81 " - " C5 BMTN D  81 " - " N1 BMTN D  81 " [ 108.85, 111.11, -2.26, 3.00, 0.111, 5.66e-01]
   7 " C7  MTN C 281 " - " C5  MTN C 281 " - " N1  MTN C 281 " [ 109.16, 111.01, -1.85, 3.00, 0.111, 3.82e-01]
   8 " C9 BMTN D  81 " - " C1 BMTN D  81 " - " N1 BMTN D  81 " [ 109.97, 111.82, -1.85, 3.00, 0.111, 3.80e-01]
   9 " C8 AMTN D  81 " - " C1 AMTN D  81 " - " N1 AMTN D  81 " [ 109.60, 107.84,  1.76, 3.00, 0.111, 3.45e-01]
  10 " C9  MTN A  81 " - " C1  MTN A  81 " - " N1  MTN A  81 " [ 109.97, 108.21,  1.76, 3.00, 0.111, 3.44e-01]
  11 " C5 BMTN B  81 " - " N1 BMTN B  81 " - " O1 BMTN B  81 " [ 122.20, 120.52,  1.68, 3.00, 0.111, 3.15e-01]
  12 " C7  MTN D 281 " - " C5  MTN D 281 " - " N1  MTN D 281 " [ 109.16, 107.50,  1.66, 3.00, 0.111, 3.07e-01]
  13 " C1 AMTN D  81 " - " N1 AMTN D  81 " - " C5 AMTN D  81 " [ 114.61, 112.97,  1.64, 3.00, 0.111, 3.00e-01]
  14 " C9  MTN C  81 " - " C1  MTN C  81 " - " N1  MTN C  81 " [ 109.97, 111.56, -1.59, 3.00, 0.111, 2.82e-01]
  15 " C5  MTN C  81 " - " N1  MTN C  81 " - " O1  MTN C  81 " [ 122.20, 120.67,  1.53, 3.00, 0.111, 2.58e-01]
  16 " C3  MTN C 281 " - " C5  MTN C 281 " - " N1  MTN C 281 " [  99.93,  98.45,  1.48, 3.00, 0.111, 2.45e-01]
  17 " C3  MTN D 281 " - " C5  MTN D 281 " - " N1  MTN D 281 " [  99.93, 101.39, -1.46, 3.00, 0.111, 2.38e-01]
  18 " C8 BMTN D  81 " - " C1 BMTN D  81 " - " N1 BMTN D  81 " [ 109.60, 111.06, -1.46, 3.00, 0.111, 2.38e-01]
  19 " C6  MTN D 281 " - " C5  MTN D 281 " - " N1  MTN D 281 " [ 108.85, 110.29, -1.44, 3.00, 0.111, 2.30e-01]
  20 " C7 AMTN B  81 " - " C5 AMTN B  81 " - " N1 AMTN B  81 " [ 109.16, 110.54, -1.38, 3.00, 0.111, 2.10e-01]
  21 " C5  MTN D 281 " - " N1  MTN D 281 " - " O1  MTN D 281 " [ 122.20, 120.90,  1.30, 3.00, 0.111, 1.87e-01]
  22 " C3  MTN C  81 " - " C5  MTN C  81 " - " N1  MTN C  81 " [  99.93,  98.71,  1.22, 3.00, 0.111, 1.65e-01]
  23 " C1 BMTN B  81 " - " N1 BMTN B  81 " - " C5 BMTN B  81 " [ 114.61, 113.42,  1.19, 3.00, 0.111, 1.56e-01]
  24 " C1 BMTN B  81 " - " N1 BMTN B  81 " - " O1 BMTN B  81 " [ 122.58, 121.39,  1.19, 3.00, 0.111, 1.56e-01]
  25 " C7  MTN C  81 " - " C5  MTN C  81 " - " N1  MTN C  81 " [ 109.16, 107.99,  1.17, 3.00, 0.111, 1.52e-01]
  26 " C9 BMTN B  81 " - " C1 BMTN B  81 " - " N1 BMTN B  81 " [ 109.97, 108.83,  1.14, 3.00, 0.111, 1.45e-01]
  27 " C2 AMTN D  81 " - " C1 AMTN D  81 " - " N1 AMTN D  81 " [  99.99, 101.05, -1.06, 3.00, 0.111, 1.26e-01]
  28 " C5 AMTN B  81 " - " N1 AMTN B  81 " - " O1 AMTN B  81 " [ 122.20, 123.23, -1.03, 3.00, 0.111, 1.17e-01]
  29 " C7  MTN A  81 " - " C5  MTN A  81 " - " N1  MTN A  81 " [ 109.16, 108.19,  0.97, 3.00, 0.111, 1.04e-01]
  30 " C1  MTN D 281 " - " N1  MTN D 281 " - " C5  MTN D 281 " [ 114.61, 113.65,  0.96, 3.00, 0.111, 1.03e-01]
  31 " C3 AMTN D  81 " - " C5 AMTN D  81 " - " N1 AMTN D  81 " [  99.93, 100.84, -0.91, 3.00, 0.111, 9.14e-02]
  32 " C9 AMTN B  81 " - " C1 AMTN B  81 " - " N1 AMTN B  81 " [ 109.97, 109.18,  0.79, 3.00, 0.111, 6.91e-02]
  33 " C8  MTN C  81 " - " C1  MTN C  81 " - " N1  MTN C  81 " [ 109.60, 110.38, -0.78, 3.00, 0.111, 6.70e-02]
  34 " C8 BMTN B  81 " - " C1 BMTN B  81 " - " N1 BMTN B  81 " [ 109.60, 110.37, -0.77, 3.00, 0.111, 6.60e-02]
  35 " C1  MTN C 281 " - " N1  MTN C 281 " - " O1  MTN C 281 " [ 122.58, 123.32, -0.74, 3.00, 0.111, 6.00e-02]
  36 " C1  MTN D 281 " - " N1  MTN D 281 " - " O1  MTN D 281 " [ 122.58, 123.30, -0.72, 3.00, 0.111, 5.81e-02]
  37 " C6 BMTN B  81 " - " C5 BMTN B  81 " - " N1 BMTN B  81 " [ 108.85, 108.13,  0.72, 3.00, 0.111, 5.68e-02]
  38 " C8 AMTN B  81 " - " C1 AMTN B  81 " - " N1 AMTN B  81 " [ 109.60, 108.90,  0.70, 3.00, 0.111, 5.47e-02]
  39 " C2  MTN D 281 " - " C1  MTN D 281 " - " N1  MTN D 281 " [  99.99, 100.64, -0.65, 3.00, 0.111, 4.76e-02]
  40 " C7 BMTN D  81 " - " C5 BMTN D  81 " - " N1 BMTN D  81 " [ 109.16, 109.78, -0.62, 3.00, 0.111, 4.32e-02]
  41 " C5 BMTN D  81 " - " N1 BMTN D  81 " - " O1 BMTN D  81 " [ 122.20, 121.58,  0.62, 3.00, 0.111, 4.25e-02]
  42 " C6  MTN C 281 " - " C5  MTN C 281 " - " N1  MTN C 281 " [ 108.85, 109.47, -0.62, 3.00, 0.111, 4.22e-02]
  43 " C1 AMTN B  81 " - " N1 AMTN B  81 " - " O1 AMTN B  81 " [ 122.58, 122.00,  0.58, 3.00, 0.111, 3.72e-02]
  44 " C1  MTN A  81 " - " N1  MTN A  81 " - " C5  MTN A  81 " [ 114.61, 114.04,  0.57, 3.00, 0.111, 3.66e-02]
  45 " C2  MTN C 281 " - " C1  MTN C 281 " - " N1  MTN C 281 " [  99.99, 100.56, -0.57, 3.00, 0.111, 3.56e-02]
  46 " C3  MTN A  81 " - " C5  MTN A  81 " - " N1  MTN A  81 " [  99.93, 100.49, -0.56, 3.00, 0.111, 3.52e-02]
  47 " C5  MTN A  81 " - " N1  MTN A  81 " - " O1  MTN A  81 " [ 122.20, 122.72, -0.52, 3.00, 0.111, 3.06e-02]
  48 " C1 AMTN D  81 " - " N1 AMTN D  81 " - " O1 AMTN D  81 " [ 122.58, 122.07,  0.51, 3.00, 0.111, 2.93e-02]
  49 " C3 BMTN D  81 " - " C5 BMTN D  81 " - " N1 BMTN D  81 " [  99.93,  99.45,  0.48, 3.00, 0.111, 2.52e-02]
  50 " C1  MTN C  81 " - " N1  MTN C  81 " - " C5  MTN C  81 " [ 114.61, 115.08, -0.47, 3.00, 0.111, 2.45e-02]
  51 " C8  MTN A  81 " - " C1  MTN A  81 " - " N1  MTN A  81 " [ 109.60, 110.04, -0.44, 3.00, 0.111, 2.13e-02]
  52 " C6 AMTN B  81 " - " C5 AMTN B  81 " - " N1 AMTN B  81 " [ 108.85, 109.24, -0.39, 3.00, 0.111, 1.73e-02]
  53 " C9  MTN C 281 " - " C1  MTN C 281 " - " N1  MTN C 281 " [ 109.97, 109.66,  0.31, 3.00, 0.111, 1.06e-02]
  54 " C3 BMTN B  81 " - " C5 BMTN B  81 " - " N1 BMTN B  81 " [  99.93, 100.24, -0.31, 3.00, 0.111, 1.05e-02]
  55 " C1  MTN C 281 " - " N1  MTN C 281 " - " C5  MTN C 281 " [ 114.61, 114.86, -0.25, 3.00, 0.111, 7.11e-03]
  56 " C9  MTN D 281 " - " C1  MTN D 281 " - " N1  MTN D 281 " [ 109.97, 109.72,  0.25, 3.00, 0.111, 6.81e-03]
  57 " C2 BMTN B  81 " - " C1 BMTN B  81 " - " N1 BMTN B  81 " [  99.99, 100.23, -0.24, 3.00, 0.111, 6.53e-03]
  58 " C7 BMTN B  81 " - " C5 BMTN B  81 " - " N1 BMTN B  81 " [ 109.16, 109.03,  0.13, 3.00, 0.111, 2.01e-03]
  59 " C1  MTN C  81 " - " N1  MTN C  81 " - " O1  MTN C  81 " [ 122.58, 122.69, -0.11, 3.00, 0.111, 1.26e-03]
  60 " C2  MTN A  81 " - " C1  MTN A  81 " - " N1  MTN A  81 " [  99.99,  99.88,  0.11, 3.00, 0.111, 1.24e-03]
  61 " C1 AMTN B  81 " - " N1 AMTN B  81 " - " C5 AMTN B  81 " [ 114.61, 114.71, -0.10, 3.00, 0.111, 1.13e-03]
  62 " C2  MTN C  81 " - " C1  MTN C  81 " - " N1  MTN C  81 " [  99.99, 100.08, -0.09, 3.00, 0.111, 9.78e-04]
  63 " C1 BMTN D  81 " - " N1 BMTN D  81 " - " O1 BMTN D  81 " [ 122.58, 122.49,  0.09, 3.00, 0.111, 9.19e-04]
  64 " C2 AMTN B  81 " - " C1 AMTN B  81 " - " N1 AMTN B  81 " [  99.99, 100.07, -0.08, 3.00, 0.111, 7.41e-04]
  65 " C8  MTN D 281 " - " C1  MTN D 281 " - " N1  MTN D 281 " [ 109.60, 109.67, -0.07, 3.00, 0.111, 4.93e-04]
  66 " C3 AMTN B  81 " - " C5 AMTN B  81 " - " N1 AMTN B  81 " [  99.93,  99.86,  0.07, 3.00, 0.111, 4.71e-04]
  67 " C7 AMTN D  81 " - " C5 AMTN D  81 " - " N1 AMTN D  81 " [ 109.16, 109.10,  0.06, 3.00, 0.111, 4.09e-04]
  68 " C1 BMTN D  81 " - " N1 BMTN D  81 " - " C5 BMTN D  81 " [ 114.61, 114.56,  0.05, 3.00, 0.111, 3.29e-04]
  69 " C2 BMTN D  81 " - " C1 BMTN D  81 " - " N1 BMTN D  81 " [  99.99, 100.03, -0.04, 3.00, 0.111, 1.61e-04]
  70 " C1  MTN A  81 " - " N1  MTN A  81 " - " O1  MTN A  81 " [ 122.58, 122.60, -0.02, 3.00, 0.111, 5.84e-05]
  71 " C5 AMTN D  81 " - " N1 AMTN D  81 " - " O1 AMTN D  81 " [ 122.20, 122.19,  0.01, 3.00, 0.111, 4.74e-06]
  72 " C6  MTN A  81 " - " C5  MTN A  81 " - " N1  MTN A  81 " [ 108.85, 108.84,  0.01, 3.00, 0.111, 4.15e-06]
---- dihedrals ---- dihedrals ---- dihedrals ---- dihedrals ---- dihedrals ---- dihedrals 
   1 " C2 BMTN D  81 " - " C1 BMTN D  81 " - " N1 BMTN D  81 " - " O1 BMTN D  81 " [ -180.00, -160.30,  -19.70,  1,   60.00, 2.78e-04,    0.16]
   2 " C2  MTN D 281 " - " C1  MTN D 281 " - " N1  MTN D 281 " - " O1  MTN D 281 " [ -180.00, -160.45,  -19.55,  1,   60.00, 2.78e-04,    0.15]
   3 " C3 BMTN D  81 " - " C5 BMTN D  81 " - " N1 BMTN D  81 " - " O1 BMTN D  81 " [  180.00,  160.57,   19.43,  1,   60.00, 2.78e-04,    0.15]
   4 " C3  MTN D 281 " - " C5  MTN D 281 " - " N1  MTN D 281 " - " O1  MTN D 281 " [  180.00,  160.80,   19.20,  1,   60.00, 2.78e-04,    0.15]
   5 " C2  MTN C 281 " - " C1  MTN C 281 " - " N1  MTN C 281 " - " O1  MTN C 281 " [  180.00,  160.97,   19.03,  1,   60.00, 2.78e-04,    0.15]
   6 " C2 AMTN D  81 " - " C1 AMTN D  81 " - " N1 AMTN D  81 " - " O1 AMTN D  81 " [ -180.00, -161.65,  -18.35,  1,   60.00, 2.78e-04,    0.14]
   7 " C3 AMTN D  81 " - " C5 AMTN D  81 " - " N1 AMTN D  81 " - " O1 AMTN D  81 " [  180.00,  162.26,   17.74,  1,   60.00, 2.78e-04,    0.13]
   8 " C3  MTN C 281 " - " C5  MTN C 281 " - " N1  MTN C 281 " - " O1  MTN C 281 " [  180.00, -162.93,  -17.07,  1,   60.00, 2.78e-04,    0.12]
   9 " C2  MTN C  81 " - " C1  MTN C  81 " - " N1  MTN C  81 " - " O1  MTN C  81 " [  180.00,  165.85,   14.15,  1,   60.00, 2.78e-04,    0.08]
  10 " C3  MTN C  81 " - " C5  MTN C  81 " - " N1  MTN C  81 " - " O1  MTN C  81 " [ -180.00, -165.92,  -14.08,  1,   60.00, 2.78e-04,    0.08]
  11 " C2 BMTN B  81 " - " C1 BMTN B  81 " - " N1 BMTN B  81 " - " O1 BMTN B  81 " [  180.00,  169.49,   10.51,  1,   60.00, 2.78e-04,    0.04]
  12 " C3 BMTN B  81 " - " C5 BMTN B  81 " - " N1 BMTN B  81 " - " O1 BMTN B  81 " [  180.00, -169.73,  -10.27,  1,   60.00, 2.78e-04,    0.04]
  13 " C2 AMTN B  81 " - " C1 AMTN B  81 " - " N1 AMTN B  81 " - " O1 AMTN B  81 " [  180.00,  172.02,    7.98,  1,   60.00, 2.78e-04,    0.03]
  14 " C3 AMTN B  81 " - " C5 AMTN B  81 " - " N1 AMTN B  81 " - " O1 AMTN B  81 " [ -180.00, -172.54,   -7.46,  1,   60.00, 2.78e-04,    0.02]
  15 " C2  MTN A  81 " - " C1  MTN A  81 " - " N1  MTN A  81 " - " O1  MTN A  81 " [ -180.00, -179.62,   -0.38,  1,   60.00, 2.78e-04, 5.85e-05]
  16 " C3  MTN A  81 " - " C5  MTN A  81 " - " N1  MTN A  81 " - " O1  MTN A  81 " [ -180.00, -179.87,   -0.13,  1,   60.00, 2.78e-04, 6.76e-06]
---- chirals ---- chirals ---- chirals ---- chirals ---- chirals ---- chirals 
  None
