
============================== Collecting inputs ==============================


                   ----------Processing PDB file(s)----------                  


  Symmetric amino acids flipped
    None
  Time to flip residues: 0.00s

  Monomer Library directory:
    "/home/liuyoujia/phenix-1.19rc3-4024/modules/chem_data/mon_lib"
  Total number of atoms: 8938
  Number of models: 1
  Model: ""
    Number of chains: 2
    Chain: "A"
      Number of atoms: 8393
      Number of conformers: 1
      Conformer: ""
        Number of residues, atoms: 549, 8393
          Classifications: {'peptide': 549}
          Link IDs: {'PTRANS': 13, 'TRANS': 534, 'PCIS': 1}
          Chain breaks: 3
          Unresolved non-hydrogen bonds: 21
          Unresolved non-hydrogen angles: 26
          Unresolved non-hydrogen dihedrals: 19
          Planarities with less than four sites: {'TYR:plan': 1, 'GLU:plan': 1, 'ARG:plan': 1}
          Unresolved non-hydrogen planarities: 16
    Chain: "A"
      Number of atoms: 545
      Number of conformers: 1
      Conformer: ""
        Number of residues, atoms: 141, 518
          Unknown residues: {'MTN': 1}
          Unusual residues: {' MG': 3, 'C8E': 7}
          Classifications: {'undetermined': 10, 'water': 130}
          Link IDs: {None: 138}
          Chain breaks: 1
  Residues with excluded nonbonded symmetry interactions: 1
    residue:
      pdb=" C1  MTN A 598 " occ=0.78
      ... (25 atoms not shown)
      pdb=" H93 MTN A 598 " occ=0.78
  Number of atoms with unknown nonbonded energy type symbols: 27
    "HETATM 8782  C1  MTN A 598 .*.     C  "
    "HETATM 8783  C2  MTN A 598 .*.     C  "
    "HETATM 8784  C3  MTN A 598 .*.     C  "
    "HETATM 8785  C4  MTN A 598 .*.     C  "
    "HETATM 8786  C5  MTN A 598 .*.     C  "
    "HETATM 8787  C6  MTN A 598 .*.     C  "
    "HETATM 8788  C7  MTN A 598 .*.     C  "
    "HETATM 8789  C8  MTN A 598 .*.     C  "
    "HETATM 8790  C9  MTN A 598 .*.     C  "
    "HETATM 8791  N1  MTN A 598 .*.     N  "
    ... (remaining 17 not shown)
  Time building chain proxies: 0.90, per 1000 atoms: 0.10
  Number of scatterers: 8938
  At special positions: 0
  Unit cell: (81.681, 81.681, 227.148, 90, 90, 120)
  Space group: P 31 2 1 (No. 152)
  Number of sites at special positions: 0
  Number of scattering types: 6
    Type Number    sf(0)
     S       4     16.00
     Mg      3     11.99
     O    1020      8.00
     N     744      7.00
     C    2841      6.00
     H    4326      1.00
    sf(0) = scattering factor at diffraction angle 0.

  Number of disulfides: simple=0, symmetry=0
  Custom bonds:
    Warning: Ignoring bond with distance_ideal = None:
      atom_selection_1 = None
      atom_selection_2 = None
    Total number of added/changed bonds: 0
  Custom angles:
    Warning: Ignoring angle with angle_ideal = None:
      atom_selection_1 = None
      atom_selection_2 = None
      atom_selection_3 = None
    Total number of new custom angles: 0
    Total number of changed angles: 0
  Custom dihedrals:
    Warning: Ignoring dihedral with angle_ideal = None:
      atom_selection_1 = None
      atom_selection_2 = None
      atom_selection_3 = None
      atom_selection_4 = None
    Total number of custom dihedrals: 0
  Custom planarities:
    Warning: Ignoring planarity with with sigma <= 0:
      atom_selection = None
None
    Total number of custom planarities: 0
  Custom parallelities:
Warning: Ignoring parallelity with empty atom selection.
    Total number of custom parallelities: 0
  Custom bonds:
    Warning: Ignoring bond with distance_ideal = None:
      atom_selection_1 = None
      atom_selection_2 = None
    Total number of added/changed bonds: 0
  Custom angles:
    Warning: Ignoring angle with angle_ideal = None:
      atom_selection_1 = None
      atom_selection_2 = None
      atom_selection_3 = None
    Total number of new custom angles: 0
    Total number of changed angles: 0
  Custom dihedrals:
    Warning: Ignoring dihedral with angle_ideal = None:
      atom_selection_1 = None
      atom_selection_2 = None
      atom_selection_3 = None
      atom_selection_4 = None
    Total number of custom dihedrals: 0
  Custom planarities:
    Warning: Ignoring planarity with with sigma <= 0:
      atom_selection = None
None
    Total number of custom planarities: 0
  Custom parallelities:
Warning: Ignoring parallelity with empty atom selection.
    Total number of custom parallelities: 0

  Automatic linking
    Parameters for automatic linking
      Linking & cutoffs
        Metal                : False - 3.50
        Amimo acid           : False - 1.90
        Carbohydrate         : True  - 1.99
        Ligands              : True  - 1.99
        Small molecules      : False - 1.98
        Amino acid - RNA/DNA : False
      
  Number of custom bonds: simple=1, symmetry=0
  Number of additional bonds: simple=1, symmetry=0
  Coordination:
  Other bonds:
  Time building additional restraints: 1.35
  Switching to conformation-dependent library
  Conformation dependent library (CDL) restraints added in 128.8 milliseconds
  
  Adding C-beta torsion restraints...
  Number of C-beta restraints generated:  980

  Time building geometry restraints manager: 1.53 seconds

  NOTE: a complete listing of the restraints can be obtained by requesting
        output of .geo file.

  Histogram of bond lengths:
        0.84 -     1.03: 4080
        1.03 -     1.22: 240
        1.22 -     1.41: 1953
        1.41 -     1.60: 2594
        1.60 -     1.79: 6
  Bond restraints: 8873
  Sorted by residual:
  bond pdb=" CB  GLN A 372 "
       pdb=" CG  GLN A 372 "
    ideal  model  delta    sigma   weight residual
    1.520  1.337  0.183 3.00e-02 1.11e+03 3.73e+01
  bond pdb=" CD  GLN A 521 "
       pdb=" OE1 GLN A 521 "
    ideal  model  delta    sigma   weight residual
    1.231  1.286 -0.055 1.90e-02 2.77e+03 8.30e+00
  bond pdb=" CB  ARG A 384 "
       pdb=" CG  ARG A 384 "
    ideal  model  delta    sigma   weight residual
    1.520  1.440  0.080 3.00e-02 1.11e+03 7.05e+00
  bond pdb=" CA  GLY A 369 "
       pdb=" C   GLY A 369 "
    ideal  model  delta    sigma   weight residual
    1.519  1.537 -0.018 7.00e-03 2.04e+04 6.68e+00
  bond pdb=" CG  GLN A 372 "
       pdb=" CD  GLN A 372 "
    ideal  model  delta    sigma   weight residual
    1.516  1.453  0.063 2.50e-02 1.60e+03 6.31e+00
  ... (remaining 8868 not shown)

  Histogram of bond angle deviations from ideal:
       98.92 -   106.01: 203
      106.01 -   113.10: 9856
      113.10 -   120.19: 2991
      120.19 -   127.28: 2782
      127.28 -   134.37: 47
  Bond angle restraints: 15879
  Sorted by residual:
  angle pdb=" C   GLU A 456 "
        pdb=" N   GLY A 457 "
        pdb=" CA  GLY A 457 "
      ideal   model   delta    sigma   weight residual
     121.41  109.66   11.75 1.96e+00 2.60e-01 3.60e+01
  angle pdb=" CA  TYR A 512 "
        pdb=" CB  TYR A 512 "
        pdb=" CG  TYR A 512 "
      ideal   model   delta    sigma   weight residual
     113.90  105.58    8.32 1.80e+00 3.09e-01 2.14e+01
  angle pdb=" CB  ARG A 384 "
        pdb=" CG  ARG A 384 "
        pdb=" CD  ARG A 384 "
      ideal   model   delta    sigma   weight residual
     111.30  102.63    8.67 2.30e+00 1.89e-01 1.42e+01
  angle pdb=" C   GLN A 372 "
        pdb=" CA  GLN A 372 "
        pdb=" CB  GLN A 372 "
      ideal   model   delta    sigma   weight residual
     109.80  103.41    6.39 1.70e+00 3.46e-01 1.41e+01
  angle pdb=" C   TYR A 512 "
        pdb=" CA  TYR A 512 "
        pdb=" CB  TYR A 512 "
      ideal   model   delta    sigma   weight residual
     110.42  117.82   -7.40 1.99e+00 2.53e-01 1.38e+01
  ... (remaining 15874 not shown)

  Histogram of dihedral angle deviations from ideal:
        0.00 -    35.86: 3439
       35.86 -    71.73: 94
       71.73 -   107.59: 17
      107.59 -   143.45: 9
      143.45 -   179.32: 11
  Dihedral angle restraints: 3570
    sinusoidal: 1653
      harmonic: 1917
  Sorted by residual:
  dihedral pdb=" C14 C8E A 806 "
           pdb=" C16 C8E A 806 "
           pdb=" O15 C8E A 806 "
           pdb=" C17 C8E A 806 "
      ideal   model   delta sinusoidal    sigma   weight residual
      59.98 -120.70 -179.32     1      2.00e+01 2.50e-03 4.80e+01
  dihedral pdb=" C17 C8E A 804 "
           pdb=" C19 C8E A 804 "
           pdb=" O18 C8E A 804 "
           pdb=" C20 C8E A 804 "
      ideal   model   delta sinusoidal    sigma   weight residual
     250.98   75.06  175.92     1      2.00e+01 2.50e-03 4.79e+01
  dihedral pdb=" C14 C8E A 800 "
           pdb=" C16 C8E A 800 "
           pdb=" O15 C8E A 800 "
           pdb=" C17 C8E A 800 "
      ideal   model   delta sinusoidal    sigma   weight residual
      59.98 -113.01  172.99     1      2.00e+01 2.50e-03 4.78e+01
  ... (remaining 3567 not shown)

  Histogram of chiral volume deviations from ideal:
       0.000 -    0.047: 371
       0.047 -    0.095: 188
       0.095 -    0.142: 55
       0.142 -    0.189: 22
       0.189 -    0.237: 7
  Chirality restraints: 643
  Sorted by residual:
  chirality pdb=" CA  ASP A 316 "
            pdb=" N   ASP A 316 "
            pdb=" C   ASP A 316 "
            pdb=" CB  ASP A 316 "
    both_signs  ideal   model   delta    sigma   weight residual
      False      2.51    2.75   -0.24 2.00e-01 2.50e+01 1.40e+00
  chirality pdb=" CA  ILE A 380 "
            pdb=" N   ILE A 380 "
            pdb=" C   ILE A 380 "
            pdb=" CB  ILE A 380 "
    both_signs  ideal   model   delta    sigma   weight residual
      False      2.43    2.65   -0.22 2.00e-01 2.50e+01 1.18e+00
  chirality pdb=" CB  THR A  71 "
            pdb=" CA  THR A  71 "
            pdb=" OG1 THR A  71 "
            pdb=" CG2 THR A  71 "
    both_signs  ideal   model   delta    sigma   weight residual
      False      2.55    2.34    0.22 2.00e-01 2.50e+01 1.17e+00
  ... (remaining 640 not shown)

  Planarity restraints: 1314
  Sorted by residual:
                                 delta    sigma   weight rms_deltas residual
  plane pdb=" CB  TYR A 436 "    0.000 2.00e-02 2.50e+03   2.89e-02 2.50e+01
        pdb=" CG  TYR A 436 "    0.041 2.00e-02 2.50e+03
        pdb=" CD1 TYR A 436 "    0.003 2.00e-02 2.50e+03
        pdb=" CD2 TYR A 436 "    0.009 2.00e-02 2.50e+03
        pdb=" CE1 TYR A 436 "   -0.005 2.00e-02 2.50e+03
        pdb=" CE2 TYR A 436 "   -0.010 2.00e-02 2.50e+03
        pdb=" CZ  TYR A 436 "    0.040 2.00e-02 2.50e+03
        pdb=" OH  TYR A 436 "    0.039 2.00e-02 2.50e+03
        pdb=" HD1 TYR A 436 "   -0.019 2.00e-02 2.50e+03
        pdb=" HD2 TYR A 436 "   -0.002 2.00e-02 2.50e+03
        pdb=" HE1 TYR A 436 "   -0.038 2.00e-02 2.50e+03
        pdb=" HE2 TYR A 436 "   -0.056 2.00e-02 2.50e+03
                                 delta    sigma   weight rms_deltas residual
  plane pdb=" CB  TRP A  37 "    0.010 2.00e-02 2.50e+03   2.39e-02 2.29e+01
        pdb=" CG  TRP A  37 "    0.012 2.00e-02 2.50e+03
        pdb=" CD1 TRP A  37 "   -0.007 2.00e-02 2.50e+03
        pdb=" CD2 TRP A  37 "    0.007 2.00e-02 2.50e+03
        pdb=" NE1 TRP A  37 "    0.022 2.00e-02 2.50e+03
        pdb=" CE2 TRP A  37 "    0.012 2.00e-02 2.50e+03
        pdb=" CE3 TRP A  37 "   -0.010 2.00e-02 2.50e+03
        pdb=" CZ2 TRP A  37 "   -0.018 2.00e-02 2.50e+03
        pdb=" CZ3 TRP A  37 "    0.009 2.00e-02 2.50e+03
        pdb=" CH2 TRP A  37 "    0.002 2.00e-02 2.50e+03
        pdb=" HD1 TRP A  37 "   -0.034 2.00e-02 2.50e+03
        pdb=" HE1 TRP A  37 "    0.042 2.00e-02 2.50e+03
        pdb=" HE3 TRP A  37 "   -0.036 2.00e-02 2.50e+03
        pdb=" HZ2 TRP A  37 "   -0.050 2.00e-02 2.50e+03
        pdb=" HZ3 TRP A  37 "    0.028 2.00e-02 2.50e+03
        pdb=" HH2 TRP A  37 "    0.011 2.00e-02 2.50e+03
                                 delta    sigma   weight rms_deltas residual
  plane pdb=" CB  HIS A 368 "   -0.052 2.00e-02 2.50e+03   2.66e-02 1.59e+01
        pdb=" CG  HIS A 368 "    0.041 2.00e-02 2.50e+03
        pdb=" ND1 HIS A 368 "    0.024 2.00e-02 2.50e+03
        pdb=" CD2 HIS A 368 "    0.016 2.00e-02 2.50e+03
        pdb=" CE1 HIS A 368 "    0.001 2.00e-02 2.50e+03
        pdb=" NE2 HIS A 368 "   -0.009 2.00e-02 2.50e+03
        pdb=" HD2 HIS A 368 "    0.016 2.00e-02 2.50e+03
        pdb=" HE1 HIS A 368 "   -0.008 2.00e-02 2.50e+03
        pdb=" HE2 HIS A 368 "   -0.028 2.00e-02 2.50e+03
  ... (remaining 1311 not shown)

  Histogram of nonbonded interaction distances:
        0.93 -     1.66: 51
        1.66 -     2.40: 4281
        2.40 -     3.13: 26857
        3.13 -     3.87: 38555
        3.87 -     4.60: 62323
  Warning: very small nonbonded interaction distances.
  Nonbonded interactions: 132067
  Sorted by model distance:
  nonbonded pdb=" C2  MTN A 598 "
            pdb=" H2  MTN A 598 "
     model   vdw
     0.930 1.000
  nonbonded pdb=" C8  MTN A 598 "
            pdb=" H81 MTN A 598 "
     model   vdw
     0.969 1.000
  nonbonded pdb=" C4  MTN A 598 "
            pdb=" H42 MTN A 598 "
     model   vdw
     0.969 1.000
  nonbonded pdb=" C7  MTN A 598 "
            pdb=" H71 MTN A 598 "
     model   vdw
     0.970 1.000
  nonbonded pdb=" C9  MTN A 598 "
            pdb=" H92 MTN A 598 "
     model   vdw
     0.970 1.000
  ... (remaining 132062 not shown)

  NOTE: a complete listing of the restraints can be obtained by requesting
        output of .geo file.

End of input processing

  Symmetric amino acids flipped
    None
  Time to flip residues: 0.00s

  Monomer Library directory:
    "/home/liuyoujia/phenix-1.19rc3-4024/modules/chem_data/mon_lib"
  Total number of atoms: 8938
  Number of models: 1
  Model: ""
    Number of chains: 2
    Chain: "A"
      Number of atoms: 8393
      Number of conformers: 1
      Conformer: ""
        Number of residues, atoms: 549, 8393
          Classifications: {'peptide': 549}
          Link IDs: {'PTRANS': 13, 'TRANS': 534, 'PCIS': 1}
          Chain breaks: 3
          Unresolved non-hydrogen bonds: 21
          Unresolved non-hydrogen angles: 26
          Unresolved non-hydrogen dihedrals: 19
          Planarities with less than four sites: {'TYR:plan': 1, 'GLU:plan': 1, 'ARG:plan': 1}
          Unresolved non-hydrogen planarities: 16
    Chain: "A"
      Number of atoms: 545
      Number of conformers: 1
      Conformer: ""
        Number of residues, atoms: 141, 518
          Unknown residues: {'MTN': 1}
          Unusual residues: {' MG': 3, 'C8E': 7}
          Classifications: {'undetermined': 10, 'water': 130}
          Link IDs: {None: 138}
          Chain breaks: 1
  Residues with excluded nonbonded symmetry interactions: 1
    residue:
      pdb=" C1  MTN A 598 " occ=0.78
      ... (25 atoms not shown)
      pdb=" H93 MTN A 598 " occ=0.78
  Number of atoms with unknown nonbonded energy type symbols: 27
    "HETATM 8782  C1  MTN A 598 .*.     C  "
    "HETATM 8783  C2  MTN A 598 .*.     C  "
    "HETATM 8784  C3  MTN A 598 .*.     C  "
    "HETATM 8785  C4  MTN A 598 .*.     C  "
    "HETATM 8786  C5  MTN A 598 .*.     C  "
    "HETATM 8787  C6  MTN A 598 .*.     C  "
    "HETATM 8788  C7  MTN A 598 .*.     C  "
    "HETATM 8789  C8  MTN A 598 .*.     C  "
    "HETATM 8790  C9  MTN A 598 .*.     C  "
    "HETATM 8791  N1  MTN A 598 .*.     N  "
    ... (remaining 17 not shown)
  Time building chain proxies: 0.97, per 1000 atoms: 0.11
  Number of scatterers: 8938
  At special positions: 0
  Unit cell: (81.681, 81.681, 227.148, 90, 90, 120)
  Space group: P 31 2 1 (No. 152)
  Number of sites at special positions: 0
  Number of scattering types: 6
    Type Number    sf(0)
     S       4     16.00
     Mg      3     11.99
     O    1020      8.00
     N     744      7.00
     C    2841      6.00
     H    4326      1.00
    sf(0) = scattering factor at diffraction angle 0.


=============================== Model properties ==============================

  Overall:
    Number of atoms = 4612  (anisotropic = 0)
    B_iso: mean =  66.2  max = 132.5  min =  35.6
    Occupancy: mean = 1.00  max = 1.00  min = 0.00
      warning: 2 atoms with zero occupancy
    47 total B-factor or occupancy problem(s) detected
    Atoms or residues with zero occupancy:
     LYS A 163   CE    occ=0.00
     ASP A 212   CG    occ=0.00
  (Hydrogen atoms not included in overall counts.)

============================= Geometry restraints =============================


                        ----------Bond lengths----------                       

  atoms                 ideal   model   delta   sigma   slack  residual   deviation
   A 372  GLN  CB     
   A 372  GLN  CG          1.52     1.34     0.18  3.00e-02  3.73e+01   6.1*sigma

  Min. delta:    0.000 (Z=  0.000)
  Max. delta:    0.183 (Z= 12.814)
  Mean delta:    0.013 (Z=  0.707)

                        ----------Bond angles----------                        

  atoms                   ideal    model    delta   sigma  residual   deviation
   A 456  GLU  C      
   A 457  GLY  N      
   A 457  GLY  CA        121.41   109.66    11.75  1.96e+00  3.60e+01   6.0*sigma
   A 512  TYR  CA     
   A 512  TYR  CB     
   A 512  TYR  CG        113.90   105.58     8.32  1.80e+00  2.14e+01   4.6*sigma

  Min. delta:    0.000 (Z=  0.000)
  Max. delta:   11.753 (Z=  5.997)
  Mean delta:    1.354 (Z=  0.729)

                      ----------Dihedral angles----------                      

  atoms                   ideal    model    delta   sigma  residual   deviation
   A 806  C8E  C14    
   A 806  C8E  C16    
   A 806  C8E  O15    
   A 806  C8E  C17        59.98  -120.70  -179.32  2.00e+01  4.80e+01   9.0*sigma
   A 804  C8E  C17    
   A 804  C8E  C19    
   A 804  C8E  O18    
   A 804  C8E  C20      -109.02    75.06   175.92  2.00e+01  4.79e+01   8.8*sigma
   A 800  C8E  C14    
   A 800  C8E  C16    
   A 800  C8E  O15    
   A 800  C8E  C17        59.98  -113.01   172.99  2.00e+01  4.78e+01   8.6*sigma
   A 803  C8E  C17    
   A 803  C8E  C19    
   A 803  C8E  O18    
   A 803  C8E  C20      -109.02    84.66   166.32  2.00e+01  4.73e+01   8.3*sigma
   A 801  C8E  C10    
   A 801  C8E  C11    
   A 801  C8E  O12    
   A 801  C8E  C13        99.41   -96.10  -164.50  2.00e+01  4.71e+01   8.2*sigma
   A 803  C8E  C10    
   A 803  C8E  C8     
   A 803  C8E  O9     
   A 803  C8E  C7        -73.00    87.88  -160.88  2.00e+01  4.67e+01   8.0*sigma
   A 803  C8E  C16    
   A 803  C8E  C17    
   A 803  C8E  O18    
   A 803  C8E  C19        59.25  -145.97  -154.78  2.00e+01  4.57e+01   7.7*sigma
   A 802  C8E  C14    
   A 802  C8E  C16    
   A 802  C8E  O15    
   A 802  C8E  C17        59.98  -146.70  -153.32  2.00e+01  4.54e+01   7.7*sigma
   A 804  C8E  C14    
   A 804  C8E  C16    
   A 804  C8E  O15    
   A 804  C8E  C17        59.98   -89.52   149.51  2.00e+01  4.47e+01   7.5*sigma
   A 804  C8E  C16    
   A 804  C8E  C17    
   A 804  C8E  O18    
   A 804  C8E  C19        59.25  -155.19  -145.56  2.00e+01  4.38e+01   7.3*sigma
   A 802  C8E  C17    
   A 802  C8E  C19    
   A 802  C8E  O18    
   A 802  C8E  C20      -109.02   105.99   144.99  2.00e+01  4.37e+01   7.2*sigma
   A 806  C8E  C11    
   A 806  C8E  C10    
   A 806  C8E  O9     
   A 806  C8E  C8        167.31   -53.07  -139.61  2.00e+01  4.23e+01   7.0*sigma
   A 806  C8E  C10    
   A 806  C8E  C8     
   A 806  C8E  O9     
   A 806  C8E  C7        -73.00   158.43   128.57  2.00e+01  3.90e+01   6.4*sigma
   A 804  C8E  C10    
   A 804  C8E  C11    
   A 804  C8E  O12    
   A 804  C8E  C13        99.41  -134.83  -125.77  2.00e+01  3.80e+01   6.3*sigma
   A 802  C8E  C16    
   A 802  C8E  C17    
   A 802  C8E  O18    
   A 802  C8E  C19        59.25  -179.20  -121.55  2.00e+01  3.66e+01   6.1*sigma
   A 803  C8E  C14    
   A 803  C8E  C16    
   A 803  C8E  O15    
   A 803  C8E  C17        59.98   -60.24   120.22  2.00e+01  3.61e+01   6.0*sigma
   A 803  C8E  C13    
   A 803  C8E  C14    
   A 803  C8E  O15    
   A 803  C8E  C16      -120.24   123.74   116.02  2.00e+01  3.45e+01   5.8*sigma
   A 801  C8E  C10    
   A 801  C8E  C8     
   A 801  C8E  O9     
   A 801  C8E  C7        -73.00   171.93   115.07  2.00e+01  3.42e+01   5.8*sigma
   A 800  C8E  C16    
   A 800  C8E  C17    
   A 800  C8E  O18    
   A 800  C8E  C19        59.25   172.99  -113.74  2.00e+01  3.37e+01   5.7*sigma
   A 801  C8E  C16    
   A 801  C8E  C17    
   A 801  C8E  O18    
   A 801  C8E  C19        59.25   -44.92   104.17  2.00e+01  2.99e+01   5.2*sigma
   A 581  THR  CA     
   A 581  THR  C      
   A 582  ALA  N      
   A 582  ALA  CA        180.00  -154.43   -25.57  5.00e+00  2.62e+01   5.1*sigma
   A 800  C8E  C13    
   A 800  C8E  C14    
   A 800  C8E  O15    
   A 800  C8E  C16      -120.24   137.64   102.12  2.00e+01  2.90e+01   5.1*sigma
   A 806  C8E  C10    
   A 806  C8E  C11    
   A 806  C8E  O12    
   A 806  C8E  C13        99.41  -167.53   -93.07  2.00e+01  2.53e+01   4.7*sigma
   A 173  ALA  CA     
   A 173  ALA  C      
   A 174  HIS  N      
   A 174  HIS  CA        180.00  -157.21   -22.79  5.00e+00  2.08e+01   4.6*sigma
   A 801  C8E  C11    
   A 801  C8E  C13    
   A 801  C8E  O12    
   A 801  C8E  C14       112.46  -161.48   -86.06  2.00e+01  2.24e+01   4.3*sigma
   A 487  ARG  CA     
   A 487  ARG  C      
   A 488  ASN  N      
   A 488  ASN  CA        180.00   158.69    21.31  5.00e+00  1.82e+01   4.3*sigma
   A 800  C8E  C10    
   A 800  C8E  C11    
   A 800  C8E  O12    
   A 800  C8E  C13        99.41  -179.31   -81.28  2.00e+01  2.04e+01   4.1*sigma
   A 512  TYR  CA     
   A 512  TYR  C      
   A 513  ASP  N      
   A 513  ASP  CA        180.00   159.70    20.30  5.00e+00  1.65e+01   4.1*sigma
   A 521  GLN  CA     
   A 521  GLN  C      
   A 522  TYR  N      
   A 522  TYR  CA        180.00   159.85    20.15  5.00e+00  1.62e+01   4.0*sigma

  Min. delta:    0.002
  Max. delta:  179.316
  Mean delta:   23.968

                       ----------Chiral volumes----------                      

  All restrained atoms within 4.0 sigma of ideal values.

  Min. delta:    0.000
  Max. delta:    0.237
  Mean delta:    0.065

                       ----------Planar groups----------                       

  All restrained atoms within 4.0 sigma of ideal values.

  Min. delta:    0.000
  Max. delta:    0.098
  Mean delta:    0.011

============================= Hydrogen validation =============================


                ----------H/D atoms in the input model----------               

  Total number of hydrogen atoms : 4326
  Total number of deuterium atoms: 0
  Number of H atoms (protein)    : 4073
  Number of D atoms (protein)    : 0
  Number of H atoms (water)      : 0
  Number of D atoms (water)      : 0
  Number of H atoms (other)      : 253
  Number of D atoms (other)      : 0

                      ----------Water molecules----------                      

  Number of water                            : 130
  Number of water with 0 H (or D)            : 130
  Number of water with 1 H (or D)            : 0
  Number of water with 2 H (or D)            : 0
  Number of water in alternative conformation: 0
  Number of water without oxygen atom        : 0

             ----------H (or D) atoms with zero occupancy----------            

  pdb=" HD3 LYS A 163 "
  pdb=" HZ3 LYS A 163 "

                    ----------MISSING H or D atoms----------                   

  ASP A   6  conformer  : H 
  HIS A  75  conformer  : HD1 
  HIS A 174  conformer  : HD1 
  HIS A 176  conformer  : HE2 
  GLY A 196  conformer  : H 
  HIS A 208  conformer  : HE2 
  ARG A 226  conformer  : HE, HG2, HH22, HH21, HD2, HH12, HH11, HB2, HB3, HG3, HD3 
  THR A 242  conformer  : H 
  GLU A 259  conformer  : HG2, HB2, HB3, HG3 
  HIS A 271  conformer  : HD1 
  TYR A 277  conformer  : HE2, HE1, HD1, HH, HD2, HB2, HB3 
  SER A 287  conformer  : H 
  HIS A 308  conformer  : HD1 
  HIS A 368  conformer  : HD1 
  CYS A 371  conformer  : HG 
  HIS A 449  conformer  : HD1 
  LYS A 452  conformer  : HE2, HG2, HZ1, HZ3, HZ2, HD2, HG3, HD3, HE3 
  HIS A 477  conformer  : HD1 
  HIS A 558  conformer  : HD1 

============================ Molprobity validation ============================


  Geometry Restraints Library: GeoStd + Monomer Library + CDL v1.2
  Deviations from Ideal Values.
    Bond      :  0.013   0.183   4562
    Angle     :  1.354  11.753   6148
    Chirality :  0.065   0.237    643
    Planarity :  0.011   0.098    783
    Dihedral  : 23.968 179.316   1676
    Min Nonbonded Distance : 1.254
  
  Molprobity Statistics.
    All-atom Clashscore : 5.56
    Ramachandran Plot:
      Outliers :  0.37 %
      Allowed  :  3.51 %
      Favored  : 96.12 %
    Rotamer Outliers :  1.32 %
    Cbeta Deviations :  0.00 %
    Peptide Plane:
      Cis-proline     : 7.14 %
      Cis-general     : 0.00 %
      Twisted Proline : 0.00 %
      Twisted General : 0.00 %
  
  Rama-Z (Ramachandran plot Z-score):
  Interpretation: bad |Rama-Z| > 3; suspicious 2 < |Rama-Z| < 3; good |Rama-Z| < 2.
  Scores for whole/helix/sheet/loop are scaled independently;
  therefore, the values are not related in a simple manner.
    whole:  0.24 (0.35), residues: 541
    helix: -1.06 (1.01), residues: 21
    sheet:  0.64 (0.26), residues: 337
    loop : -0.46 (0.47), residues: 183

                     ----------Asn/Gln/His flips----------                     

   A 174  HIS
   A 150  GLN

=================================== Summary ===================================

  Ramachandran outliers =   0.37 %
                favored =  96.12 %
  Rotamer outliers      =   1.32 %
  C-beta deviations     =     0
  Clashscore            =   5.56
  RMS(bonds)            =   0.0131
  RMS(angles)           =   1.35
  MolProbity score      =   1.66
  Resolution            =   2.30
  R-work                =   0.2107
  R-free                =   0.2559
  Refinement program    = PHENIX

Results written to molprobity.out
Wrote script for Coot: molprobity_coot.py
