
=============================== Model properties ==============================

  Overall:
    Number of atoms = 4612  (anisotropic = 0)
    B_iso: mean =  66.2  max = 132.5  min =  35.6
    Occupancy: mean = 1.00  max = 1.00  min = 0.00
      warning: 2 atoms with zero occupancy
    47 total B-factor or occupancy problem(s) detected
    Atoms or residues with zero occupancy:
     LYS A 163   CE    occ=0.00
     ASP A 212   CG    occ=0.00
  (Hydrogen atoms not included in overall counts.)

============================= Geometry restraints =============================


                        ----------Bond lengths----------                       

  atoms                 ideal   model   delta   sigma   slack  residual   deviation
   A 372  GLN  CB     
   A 372  GLN  CG          1.52     1.34     0.18  3.00e-02  3.73e+01   6.1*sigma

  Min. delta:    0.000 (Z=  0.000)
  Max. delta:    0.183 (Z= 12.814)
  Mean delta:    0.013 (Z=  0.707)

                        ----------Bond angles----------                        

  atoms                   ideal    model    delta   sigma  residual   deviation
   A 456  GLU  C      
   A 457  GLY  N      
   A 457  GLY  CA        121.41   109.66    11.75  1.96e+00  3.60e+01   6.0*sigma
   A 512  TYR  CA     
   A 512  TYR  CB     
   A 512  TYR  CG        113.90   105.58     8.32  1.80e+00  2.14e+01   4.6*sigma

  Min. delta:    0.000 (Z=  0.000)
  Max. delta:   11.753 (Z=  5.997)
  Mean delta:    1.354 (Z=  0.729)

                      ----------Dihedral angles----------                      

  atoms                   ideal    model    delta   sigma  residual   deviation
   A 806  C8E  C14    
   A 806  C8E  C16    
   A 806  C8E  O15    
   A 806  C8E  C17        59.98  -120.70  -179.32  2.00e+01  4.80e+01   9.0*sigma
   A 804  C8E  C17    
   A 804  C8E  C19    
   A 804  C8E  O18    
   A 804  C8E  C20      -109.02    75.06   175.92  2.00e+01  4.79e+01   8.8*sigma
   A 800  C8E  C14    
   A 800  C8E  C16    
   A 800  C8E  O15    
   A 800  C8E  C17        59.98  -113.01   172.99  2.00e+01  4.78e+01   8.6*sigma
   A 803  C8E  C17    
   A 803  C8E  C19    
   A 803  C8E  O18    
   A 803  C8E  C20      -109.02    84.66   166.32  2.00e+01  4.73e+01   8.3*sigma
   A 801  C8E  C10    
   A 801  C8E  C11    
   A 801  C8E  O12    
   A 801  C8E  C13        99.41   -96.10  -164.50  2.00e+01  4.71e+01   8.2*sigma
   A 803  C8E  C10    
   A 803  C8E  C8     
   A 803  C8E  O9     
   A 803  C8E  C7        -73.00    87.88  -160.88  2.00e+01  4.67e+01   8.0*sigma
   A 803  C8E  C16    
   A 803  C8E  C17    
   A 803  C8E  O18    
   A 803  C8E  C19        59.25  -145.97  -154.78  2.00e+01  4.57e+01   7.7*sigma
   A 802  C8E  C14    
   A 802  C8E  C16    
   A 802  C8E  O15    
   A 802  C8E  C17        59.98  -146.70  -153.32  2.00e+01  4.54e+01   7.7*sigma
   A 804  C8E  C14    
   A 804  C8E  C16    
   A 804  C8E  O15    
   A 804  C8E  C17        59.98   -89.52   149.51  2.00e+01  4.47e+01   7.5*sigma
   A 804  C8E  C16    
   A 804  C8E  C17    
   A 804  C8E  O18    
   A 804  C8E  C19        59.25  -155.19  -145.56  2.00e+01  4.38e+01   7.3*sigma
   A 802  C8E  C17    
   A 802  C8E  C19    
   A 802  C8E  O18    
   A 802  C8E  C20      -109.02   105.99   144.99  2.00e+01  4.37e+01   7.2*sigma
   A 806  C8E  C11    
   A 806  C8E  C10    
   A 806  C8E  O9     
   A 806  C8E  C8        167.31   -53.07  -139.61  2.00e+01  4.23e+01   7.0*sigma
   A 806  C8E  C10    
   A 806  C8E  C8     
   A 806  C8E  O9     
   A 806  C8E  C7        -73.00   158.43   128.57  2.00e+01  3.90e+01   6.4*sigma
   A 804  C8E  C10    
   A 804  C8E  C11    
   A 804  C8E  O12    
   A 804  C8E  C13        99.41  -134.83  -125.77  2.00e+01  3.80e+01   6.3*sigma
   A 802  C8E  C16    
   A 802  C8E  C17    
   A 802  C8E  O18    
   A 802  C8E  C19        59.25  -179.20  -121.55  2.00e+01  3.66e+01   6.1*sigma
   A 803  C8E  C14    
   A 803  C8E  C16    
   A 803  C8E  O15    
   A 803  C8E  C17        59.98   -60.24   120.22  2.00e+01  3.61e+01   6.0*sigma
   A 803  C8E  C13    
   A 803  C8E  C14    
   A 803  C8E  O15    
   A 803  C8E  C16      -120.24   123.74   116.02  2.00e+01  3.45e+01   5.8*sigma
   A 801  C8E  C10    
   A 801  C8E  C8     
   A 801  C8E  O9     
   A 801  C8E  C7        -73.00   171.93   115.07  2.00e+01  3.42e+01   5.8*sigma
   A 800  C8E  C16    
   A 800  C8E  C17    
   A 800  C8E  O18    
   A 800  C8E  C19        59.25   172.99  -113.74  2.00e+01  3.37e+01   5.7*sigma
   A 801  C8E  C16    
   A 801  C8E  C17    
   A 801  C8E  O18    
   A 801  C8E  C19        59.25   -44.92   104.17  2.00e+01  2.99e+01   5.2*sigma
   A 581  THR  CA     
   A 581  THR  C      
   A 582  ALA  N      
   A 582  ALA  CA        180.00  -154.43   -25.57  5.00e+00  2.62e+01   5.1*sigma
   A 800  C8E  C13    
   A 800  C8E  C14    
   A 800  C8E  O15    
   A 800  C8E  C16      -120.24   137.64   102.12  2.00e+01  2.90e+01   5.1*sigma
   A 806  C8E  C10    
   A 806  C8E  C11    
   A 806  C8E  O12    
   A 806  C8E  C13        99.41  -167.53   -93.07  2.00e+01  2.53e+01   4.7*sigma
   A 173  ALA  CA     
   A 173  ALA  C      
   A 174  HIS  N      
   A 174  HIS  CA        180.00  -157.21   -22.79  5.00e+00  2.08e+01   4.6*sigma
   A 801  C8E  C11    
   A 801  C8E  C13    
   A 801  C8E  O12    
   A 801  C8E  C14       112.46  -161.48   -86.06  2.00e+01  2.24e+01   4.3*sigma
   A 487  ARG  CA     
   A 487  ARG  C      
   A 488  ASN  N      
   A 488  ASN  CA        180.00   158.69    21.31  5.00e+00  1.82e+01   4.3*sigma
   A 800  C8E  C10    
   A 800  C8E  C11    
   A 800  C8E  O12    
   A 800  C8E  C13        99.41  -179.31   -81.28  2.00e+01  2.04e+01   4.1*sigma
   A 512  TYR  CA     
   A 512  TYR  C      
   A 513  ASP  N      
   A 513  ASP  CA        180.00   159.70    20.30  5.00e+00  1.65e+01   4.1*sigma
   A 521  GLN  CA     
   A 521  GLN  C      
   A 522  TYR  N      
   A 522  TYR  CA        180.00   159.85    20.15  5.00e+00  1.62e+01   4.0*sigma

  Min. delta:    0.002
  Max. delta:  179.316
  Mean delta:   23.968

                       ----------Chiral volumes----------                      

  All restrained atoms within 4.0 sigma of ideal values.

  Min. delta:    0.000
  Max. delta:    0.237
  Mean delta:    0.065

                       ----------Planar groups----------                       

  All restrained atoms within 4.0 sigma of ideal values.

  Min. delta:    0.000
  Max. delta:    0.098
  Mean delta:    0.011

============================= Hydrogen validation =============================


                ----------H/D atoms in the input model----------               

  Total number of hydrogen atoms : 4326
  Total number of deuterium atoms: 0
  Number of H atoms (protein)    : 4073
  Number of D atoms (protein)    : 0
  Number of H atoms (water)      : 0
  Number of D atoms (water)      : 0
  Number of H atoms (other)      : 253
  Number of D atoms (other)      : 0

                      ----------Water molecules----------                      

  Number of water                            : 130
  Number of water with 0 H (or D)            : 130
  Number of water with 1 H (or D)            : 0
  Number of water with 2 H (or D)            : 0
  Number of water in alternative conformation: 0
  Number of water without oxygen atom        : 0

             ----------H (or D) atoms with zero occupancy----------            

  pdb=" HD3 LYS A 163 "
  pdb=" HZ3 LYS A 163 "

                    ----------MISSING H or D atoms----------                   

  ASP A   6  conformer  : H 
  HIS A  75  conformer  : HD1 
  HIS A 174  conformer  : HD1 
  HIS A 176  conformer  : HE2 
  GLY A 196  conformer  : H 
  HIS A 208  conformer  : HE2 
  ARG A 226  conformer  : HE, HG2, HH22, HH21, HD2, HH12, HH11, HB2, HB3, HG3, HD3 
  THR A 242  conformer  : H 
  GLU A 259  conformer  : HG2, HB2, HB3, HG3 
  HIS A 271  conformer  : HD1 
  TYR A 277  conformer  : HE2, HE1, HD1, HH, HD2, HB2, HB3 
  SER A 287  conformer  : H 
  HIS A 308  conformer  : HD1 
  HIS A 368  conformer  : HD1 
  CYS A 371  conformer  : HG 
  HIS A 449  conformer  : HD1 
  LYS A 452  conformer  : HE2, HG2, HZ1, HZ3, HZ2, HD2, HG3, HD3, HE3 
  HIS A 477  conformer  : HD1 
  HIS A 558  conformer  : HD1 

============================ Molprobity validation ============================


  Geometry Restraints Library: GeoStd + Monomer Library + CDL v1.2
  Deviations from Ideal Values.
    Bond      :  0.013   0.183   4562
    Angle     :  1.354  11.753   6148
    Chirality :  0.065   0.237    643
    Planarity :  0.011   0.098    783
    Dihedral  : 23.968 179.316   1676
    Min Nonbonded Distance : 1.254
  
  Molprobity Statistics.
    All-atom Clashscore : 5.56
    Ramachandran Plot:
      Outliers :  0.37 %
      Allowed  :  3.51 %
      Favored  : 96.12 %
    Rotamer Outliers :  1.32 %
    Cbeta Deviations :  0.00 %
    Peptide Plane:
      Cis-proline     : 7.14 %
      Cis-general     : 0.00 %
      Twisted Proline : 0.00 %
      Twisted General : 0.00 %
  
  Rama-Z (Ramachandran plot Z-score):
  Interpretation: bad |Rama-Z| > 3; suspicious 2 < |Rama-Z| < 3; good |Rama-Z| < 2.
  Scores for whole/helix/sheet/loop are scaled independently;
  therefore, the values are not related in a simple manner.
    whole:  0.24 (0.35), residues: 541
    helix: -1.06 (1.01), residues: 21
    sheet:  0.64 (0.26), residues: 337
    loop : -0.46 (0.47), residues: 183

                     ----------Asn/Gln/His flips----------                     

   A 174  HIS
   A 150  GLN

=================================== Summary ===================================

  Ramachandran outliers =   0.37 %
                favored =  96.12 %
  Rotamer outliers      =   1.32 %
  C-beta deviations     =     0
  Clashscore            =   5.56
  RMS(bonds)            =   0.0131
  RMS(angles)           =   1.35
  MolProbity score      =   1.66
  Resolution            =   2.30
  R-work                =   0.2107
  R-free                =   0.2559
  Refinement program    = PHENIX
