
============================== Collecting inputs ==============================


                   ----------Processing PDB file(s)----------                  


  Symmetric amino acids flipped
    None
  Time to flip residues: 0.00s

  Monomer Library directory:
    "/home/liuyoujia/phenix-1.19rc3-4024/modules/chem_data/mon_lib"
  Total number of atoms: 2934
  Number of models: 1
  Model: ""
    Number of chains: 5
    Chain: "A"
      Number of atoms: 2471
      Number of conformers: 2
      Conformer: "A"
        Number of residues, atoms: 314, 2442
          Classifications: {'peptide': 314}
          Modifications used: {'COO': 1}
          Incomplete info: {'truncation_to_alanine': 19}
          Link IDs: {'PTRANS': 16, 'TRANS': 295, 'PCIS': 2}
          Chain breaks: 4
          Unresolved chain link angles: 1
          Unresolved non-hydrogen bonds: 79
          Unresolved non-hydrogen angles: 96
          Unresolved non-hydrogen dihedrals: 69
          Unresolved non-hydrogen chiralities: 1
          Planarities with less than four sites: {'GLN:plan1': 1, 'TYR:plan': 2, 'ASN:plan1': 4, 'ASP:plan': 1, 'GLU:plan': 2, 'ARG:plan': 1}
          Unresolved non-hydrogen planarities: 46
      Conformer: "B"
        Number of residues, atoms: 314, 2442
          Classifications: {'peptide': 314}
          Modifications used: {'COO': 1}
          Incomplete info: {'truncation_to_alanine': 19}
          Link IDs: {'PTRANS': 16, 'TRANS': 295, 'PCIS': 2}
          Chain breaks: 4
          Unresolved chain link angles: 1
          Unresolved non-hydrogen bonds: 79
          Unresolved non-hydrogen angles: 96
          Unresolved non-hydrogen dihedrals: 69
          Unresolved non-hydrogen chiralities: 1
          Planarities with less than four sites: {'GLN:plan1': 1, 'TYR:plan': 2, 'ASN:plan1': 4, 'ASP:plan': 1, 'GLU:plan': 2, 'ARG:plan': 1}
          Unresolved non-hydrogen planarities: 46
          bond proxies already assigned to first conformer: 2467
    Chain: "C"
      Number of atoms: 105
      Number of conformers: 1
      Conformer: ""
        Number of residues, atoms: 13, 105
          Classifications: {'peptide': 13}
          Link IDs: {'PTRANS': 2, 'TRANS': 9, 'PCIS': 1}
    Chain: "C"
      Number of atoms: 27
      Number of conformers: 1
      Conformer: ""
        Number of residues, atoms: 1, 0
          Unknown residues: {'MTN': 1}
          Chain breaks: 1
    Chain: "A"
      Number of atoms: 324
      Number of conformers: 1
      Conformer: ""
        Number of residues, atoms: 324, 324
          Classifications: {'water': 324}
          Link IDs: {None: 323}
    Chain: "C"
      Number of atoms: 7
      Number of conformers: 1
      Conformer: ""
        Number of residues, atoms: 7, 7
          Classifications: {'water': 7}
          Link IDs: {None: 6}
  Residues with excluded nonbonded symmetry interactions: 1
    residue:
      pdb=" N  AARG A 219 " occ=0.68
      ... (20 atoms not shown)
      pdb=" NH2BARG A 219 " occ=0.32
  Number of atoms with unknown nonbonded energy type symbols: 27
    "HETATM 2577  C1  MTN C 101 .*.     C  "
    "HETATM 2578  C2  MTN C 101 .*.     C  "
    "HETATM 2579  C3  MTN C 101 .*.     C  "
    "HETATM 2580  C4  MTN C 101 .*.     C  "
    "HETATM 2581  C5  MTN C 101 .*.     C  "
    "HETATM 2582  C6  MTN C 101 .*.     C  "
    "HETATM 2583  C7  MTN C 101 .*.     C  "
    "HETATM 2584  C8  MTN C 101 .*.     C  "
    "HETATM 2585  C9  MTN C 101 .*.     C  "
    "HETATM 2586  N1  MTN C 101 .*.     N  "
    ... (remaining 17 not shown)
  Time building chain proxies: 0.66, per 1000 atoms: 0.22
  Number of scatterers: 2934
  At special positions: 0
  Unit cell: (71.567, 37.755, 142.176, 90, 94.13, 90)
  Space group: I 1 2 1 (No. 5)
  Number of sites at special positions: 0
  Number of scattering types: 5
    Type Number    sf(0)
     S      20     16.00
     O     827      8.00
     N     436      7.00
     C    1636      6.00
     H      15      1.00
    sf(0) = scattering factor at diffraction angle 0.

  Number of disulfides: simple=5, symmetry=0
    Simple disulfide: pdb=" SG  CYS A 149 " - pdb=" SG  CYS A 302 " distance=2.05
    Simple disulfide: pdb=" SG  CYS A 217 " - pdb=" SG  CYS A 247 " distance=2.01
    Simple disulfide: pdb=" SG  CYS A 263 " - pdb=" SG  CYS A 275 " distance=2.01
    Simple disulfide: pdb=" SG  CYS A 320 " - pdb=" SG  CYS A 418 " distance=2.02
    Simple disulfide: pdb=" SG  CYS A 337 " - pdb=" SG  CYS A 409 " distance=2.07
  Custom bonds:
    Warning: Ignoring bond with distance_ideal = None:
      atom_selection_1 = None
      atom_selection_2 = None
    Total number of added/changed bonds: 0
  Custom angles:
    Warning: Ignoring angle with angle_ideal = None:
      atom_selection_1 = None
      atom_selection_2 = None
      atom_selection_3 = None
    Total number of new custom angles: 0
    Total number of changed angles: 0
  Custom dihedrals:
    Warning: Ignoring dihedral with angle_ideal = None:
      atom_selection_1 = None
      atom_selection_2 = None
      atom_selection_3 = None
      atom_selection_4 = None
    Total number of custom dihedrals: 0
  Custom planarities:
    Warning: Ignoring planarity with with sigma <= 0:
      atom_selection = None
None
    Total number of custom planarities: 0
  Custom parallelities:
Warning: Ignoring parallelity with empty atom selection.
    Total number of custom parallelities: 0
  Custom bonds:
    Warning: Ignoring bond with distance_ideal = None:
      atom_selection_1 = None
      atom_selection_2 = None
    Total number of added/changed bonds: 0
  Custom angles:
    Warning: Ignoring angle with angle_ideal = None:
      atom_selection_1 = None
      atom_selection_2 = None
      atom_selection_3 = None
    Total number of new custom angles: 0
    Total number of changed angles: 0
  Custom dihedrals:
    Warning: Ignoring dihedral with angle_ideal = None:
      atom_selection_1 = None
      atom_selection_2 = None
      atom_selection_3 = None
      atom_selection_4 = None
    Total number of custom dihedrals: 0
  Custom planarities:
    Warning: Ignoring planarity with with sigma <= 0:
      atom_selection = None
None
    Total number of custom planarities: 0
  Custom parallelities:
Warning: Ignoring parallelity with empty atom selection.
    Total number of custom parallelities: 0

  Automatic linking
    Parameters for automatic linking
      Linking & cutoffs
        Metal                : False - 3.50
        Amimo acid           : False - 1.90
        Carbohydrate         : True  - 1.99
        Ligands              : True  - 1.99
        Small molecules      : False - 1.98
        Amino acid - RNA/DNA : False
      
  Number of custom bonds: simple=1, symmetry=0
  Number of additional bonds: simple=1, symmetry=0
  Coordination:
  Other bonds:
  Time building additional restraints: 0.20
  Adding C-beta torsion restraints...
  Number of C-beta restraints generated:  622

  Time building geometry restraints manager: 0.24 seconds

  NOTE: a complete listing of the restraints can be obtained by requesting
        output of .geo file.

  Histogram of bond lengths:
        1.20 -     1.33: 573
        1.33 -     1.46: 740
        1.46 -     1.59: 1295
        1.59 -     1.72: 7
        1.72 -     1.85: 27
  Bond restraints: 2642
  Sorted by residual:
  bond pdb=" N   PRO C  13 "
       pdb=" CD  PRO C  13 "
    ideal  model  delta    sigma   weight residual
    1.473  1.603 -0.130 1.40e-02 5.10e+03 8.61e+01
  bond pdb=" CZ AARG A 219 "
       pdb=" NH1AARG A 219 "
    ideal  model  delta    sigma   weight residual
    1.323  1.384 -0.061 1.40e-02 5.10e+03 1.93e+01
  bond pdb=" CB  ASP A 244 "
       pdb=" CG  ASP A 244 "
    ideal  model  delta    sigma   weight residual
    1.516  1.438  0.078 2.50e-02 1.60e+03 9.66e+00
  bond pdb=" CD  LYS A 245 "
       pdb=" CE  LYS A 245 "
    ideal  model  delta    sigma   weight residual
    1.520  1.602 -0.082 3.00e-02 1.11e+03 7.44e+00
  bond pdb=" C   ILE A 323 "
       pdb=" N   PRO A 324 "
    ideal  model  delta    sigma   weight residual
    1.341  1.298  0.043 1.60e-02 3.91e+03 7.33e+00
  ... (remaining 2637 not shown)

  Histogram of bond angle deviations from ideal:
       95.24 -   103.03: 36
      103.03 -   110.83: 879
      110.83 -   118.63: 1182
      118.63 -   126.43: 1457
      126.43 -   134.23: 35
  Bond angle restraints: 3589
  Sorted by residual:
  angle pdb=" CA  PRO C  13 "
        pdb=" N   PRO C  13 "
        pdb=" CD  PRO C  13 "
      ideal   model   delta    sigma   weight residual
     112.00   97.60   14.40 1.40e+00 5.10e-01 1.06e+02
  angle pdb=" N   PRO A 260 "
        pdb=" CA  PRO A 260 "
        pdb=" CB  PRO A 260 "
      ideal   model   delta    sigma   weight residual
     103.00  108.88   -5.88 1.10e+00 8.26e-01 2.86e+01
  angle pdb=" N   PRO C  13 "
        pdb=" CD  PRO C  13 "
        pdb=" CG  PRO C  13 "
      ideal   model   delta    sigma   weight residual
     103.20   95.24    7.96 1.50e+00 4.44e-01 2.82e+01
  angle pdb=" CA  PRO C  13 "
        pdb=" C   PRO C  13 "
        pdb=" O   PRO C  13 "
      ideal   model   delta    sigma   weight residual
     119.00  103.52   15.48 3.00e+00 1.11e-01 2.66e+01
  angle pdb=" CG  ARG A 128 "
        pdb=" CD  ARG A 128 "
        pdb=" NE  ARG A 128 "
      ideal   model   delta    sigma   weight residual
     112.00  104.30    7.70 2.20e+00 2.07e-01 1.22e+01
  ... (remaining 3584 not shown)

  Histogram of dihedral angle deviations from ideal:
        0.00 -    17.53: 1489
       17.53 -    35.06: 81
       35.06 -    52.58: 26
       52.58 -    70.11: 3
       70.11 -    87.64: 3
  Dihedral angle restraints: 1602
    sinusoidal: 634
      harmonic: 968
  Sorted by residual:
  dihedral pdb=" CA  ILE C  12 "
           pdb=" C   ILE C  12 "
           pdb=" N   PRO C  13 "
           pdb=" CA  PRO C  13 "
      ideal   model   delta  harmonic     sigma   weight residual
    -180.00 -146.33  -33.67     0      5.00e+00 4.00e-02 4.54e+01
  dihedral pdb=" CA  ALA A 279 "
           pdb=" C   ALA A 279 "
           pdb=" N   LYS A 280 "
           pdb=" CA  LYS A 280 "
      ideal   model   delta  harmonic     sigma   weight residual
     180.00  154.93   25.07     0      5.00e+00 4.00e-02 2.51e+01
  dihedral pdb=" CA  ASN A 271 "
           pdb=" C   ASN A 271 "
           pdb=" N   SER A 272 "
           pdb=" CA  SER A 272 "
      ideal   model   delta  harmonic     sigma   weight residual
     180.00  156.05   23.95     0      5.00e+00 4.00e-02 2.29e+01
  ... (remaining 1599 not shown)

  Histogram of chiral volume deviations from ideal:
       0.000 -    0.069: 232
       0.069 -    0.138: 102
       0.138 -    0.208: 26
       0.208 -    0.277: 14
       0.277 -    0.346: 4
  Chirality restraints: 378
  Sorted by residual:
  chirality pdb=" CG  LEU A 195 "
            pdb=" CB  LEU A 195 "
            pdb=" CD1 LEU A 195 "
            pdb=" CD2 LEU A 195 "
    both_signs  ideal   model   delta    sigma   weight residual
      False     -2.59   -2.94    0.35 2.00e-01 2.50e+01 2.99e+00
  chirality pdb=" CG  LEU A 334 "
            pdb=" CB  LEU A 334 "
            pdb=" CD1 LEU A 334 "
            pdb=" CD2 LEU A 334 "
    both_signs  ideal   model   delta    sigma   weight residual
      False     -2.59   -2.90    0.31 2.00e-01 2.50e+01 2.45e+00
  chirality pdb=" CA  PRO C  13 "
            pdb=" N   PRO C  13 "
            pdb=" C   PRO C  13 "
            pdb=" CB  PRO C  13 "
    both_signs  ideal   model   delta    sigma   weight residual
      False      2.72    2.41    0.31 2.00e-01 2.50e+01 2.44e+00
  ... (remaining 375 not shown)

  Planarity restraints: 476
  Sorted by residual:
                                 delta    sigma   weight rms_deltas residual
  plane pdb=" CB  TYR A 117 "    0.066 2.00e-02 2.50e+03   3.74e-02 2.80e+01
        pdb=" CG  TYR A 117 "   -0.044 2.00e-02 2.50e+03
        pdb=" CD1 TYR A 117 "   -0.028 2.00e-02 2.50e+03
        pdb=" CD2 TYR A 117 "   -0.001 2.00e-02 2.50e+03
        pdb=" CE1 TYR A 117 "   -0.003 2.00e-02 2.50e+03
        pdb=" CE2 TYR A 117 "   -0.030 2.00e-02 2.50e+03
        pdb=" CZ  TYR A 117 "   -0.014 2.00e-02 2.50e+03
        pdb=" OH  TYR A 117 "    0.055 2.00e-02 2.50e+03
                                 delta    sigma   weight rms_deltas residual
  plane pdb=" CB  TYR A 242 "    0.048 2.00e-02 2.50e+03   2.58e-02 1.33e+01
        pdb=" CG  TYR A 242 "   -0.030 2.00e-02 2.50e+03
        pdb=" CD1 TYR A 242 "   -0.008 2.00e-02 2.50e+03
        pdb=" CD2 TYR A 242 "   -0.017 2.00e-02 2.50e+03
        pdb=" CE1 TYR A 242 "   -0.018 2.00e-02 2.50e+03
        pdb=" CE2 TYR A 242 "   -0.012 2.00e-02 2.50e+03
        pdb=" CZ  TYR A 242 "    0.000 2.00e-02 2.50e+03
        pdb=" OH  TYR A 242 "    0.037 2.00e-02 2.50e+03
                                 delta    sigma   weight rms_deltas residual
  plane pdb=" CB  TRP A 298 "    0.035 2.00e-02 2.50e+03   2.00e-02 9.99e+00
        pdb=" CG  TRP A 298 "   -0.009 2.00e-02 2.50e+03
        pdb=" CD1 TRP A 298 "   -0.000 2.00e-02 2.50e+03
        pdb=" CD2 TRP A 298 "   -0.010 2.00e-02 2.50e+03
        pdb=" NE1 TRP A 298 "   -0.015 2.00e-02 2.50e+03
        pdb=" CE2 TRP A 298 "   -0.006 2.00e-02 2.50e+03
        pdb=" CE3 TRP A 298 "   -0.039 2.00e-02 2.50e+03
        pdb=" CZ2 TRP A 298 "    0.023 2.00e-02 2.50e+03
        pdb=" CZ3 TRP A 298 "    0.010 2.00e-02 2.50e+03
        pdb=" CH2 TRP A 298 "    0.012 2.00e-02 2.50e+03
  ... (remaining 473 not shown)

  Histogram of nonbonded interaction distances:
        0.98 -     1.70: 41
        1.70 -     2.43: 59
        2.43 -     3.15: 2951
        3.15 -     3.88: 7875
        3.88 -     4.60: 11741
  Warning: very small nonbonded interaction distances.
  Nonbonded interactions: 22667
  Sorted by model distance:
  nonbonded pdb=" C2  MTN C 101 "
            pdb=" H2  MTN C 101 "
     model   vdw
     0.976 1.000
  nonbonded pdb=" C4  MTN C 101 "
            pdb=" H42 MTN C 101 "
     model   vdw
     0.977 1.000
  nonbonded pdb=" C4  MTN C 101 "
            pdb=" H41 MTN C 101 "
     model   vdw
     0.978 1.000
  nonbonded pdb=" C7  MTN C 101 "
            pdb=" H71 MTN C 101 "
     model   vdw
     0.979 1.000
  nonbonded pdb=" C9  MTN C 101 "
            pdb=" H92 MTN C 101 "
     model   vdw
     0.979 1.000
  ... (remaining 22662 not shown)

  NOTE: a complete listing of the restraints can be obtained by requesting
        output of .geo file.

End of input processing

  Symmetric amino acids flipped
    None
  Time to flip residues: 0.00s

  Monomer Library directory:
    "/home/liuyoujia/phenix-1.19rc3-4024/modules/chem_data/mon_lib"
  Total number of atoms: 2934
  Number of models: 1
  Model: ""
    Number of chains: 5
    Chain: "A"
      Number of atoms: 2471
      Number of conformers: 2
      Conformer: "A"
        Number of residues, atoms: 314, 2442
          Classifications: {'peptide': 314}
          Modifications used: {'COO': 1}
          Incomplete info: {'truncation_to_alanine': 19}
          Link IDs: {'PTRANS': 16, 'TRANS': 295, 'PCIS': 2}
          Chain breaks: 4
          Unresolved chain link angles: 1
          Unresolved non-hydrogen bonds: 79
          Unresolved non-hydrogen angles: 96
          Unresolved non-hydrogen dihedrals: 69
          Unresolved non-hydrogen chiralities: 1
          Planarities with less than four sites: {'GLN:plan1': 1, 'TYR:plan': 2, 'ASN:plan1': 4, 'ASP:plan': 1, 'GLU:plan': 2, 'ARG:plan': 1}
          Unresolved non-hydrogen planarities: 46
      Conformer: "B"
        Number of residues, atoms: 314, 2442
          Classifications: {'peptide': 314}
          Modifications used: {'COO': 1}
          Incomplete info: {'truncation_to_alanine': 19}
          Link IDs: {'PTRANS': 16, 'TRANS': 295, 'PCIS': 2}
          Chain breaks: 4
          Unresolved chain link angles: 1
          Unresolved non-hydrogen bonds: 79
          Unresolved non-hydrogen angles: 96
          Unresolved non-hydrogen dihedrals: 69
          Unresolved non-hydrogen chiralities: 1
          Planarities with less than four sites: {'GLN:plan1': 1, 'TYR:plan': 2, 'ASN:plan1': 4, 'ASP:plan': 1, 'GLU:plan': 2, 'ARG:plan': 1}
          Unresolved non-hydrogen planarities: 46
          bond proxies already assigned to first conformer: 2467
    Chain: "C"
      Number of atoms: 105
      Number of conformers: 1
      Conformer: ""
        Number of residues, atoms: 13, 105
          Classifications: {'peptide': 13}
          Link IDs: {'PTRANS': 2, 'TRANS': 9, 'PCIS': 1}
    Chain: "C"
      Number of atoms: 27
      Number of conformers: 1
      Conformer: ""
        Number of residues, atoms: 1, 0
          Unknown residues: {'MTN': 1}
          Chain breaks: 1
    Chain: "A"
      Number of atoms: 324
      Number of conformers: 1
      Conformer: ""
        Number of residues, atoms: 324, 324
          Classifications: {'water': 324}
          Link IDs: {None: 323}
    Chain: "C"
      Number of atoms: 7
      Number of conformers: 1
      Conformer: ""
        Number of residues, atoms: 7, 7
          Classifications: {'water': 7}
          Link IDs: {None: 6}
  Residues with excluded nonbonded symmetry interactions: 1
    residue:
      pdb=" N  AARG A 219 " occ=0.68
      ... (20 atoms not shown)
      pdb=" NH2BARG A 219 " occ=0.32
  Number of atoms with unknown nonbonded energy type symbols: 27
    "HETATM 2577  C1  MTN C 101 .*.     C  "
    "HETATM 2578  C2  MTN C 101 .*.     C  "
    "HETATM 2579  C3  MTN C 101 .*.     C  "
    "HETATM 2580  C4  MTN C 101 .*.     C  "
    "HETATM 2581  C5  MTN C 101 .*.     C  "
    "HETATM 2582  C6  MTN C 101 .*.     C  "
    "HETATM 2583  C7  MTN C 101 .*.     C  "
    "HETATM 2584  C8  MTN C 101 .*.     C  "
    "HETATM 2585  C9  MTN C 101 .*.     C  "
    "HETATM 2586  N1  MTN C 101 .*.     N  "
    ... (remaining 17 not shown)
  Time building chain proxies: 0.65, per 1000 atoms: 0.22
  Number of scatterers: 2934
  At special positions: 0
  Unit cell: (71.567, 37.755, 142.176, 90, 94.13, 90)
  Space group: I 1 2 1 (No. 5)
  Number of sites at special positions: 0
  Number of scattering types: 5
    Type Number    sf(0)
     S      20     16.00
     O     827      8.00
     N     436      7.00
     C    1636      6.00
     H      15      1.00
    sf(0) = scattering factor at diffraction angle 0.


=============================== Model properties ==============================

  Overall:
    Number of atoms = 2919  (anisotropic = 2919)
    B_iso: mean =  21.6  max =  89.8  min =   6.7
    Occupancy: mean = 0.99  max = 1.00  min = 0.00
      warning: 1 atoms with zero occupancy
    36 total B-factor or occupancy problem(s) detected
    Atoms or residues with zero occupancy:
     GLU A 285   CD    occ=0.00
  (Hydrogen atoms not included in overall counts.)

============================= Geometry restraints =============================


                        ----------Bond lengths----------                       

  atoms                 ideal   model   delta   sigma   slack  residual   deviation
   C  13  PRO  N      
   C  13  PRO  CD          1.47     1.60    -0.13  1.40e-02  8.61e+01   9.3*sigma
   A 219 AARG  CZ     
   A 219 AARG  NH1         1.32     1.38    -0.06  1.40e-02  1.93e+01   4.4*sigma

  Min. delta:    0.000 (Z=  0.000)
  Max. delta:    0.130 (Z=  6.496)
  Mean delta:    0.016 (Z=  0.814)

                        ----------Bond angles----------                        

  atoms                   ideal    model    delta   sigma  residual   deviation
   C  13  PRO  CA     
   C  13  PRO  N      
   C  13  PRO  CD        112.00    97.60    14.40  1.40e+00  1.06e+02  10.3*sigma
   A 260  PRO  N      
   A 260  PRO  CA     
   A 260  PRO  CB        103.00   108.88    -5.88  1.10e+00  2.86e+01   5.3*sigma
   C  13  PRO  N      
   C  13  PRO  CD     
   C  13  PRO  CG        103.20    95.24     7.96  1.50e+00  2.82e+01   5.3*sigma
   C  13  PRO  CA     
   C  13  PRO  C      
   C  13  PRO  O         119.00   103.52    15.48  3.00e+00  2.66e+01   5.2*sigma

  Min. delta:    0.000 (Z=  0.000)
  Max. delta:   15.477 (Z= 10.287)
  Mean delta:    1.623 (Z=  0.806)

                      ----------Dihedral angles----------                      

  atoms                   ideal    model    delta   sigma  residual   deviation
   C  12  ILE  CA     
   C  12  ILE  C      
   C  13  PRO  N      
   C  13  PRO  CA        180.00  -146.33   -33.67  5.00e+00  4.54e+01   6.7*sigma
   A 279  ALA  CA     
   A 279  ALA  C      
   A 280  LYS  N      
   A 280  LYS  CA        180.00   154.93    25.07  5.00e+00  2.51e+01   5.0*sigma
   A 271  ASN  CA     
   A 271  ASN  C      
   A 272  SER  N      
   A 272  SER  CA        180.00   156.05    23.95  5.00e+00  2.29e+01   4.8*sigma
   A 164  THR  CA     
   A 164  THR  C      
   A 165  PHE  N      
   A 165  PHE  CA        180.00  -159.25   -20.75  5.00e+00  1.72e+01   4.2*sigma

  Min. delta:    0.017
  Max. delta:   87.638
  Mean delta:   13.195

                       ----------Chiral volumes----------                      

  All restrained atoms within 4.0 sigma of ideal values.

  Min. delta:    0.000
  Max. delta:    0.346
  Mean delta:    0.092

                       ----------Planar groups----------                       

  All restrained atoms within 4.0 sigma of ideal values.

  Min. delta:    0.000
  Max. delta:    0.107
  Mean delta:    0.011

============================= Hydrogen validation =============================


                ----------H/D atoms in the input model----------               

  Total number of hydrogen atoms : 15
  Total number of deuterium atoms: 0
  Number of H atoms (protein)    : 0
  Number of D atoms (protein)    : 0
  Number of H atoms (water)      : 0
  Number of D atoms (water)      : 0
  Number of H atoms (other)      : 15
  Number of D atoms (other)      : 0

                      ----------Water molecules----------                      

  Number of water                            : 331
  Number of water with 0 H (or D)            : 331
  Number of water with 1 H (or D)            : 0
  Number of water with 2 H (or D)            : 0
  Number of water in alternative conformation: 0
  Number of water without oxygen atom        : 0

                    ----------MISSING H or D atoms----------                   

  ASN A 108  conformer  : HD22, HD21, H, HA, HB2, HB3 
  PRO A 109  conformer  : HD2, HA, HG2, HB2, HB3, HG3, HD3 
  TRP A 110  conformer  : HH2, HA, HE1, HE3, HZ3, HZ2, H, HD1, HB2, HB3 
  THR A 111  conformer  : HG22, H, HG21, HG1, HB, HG23, HA 
  GLU A 112  conformer  : H, HA, HG2, HB2, HB3, HG3 
  TYR A 113  conformer  : HE2, HE1, HD1, H, HH, HD2, HA, HB2, HB3 
  MET A 114  conformer  : HE1, HE2, HE3, H, HA, HG2, HB2, HB3, HG3 
  ALA A 115  conformer  : H, HA, HB1, HB3, HB2 
  LYS A 116  conformer  : HA, HE2, HG2, HZ1, HZ3, HZ2, H, HD2, HB2, HB3, HG3, HD3, HE3 
  TYR A 117  conformer  : HE2, HE1, HD1, H, HH, HD2, HA, HB2, HB3 
  ASP A 118  conformer  : H, HA, HB2, HB3 
  ILE A 119  conformer  : H, HG21, HG12, HD13, HB, HD12, HD11, HA, HG23, HG22, HG13 
  GLU A 120  conformer  : H, HA, HG2, HB2, HB3, HG3 
  GLU A 121  conformer  : H, HA, HG2, HB2, HB3, HG3 
  VAL A 122  conformer  : HG11, H, HG21, HG12, HG13, HB, HG23, HA, HG22 
  HIS A 123  conformer  : HE2, HD2, HE1, HD1, H, HA, HB2, HB3 
  GLY A 124  conformer  : H, HA2, HA3 
  SER A 125  conformer  : H, HA, HG, HB2, HB3 
  GLY A 126  conformer  : H, HA2, HA3 
  ILE A 127  conformer  : H, HG21, HG12, HD13, HB, HD12, HD11, HA, HG23, HG22, HG13 
  ARG A 128  conformer  : HA, HE, HG2, HH22, HH21, H, HD2, HH12, HH11, HB2, HB3, HG3, HD3 
  VAL A 129  conformer  : HG11, H, HG21, HG12, HG13, HB, HG23, HA, HG22 
  ASP A 130  conformer  : H, HA, HB2, HB3 
  LEU A 131  conformer  : HD22, HD23, HD21, H, HD13, HD12, HD11, HA, HG, HB2, HB3 
  GLY A 132  conformer  : H, HA2, HA3 
  GLU A 133  conformer  : H, HA, HG2, HB2, HB3, HG3 
  ASP A 134  conformer  : H, HA, HB2, HB3 
  ALA A 135  conformer  : H, HA, HB1, HB3, HB2 
  GLU A 136  conformer  : H, HA, HG2, HB2, HB3, HG3 
  VAL A 137  conformer  : HG11, H, HG21, HG12, HG13, HB, HG23, HA, HG22 
  ALA A 138  conformer  : H, HA, HB1, HB3, HB2 
  GLY A 139  conformer  : H, HA2, HA3 
  THR A 140  conformer  : HG22, H, HG21, HG1, HB, HG23, HA 
  GLN A 141  conformer  : H, HE22, HE21, HA, HG2, HB2, HB3, HG3 
  TYR A 142  conformer  : HE2, HE1, HD1, H, HH, HD2, HA, HB2, HB3 
  ARG A 143  conformer  : HA, HE, HG2, HH22, HH21, H, HD2, HH12, HH11, HB2, HB3, HG3, HD3 
  LEU A 144  conformer  : HD22, HD23, HD21, H, HD13, HD12, HD11, HA, HG, HB2, HB3 
  PRO A 145  conformer  : HD2, HA, HG2, HB2, HB3, HG3, HD3 
  SER A 146  conformer  : H, HA, HG, HB2, HB3 
  GLY A 147  conformer  : H, HA2, HA3 
  LYS A 148  conformer  : HA, HE2, HG2, HZ1, HZ3, HZ2, H, HD2, HB2, HB3, HG3, HD3, HE3 
  CYS A 149  conformer  : H, HA, HG, HB2, HB3 
  PRO A 150  conformer  : HD2, HA, HG2, HB2, HB3, HG3, HD3 
  VAL A 151  conformer  : HG11, H, HG21, HG12, HG13, HB, HG23, HA, HG22 
  PHE A 152  conformer  : HZ, HE2, HE1, HD1, H, HD2, HA, HB2, HB3 
  GLY A 153  conformer  : H, HA2, HA3 
  LYS A 154  conformer  : HA, HE2, HG2, HZ1, HZ3, HZ2, H, HD2, HB2, HB3, HG3, HD3, HE3 
  GLY A 155  conformer  : H, HA2, HA3 
  ILE A 156  conformer  : H, HG21, HG12, HD13, HB, HD12, HD11, HA, HG23, HG22, HG13 
  ILE A 157  conformer  : H, HG21, HG12, HD13, HB, HD12, HD11, HA, HG23, HG22, HG13 
  ILE A 158  conformer  : H, HG21, HG12, HD13, HB, HD12, HD11, HA, HG23, HG22, HG13 
  GLU A 159  conformer  : H, HA, HG2, HB2, HB3, HG3 
  ASN A 160  conformer  : HD22, HD21, H, HA, HB2, HB3 
  SER A 161  conformer  : H, HA, HG, HB2, HB3 
  ASN A 162  conformer  : HD22, HD21, H, HA, HB2, HB3 
  THR A 163  conformer  : HG22, H, HG21, HG1, HB, HG23, HA 
  THR A 164  conformer  : HG22, H, HG21, HG1, HB, HG23, HA 
  PHE A 165  conformer  : HZ, HE2, HE1, HD1, H, HD2, HA, HB2, HB3 
  LEU A 166  conformer  : HD22, HD23, HD21, H, HD13, HD12, HD11, HA, HG, HB2, HB3 
  LYS A 167  conformer  : HA, HE2, HG2, HZ1, HZ3, HZ2, H, HD2, HB2, HB3, HG3, HD3, HE3 
  PRO A 168  conformer  : HD2, HA, HG2, HB2, HB3, HG3, HD3 
  VAL A 169  conformer  : HG11, H, HG21, HG12, HG13, HB, HG23, HA, HG22 
  ALA A 170  conformer  : H, HA, HB1, HB3, HB2 
  THR A 171  conformer  : HG22, H, HG21, HG1, HB, HG23, HA 
  GLY A 172  conformer  : H, HA2, HA3 
  ASN A 173  conformer  : HD22, HD21, H, HA, HB2, HB3 
  GLN A 174  conformer  : H, HE22, HE21, HA, HG2, HB2, HB3, HG3 
  ASP A 175  conformer  : H, HA, HB2, HB3 
  LEU A 176  conformer  : HD22, HD23, HD21, H, HD13, HD12, HD11, HA, HG, HB2, HB3 
  LYS A 177  conformer  : HA, HE2, HG2, HZ1, HZ3, HZ2, H, HD2, HB2, HB3, HG3, HD3, HE3 
  ASP A 178  conformer  : H, HA, HB2, HB3 
  GLY A 179  conformer  : H, HA2, HA3 
  GLY A 180  conformer  : H, HA2, HA3 
  PHE A 181  conformer  : HZ, HE2, HE1, HD1, H, HD2, HA, HB2, HB3 
  ALA A 182  conformer  : H, HA, HB1, HB3, HB2 
  PHE A 183  conformer  : HZ, HE2, HE1, HD1, H, HD2, HA, HB2, HB3 
  PRO A 184  conformer  : HD2, HA, HG2, HB2, HB3, HG3, HD3 
  PRO A 185  conformer  : HD2, HA, HG2, HB2, HB3, HG3, HD3 
  THR A 186  conformer  : HG22, H, HG21, HG1, HB, HG23, HA 
  ASN A 187  conformer  : HD22, HD21, H, HA, HB2, HB3 
  PRO A 188  conformer  : HD2, HA, HG2, HB2, HB3, HG3, HD3 
  LEU A 189  conformer  : HD22, HD23, HD21, H, HD13, HD12, HD11, HA, HG, HB2, HB3 
  ILE A 190  conformer  : H, HG21, HG12, HD13, HB, HD12, HD11, HA, HG23, HG22, HG13 
  SER A 191  conformer  : H, HA, HG, HB2, HB3 
  PRO A 192  conformer  : HD2, HA, HG2, HB2, HB3, HG3, HD3 
  MET A 193  conformer  : HE1, HE2, HE3, H, HA, HG2, HB2, HB3, HG3 
  THR A 194  conformer  : HG22, H, HG21, HG1, HB, HG23, HA 
  LEU A 195  conformer  : HD22, HD23, HD21, H, HD13, HD12, HD11, HA, HG, HB2, HB3 
  ASN A 196  conformer  : HD22, HD21, H, HA, HB2, HB3 
  GLY A 197  conformer  : H, HA2, HA3 
  MET A 198  conformer  : HE1, HE2, HE3, H, HA, HG2, HB2, HB3, HG3 
  ARG A 199  conformer  : HA, HE, HG2, HH22, HH21, H, HD2, HH12, HH11, HB2, HB3, HG3, HD3 
  ASP A 200  conformer  : H, HA, HB2, HB3 
  PHE A 201  conformer  : HZ, HE2, HE1, HD1, H, HD2, HA, HB2, HB3 
  TYR A 202  conformer  : HE2, HE1, HD1, H, HH, HD2, HA, HB2, HB3 
  LYS A 203  conformer  : HA, HE2, HG2, HZ1, HZ3, HZ2, H, HD2, HB2, HB3, HG3, HD3, HE3 
  ASN A 204  conformer  : HD22, HD21, H, HA, HB2, HB3 
  ASN A 205  conformer  : HD22, HD21, H, HA, HB2, HB3 
  GLU A 206  conformer  : H, HA, HG2, HB2, HB3, HG3 
  TYR A 207  conformer  : HE2, HE1, HD1, H, HH, HD2, HA, HB2, HB3 
  VAL A 208  conformer  : HG11, H, HG21, HG12, HG13, HB, HG23, HA, HG22 
  LYS A 209  conformer  : HA, HE2, HG2, HZ1, HZ3, HZ2, H, HD2, HB2, HB3, HG3, HD3, HE3 
  ASN A 210  conformer  : HD22, HD21, H, HA, HB2, HB3 
  LEU A 211  conformer  : HD22, HD23, HD21, H, HD13, HD12, HD11, HA, HG, HB2, HB3 
  ASP A 212  conformer  : H, HA, HB2, HB3 
  GLU A 213  conformer A, B : H, HA, HG2, HB2, HB3, HG3 
  LEU A 214  conformer  : HD22, HD23, HD21, H, HD13, HD12, HD11, HA, HG, HB2, HB3 
  THR A 215  conformer  : HG22, H, HG21, HG1, HB, HG23, HA 
  LEU A 216  conformer  : HD22, HD23, HD21, H, HD13, HD12, HD11, HA, HG, HB2, HB3 
  CYS A 217  conformer  : H, HA, HG, HB2, HB3 
  SER A 218  conformer  : H, HA, HG, HB2, HB3 
  ARG A 219  conformer A, B : HA, HE, HG2, HH22, HH21, H, HD2, HH12, HH11, HB2, HB3, HG3, HD3 
  HIS A 220  conformer  : HE2, HD2, HE1, HD1, H, HA, HB2, HB3 
  ALA A 221  conformer  : H, HA, HB1, HB3, HB2 
  GLY A 222  conformer  : H, HA2, HA3 
  ASN A 223  conformer  : HD22, HD21, H, HA, HB2, HB3 
  MET A 224  conformer  : HE1, HE2, HE3, H, HA, HG2, HB2, HB3, HG3 
  ASN A 225  conformer  : HD22, HD21, H, HA, HB2, HB3 
  PRO A 226  conformer  : HD2, HA, HG2, HB2, HB3, HG3, HD3 
  ASP A 227  conformer  : H, HA, HB2, HB3 
  ASN A 228  conformer  : HD22, HD21, H, HA, HB2, HB3 
  ASP A 229  conformer  : H, HA, HB2, HB3 
  LYS A 230  conformer  : HA, HE2, HG2, HZ1, HZ3, HZ2, H, HD2, HB2, HB3, HG3, HD3, HE3 
  SER A 232  conformer  : H, HA, HG, HB2, HB3 
  ASN A 233  conformer  : HD22, HD21, H, HA, HB2, HB3 
  TYR A 234  conformer  : HE2, HE1, HD1, H, HH, HD2, HA, HB2, HB3 
  LYS A 235  conformer  : HA, HE2, HG2, HZ1, HZ3, HZ2, H, HD2, HB2, HB3, HG3, HD3, HE3 
  TYR A 236  conformer  : HE2, HE1, HD1, H, HH, HD2, HA, HB2, HB3 
  PRO A 237  conformer  : HD2, HA, HG2, HB2, HB3, HG3, HD3 
  ALA A 238  conformer  : H, HA, HB1, HB3, HB2 
  VAL A 239  conformer  : HG11, H, HG21, HG12, HG13, HB, HG23, HA, HG22 
  TYR A 240  conformer  : HE2, HE1, HD1, H, HH, HD2, HA, HB2, HB3 
  ASP A 241  conformer  : H, HA, HB2, HB3 
  TYR A 242  conformer  : HE2, HE1, HD1, H, HH, HD2, HA, HB2, HB3 
  ASN A 243  conformer  : HD22, HD21, H, HA, HB2, HB3 
  ASP A 244  conformer  : H, HA, HB2, HB3 
  LYS A 245  conformer  : HA, HE2, HG2, HZ1, HZ3, HZ2, H, HD2, HB2, HB3, HG3, HD3, HE3 
  LYS A 246  conformer  : HA, HE2, HG2, HZ1, HZ3, HZ2, H, HD2, HB2, HB3, HG3, HD3, HE3 
  CYS A 247  conformer  : H, HA, HG, HB2, HB3 
  HIS A 248  conformer  : HE2, HD2, HE1, HD1, H, HA, HB2, HB3 
  ILE A 249  conformer  : H, HG21, HG12, HD13, HB, HD12, HD11, HA, HG23, HG22, HG13 
  LEU A 250  conformer  : HD22, HD23, HD21, H, HD13, HD12, HD11, HA, HG, HB2, HB3 
  TYR A 251  conformer  : HE2, HE1, HD1, H, HH, HD2, HA, HB2, HB3 
  ILE A 252  conformer  : H, HG21, HG12, HD13, HB, HD12, HD11, HA, HG23, HG22, HG13 
  ALA A 253  conformer  : H, HA, HB1, HB3, HB2 
  ALA A 254  conformer  : H, HA, HB1, HB3, HB2 
  GLN A 255  conformer  : H, HE22, HE21, HA, HG2, HB2, HB3, HG3 
  GLU A 256  conformer  : H, HA, HG2, HB2, HB3, HG3 
  ASN A 257  conformer  : HD22, HD21, H, HA, HB2, HB3 
  ASN A 258  conformer  : HD22, HD21, H, HA, HB2, HB3 
  GLY A 259  conformer  : H, HA2, HA3 
  PRO A 260  conformer  : HD2, HA, HG2, HB2, HB3, HG3, HD3 
  ARG A 261  conformer  : HA, HE, HG2, HH22, HH21, H, HD2, HH12, HH11, HB2, HB3, HG3, HD3 
  TYR A 262  conformer  : HE2, HE1, HD1, H, HH, HD2, HA, HB2, HB3 
  CYS A 263  conformer  : H, HA, HG, HB2, HB3 
  ASN A 271  conformer  : HD22, HD21, H, HA, HB2, HB3 
  SER A 272  conformer  : H, HA, HG, HB2, HB3 
  MET A 273  conformer  : HE1, HE2, HE3, H, HA, HG2, HB2, HB3, HG3 
  PHE A 274  conformer  : HZ, HE2, HE1, HD1, H, HD2, HA, HB2, HB3 
  CYS A 275  conformer  : H, HA, HG, HB2, HB3 
  PHE A 276  conformer  : HZ, HE2, HE1, HD1, H, HD2, HA, HB2, HB3 
  ARG A 277  conformer  : HA, HE, HG2, HH22, HH21, H, HD2, HH12, HH11, HB2, HB3, HG3, HD3 
  PRO A 278  conformer  : HD2, HA, HG2, HB2, HB3, HG3, HD3 
  ALA A 279  conformer  : H, HA, HB1, HB3, HB2 
  LYS A 280  conformer  : HA, HE2, HG2, HZ1, HZ3, HZ2, H, HD2, HB2, HB3, HG3, HD3, HE3 
  ASP A 281  conformer  : H, HA, HB2, HB3 
  LYS A 282  conformer  : HA, HE2, HG2, HZ1, HZ3, HZ2, H, HD2, HB2, HB3, HG3, HD3, HE3 
  LEU A 283  conformer  : HD22, HD23, HD21, H, HD13, HD12, HD11, HA, HG, HB2, HB3 
  PHE A 284  conformer  : HZ, HE2, HE1, HD1, H, HD2, HA, HB2, HB3 
  GLU A 285  conformer  : H, HA, HG2, HB2, HB3, HG3 
  ASN A 286  conformer  : HD22, HD21, H, HA, HB2, HB3 
  TYR A 287  conformer  : HE2, HE1, HD1, H, HH, HD2, HA, HB2, HB3 
  THR A 288  conformer A, B : HG22, H, HG21, HG1, HB, HG23, HA 
  TYR A 289  conformer  : HE2, HE1, HD1, H, HH, HD2, HA, HB2, HB3 
  LEU A 290  conformer  : HD22, HD23, HD21, H, HD13, HD12, HD11, HA, HG, HB2, HB3 
  SER A 291  conformer  : H, HA, HG, HB2, HB3 
  LYS A 292  conformer  : HA, HE2, HG2, HZ1, HZ3, HZ2, H, HD2, HB2, HB3, HG3, HD3, HE3 
  ASN A 293  conformer  : HD22, HD21, H, HA, HB2, HB3 
  VAL A 294  conformer  : HG11, H, HG21, HG12, HG13, HB, HG23, HA, HG22 
  VAL A 295  conformer  : HG11, H, HG21, HG12, HG13, HB, HG23, HA, HG22 
  ASP A 296  conformer  : H, HA, HB2, HB3 
  ASN A 297  conformer  : HD22, HD21, H, HA, HB2, HB3 
  TRP A 298  conformer  : HH2, HA, HE1, HE3, HZ3, HZ2, H, HD1, HB2, HB3 
  GLU A 299  conformer  : H, HA, HG2, HB2, HB3, HG3 
  GLU A 300  conformer  : H, HA, HG2, HB2, HB3, HG3 
  VAL A 301  conformer  : HG11, H, HG21, HG12, HG13, HB, HG23, HA, HG22 
  CYS A 302  conformer  : H, HA, HG, HB2, HB3 
  PRO A 303  conformer  : HD2, HA, HG2, HB2, HB3, HG3, HD3 
  ARG A 304  conformer  : HA, HE, HG2, HH22, HH21, H, HD2, HH12, HH11, HB2, HB3, HG3, HD3 
  LYS A 305  conformer  : HA, HE2, HG2, HZ1, HZ3, HZ2, H, HD2, HB2, HB3, HG3, HD3, HE3 
  ASN A 306  conformer  : HD22, HD21, H, HA, HB2, HB3 
  LEU A 307  conformer  : HD22, HD23, HD21, H, HD13, HD12, HD11, HA, HG, HB2, HB3 
  GLU A 308  conformer  : H, HA, HG2, HB2, HB3, HG3 
  ASN A 309  conformer  : HD22, HD21, H, HA, HB2, HB3 
  ALA A 310  conformer  : H, HA, HB1, HB3, HB2 
  LYS A 311  conformer  : HA, HE2, HG2, HZ1, HZ3, HZ2, H, HD2, HB2, HB3, HG3, HD3, HE3 
  PHE A 312  conformer  : HZ, HE2, HE1, HD1, H, HD2, HA, HB2, HB3 
  GLY A 313  conformer  : H, HA2, HA3 
  LEU A 314  conformer  : HD22, HD23, HD21, H, HD13, HD12, HD11, HA, HG, HB2, HB3 
  TRP A 315  conformer  : HH2, HA, HE1, HE3, HZ3, HZ2, H, HD1, HB2, HB3 
  VAL A 316  conformer  : HG11, H, HG21, HG12, HG13, HB, HG23, HA, HG22 
  ASP A 317  conformer  : H, HA, HB2, HB3 
  GLY A 318  conformer  : H, HA2, HA3 
  ASN A 319  conformer  : HD22, HD21, H, HA, HB2, HB3 
  CYS A 320  conformer  : H, HA, HG, HB2, HB3 
  GLU A 321  conformer  : H, HA, HG2, HB2, HB3, HG3 
  ASP A 322  conformer  : H, HA, HB2, HB3 
  ILE A 323  conformer  : H, HG21, HG12, HD13, HB, HD12, HD11, HA, HG23, HG22, HG13 
  PRO A 324  conformer  : HD2, HA, HG2, HB2, HB3, HG3, HD3 
  HIS A 325  conformer  : HE2, HD2, HE1, HD1, H, HA, HB2, HB3 
  VAL A 326  conformer  : HG11, H, HG21, HG12, HG13, HB, HG23, HA, HG22 
  ASN A 327  conformer  : HD22, HD21, H, HA, HB2, HB3 
  GLU A 328  conformer  : H, HA, HG2, HB2, HB3, HG3 
  PHE A 329  conformer  : HZ, HE2, HE1, HD1, H, HD2, HA, HB2, HB3 
  SER A 330  conformer  : H, HA, HG, HB2, HB3 
  ALA A 331  conformer  : H, HA, HB1, HB3, HB2 
  ASN A 332  conformer  : HD22, HD21, H, HA, HB2, HB3 
  ASP A 333  conformer  : H, HA, HB2, HB3 
  LEU A 334  conformer  : HD22, HD23, HD21, H, HD13, HD12, HD11, HA, HG, HB2, HB3 
  PHE A 335  conformer  : HZ, HE2, HE1, HD1, H, HD2, HA, HB2, HB3 
  GLU A 336  conformer  : H, HA, HG2, HB2, HB3, HG3 
  CYS A 337  conformer  : H, HA, HG, HB2, HB3 
  ASN A 338  conformer  : HD22, HD21, H, HA, HB2, HB3 
  LYS A 339  conformer  : HA, HE2, HG2, HZ1, HZ3, HZ2, H, HD2, HB2, HB3, HG3, HD3, HE3 
  LEU A 340  conformer  : HD22, HD23, HD21, H, HD13, HD12, HD11, HA, HG, HB2, HB3 
  VAL A 341  conformer  : HG11, H, HG21, HG12, HG13, HB, HG23, HA, HG22 
  PHE A 342  conformer  : HZ, HE2, HE1, HD1, H, HD2, HA, HB2, HB3 
  GLU A 343  conformer  : H, HA, HG2, HB2, HB3, HG3 
  LEU A 344  conformer  : HD22, HD23, HD21, H, HD13, HD12, HD11, HA, HG, HB2, HB3 
  SER A 345  conformer  : H, HA, HG, HB2, HB3 
  ALA A 346  conformer  : H, HA, HB1, HB3, HB2 
  SER A 347  conformer  : H, HA, HG, HB2, HB3 
  ASP A 348  conformer  : H, HA, HB2, HB3 
  GLN A 349  conformer  : H, HE22, HE21, HA, HG2, HB2, HB3, HG3 
  PRO A 350  conformer  : HD2, HA, HG2, HB2, HB3, HG3, HD3 
  LYS A 351  conformer  : HA, HE2, HG2, HZ1, HZ3, HZ2, H, HD2, HB2, HB3, HG3, HD3, HE3 
  GLN A 352  conformer  : H, HE22, HE21, HA, HG2, HB2, HB3, HG3 
  TYR A 353  conformer  : HE2, HE1, HD1, H, HH, HD2, HA, HB2, HB3 
  TYR A 360  conformer  : HE2, HE1, HD1, H, HH, HD2, HA, HB2, HB3 
  GLU A 361  conformer  : H, HA, HG2, HB2, HB3, HG3 
  LYS A 362  conformer  : HA, HE2, HG2, HZ1, HZ3, HZ2, H, HD2, HB2, HB3, HG3, HD3, HE3 
  ILE A 363  conformer  : H, HG21, HG12, HD13, HB, HD12, HD11, HA, HG23, HG22, HG13 
  LYS A 364  conformer  : HA, HE2, HG2, HZ1, HZ3, HZ2, H, HD2, HB2, HB3, HG3, HD3, HE3 
  GLU A 365  conformer  : H, HA, HG2, HB2, HB3, HG3 
  GLY A 366  conformer  : H, HA2, HA3 
  PHE A 367  conformer  : HZ, HE2, HE1, HD1, H, HD2, HA, HB2, HB3 
  LYS A 368  conformer  : HA, HE2, HG2, HZ1, HZ3, HZ2, H, HD2, HB2, HB3, HG3, HD3, HE3 
  ASN A 369  conformer  : HD22, HD21, H, HA, HB2, HB3 
  LYS A 370  conformer  : HA, HE2, HG2, HZ1, HZ3, HZ2, H, HD2, HB2, HB3, HG3, HD3, HE3 
  ASN A 371  conformer  : HD22, HD21, H, HA, HB2, HB3 
  ALA A 372  conformer  : H, HA, HB1, HB3, HB2 
  SER A 373  conformer  : H, HA, HG, HB2, HB3 
  MET A 374  conformer  : HE1, HE2, HE3, H, HA, HG2, HB2, HB3, HG3 
  ILE A 375  conformer  : H, HG21, HG12, HD13, HB, HD12, HD11, HA, HG23, HG22, HG13 
  LYS A 376  conformer  : HA, HE2, HG2, HZ1, HZ3, HZ2, H, HD2, HB2, HB3, HG3, HD3, HE3 
  SER A 377  conformer  : H, HA, HG, HB2, HB3 
  ALA A 378  conformer  : H, HA, HB1, HB3, HB2 
  PHE A 379  conformer  : HZ, HE2, HE1, HD1, H, HD2, HA, HB2, HB3 
  LEU A 380  conformer  : HD22, HD23, HD21, H, HD13, HD12, HD11, HA, HG, HB2, HB3 
  PRO A 381  conformer  : HD2, HA, HG2, HB2, HB3, HG3, HD3 
  THR A 382  conformer  : HG22, H, HG21, HG1, HB, HG23, HA 
  GLY A 383  conformer  : H, HA2, HA3 
  ALA A 387  conformer  : H, HA, HB1, HB3, HB2 
  ASP A 388  conformer  : H, HA, HB2, HB3 
  ARG A 389  conformer  : HA, HE, HG2, HH22, HH21, H, HD2, HH12, HH11, HB2, HB3, HG3, HD3 
  TYR A 390  conformer  : HE2, HE1, HD1, H, HH, HD2, HA, HB2, HB3 
  LYS A 391  conformer  : HA, HE2, HG2, HZ1, HZ3, HZ2, H, HD2, HB2, HB3, HG3, HD3, HE3 
  SER A 392  conformer  : H, HA, HG, HB2, HB3 
  HIS A 393  conformer  : HE2, HD2, HE1, HD1, H, HA, HB2, HB3 
  GLY A 394  conformer  : H, HA2, HA3 
  LYS A 395  conformer  : HA, HE2, HG2, HZ1, HZ3, HZ2, H, HD2, HB2, HB3, HG3, HD3, HE3 
  GLY A 396  conformer  : H, HA2, HA3 
  TYR A 397  conformer  : HE2, HE1, HD1, H, HH, HD2, HA, HB2, HB3 
  ASN A 398  conformer  : HD22, HD21, H, HA, HB2, HB3 
  TRP A 399  conformer  : HH2, HA, HE1, HE3, HZ3, HZ2, H, HD1, HB2, HB3 
  GLY A 400  conformer  : H, HA2, HA3 
  ASN A 401  conformer  : HD22, HD21, H, HA, HB2, HB3 
  TYR A 402  conformer  : HE2, HE1, HD1, H, HH, HD2, HA, HB2, HB3 
  ASN A 403  conformer  : HD22, HD21, H, HA, HB2, HB3 
  ARG A 404  conformer A, B : HA, HE, HG2, HH22, HH21, H, HD2, HH12, HH11, HB2, HB3, HG3, HD3 
  GLU A 405  conformer  : H, HA, HG2, HB2, HB3, HG3 
  THR A 406  conformer  : HG22, H, HG21, HG1, HB, HG23, HA 
  GLN A 407  conformer  : H, HE22, HE21, HA, HG2, HB2, HB3, HG3 
  LYS A 408  conformer  : HA, HE2, HG2, HZ1, HZ3, HZ2, H, HD2, HB2, HB3, HG3, HD3, HE3 
  CYS A 409  conformer  : H, HA, HG, HB2, HB3 
  GLU A 410  conformer  : H, HA, HG2, HB2, HB3, HG3 
  ILE A 411  conformer  : H, HG21, HG12, HD13, HB, HD12, HD11, HA, HG23, HG22, HG13 
  PHE A 412  conformer  : HZ, HE2, HE1, HD1, H, HD2, HA, HB2, HB3 
  ASN A 413  conformer  : HD22, HD21, H, HA, HB2, HB3 
  VAL A 414  conformer  : HG11, H, HG21, HG12, HG13, HB, HG23, HA, HG22 
  LYS A 415  conformer  : HA, HE2, HG2, HZ1, HZ3, HZ2, H, HD2, HB2, HB3, HG3, HD3, HE3 
  PRO A 416  conformer  : HD2, HA, HG2, HB2, HB3, HG3, HD3 
  THR A 417  conformer  : HG22, H, HG21, HG1, HB, HG23, HA 
  CYS A 418  conformer  : H, HA, HG, HB2, HB3 
  LEU A 419  conformer  : HD22, HD23, HD21, H, HD13, HD12, HD11, HA, HG, HB2, HB3 
  ILE A 420  conformer  : H, HG21, HG12, HD13, HB, HD12, HD11, HA, HG23, HG22, HG13 
  ASN A 421  conformer  : HD22, HD21, H, HA, HB2, HB3 
  ASN A 422  conformer  : HD22, HD21, H, HA, HB2, HB3 
  SER A 423  conformer  : H, HA, HG, HB2, HB3 
  SER A 424  conformer  : H, HA, HG, HB2, HB3 
  TYR A 425  conformer  : HE2, HE1, HD1, H, HH, HD2, HA, HB2, HB3 
  ILE A 426  conformer  : H, HG21, HG12, HD13, HB, HD12, HD11, HA, HG23, HG22, HG13 
  ALA A 427  conformer  : H, HA, HB1, HB3, HB2 
  THR A 428  conformer  : HG22, H, HG21, HG1, HB, HG23, HA 
  THR A 429  conformer  : HG22, H, HG21, HG1, HB, HG23, HA 
  ALA A 430  conformer  : H, HA, HB1, HB3, HB2 
  LEU A 431  conformer  : HD22, HD23, HD21, H, HD13, HD12, HD11, HA, HG, HB2, HB3 
  SER A 432  conformer  : H, HA, HG, HB2, HB3 
  HIS A 433  conformer  : HE2, HD2, HE1, HD1, H, HA, HB2, HB3 
  PRO A 434  conformer  : HD2, HA, HG2, HB2, HB3, HG3, HD3 
  ILE A 435  conformer  : H, HG21, HG12, HD13, HB, HD12, HD11, HA, HG23, HG22, HG13 
  GLU A 436  conformer  : H, HA, HG2, HB2, HB3, HG3 
  VAL A 437  conformer  : HG11, H, HG21, HG12, HG13, HB, HG23, HA, HG22 
  GLU A 438  conformer  : H, HA, HG2, HB2, HB3, HG3 
  CYS C   1  conformer  : H, HA, HG, HB2, HB3 
  TRP C   2  conformer  : HH2, HA, HE1, HE3, HZ3, HZ2, H, HD1, HB2, HB3 
  THR C   3  conformer  : HG22, H, HG21, HG1, HB, HG23, HA 
  THR C   4  conformer  : HG22, H, HG21, HG1, HB, HG23, HA 
  ARG C   5  conformer  : HA, HE, HG2, HH22, HH21, H, HD2, HH12, HH11, HB2, HB3, HG3, HD3 
  MET C   6  conformer  : HE1, HE2, HE3, H, HA, HG2, HB2, HB3, HG3 
  SER C   7  conformer  : H, HA, HG, HB2, HB3 
  PRO C   8  conformer  : HD2, HA, HG2, HB2, HB3, HG3, HD3 
  PRO C   9  conformer  : HD2, HA, HG2, HB2, HB3, HG3, HD3 
  MET C  10  conformer  : HE1, HE2, HE3, H, HA, HG2, HB2, HB3, HG3 
  GLN C  11  conformer  : H, HE22, HE21, HA, HG2, HB2, HB3, HG3 
  ILE C  12  conformer  : H, HG21, HG12, HD13, HB, HD12, HD11, HA, HG23, HG22, HG13 
  PRO C  13  conformer  : HD2, HA, HG2, HB2, HB3, HG3, HD3 

============================ Molprobity validation ============================


  Geometry Restraints Library: GeoStd + Monomer Library
  Deviations from Ideal Values.
    Bond      :  0.016   0.130   2642
    Angle     :  1.623  15.477   3589
    Chirality :  0.092   0.346    378
    Planarity :  0.011   0.107    476
    Dihedral  : 13.195  87.638    965
    Min Nonbonded Distance : 1.088
  
  Molprobity Statistics.
    All-atom Clashscore : 3.40
    Ramachandran Plot:
      Outliers :  0.00 %
      Allowed  :  2.54 %
      Favored  : 97.46 %
    Rotamer Outliers :  0.00 %
    Cbeta Deviations :  0.00 %
    Peptide Plane:
      Cis-proline     : 14.29 %
      Cis-general     : 0.00 %
      Twisted Proline : 4.76 %
      Twisted General : 0.00 %
  
  Rama-Z (Ramachandran plot Z-score):
  Interpretation: bad |Rama-Z| > 3; suspicious 2 < |Rama-Z| < 3; good |Rama-Z| < 2.
  Scores for whole/helix/sheet/loop are scaled independently;
  therefore, the values are not related in a simple manner.
    whole:  0.06 (0.44), residues: 321
    helix: -0.37 (0.61), residues: 62
    sheet:  0.02 (0.85), residues: 39
    loop :  0.28 (0.40), residues: 220

                     ----------Asn/Gln/His flips----------                     

   A 174  GLN

=================================== Summary ===================================

  Ramachandran outliers =   0.00 %
                favored =  97.46 %
  Rotamer outliers      =   0.00 %
  C-beta deviations     =     0
  Clashscore            =   3.40
  RMS(bonds)            =   0.0159
  RMS(angles)           =   1.62
  MolProbity score      =   1.24
  Resolution            =   1.59
  R-work                =   0.1600
  R-free                =   0.1880
  Refinement program    = PHENIX

Results written to molprobity.out
Wrote script for Coot: molprobity_coot.py
