--------------------------------------------------------------------------------
angles               : True
bonds                : True
chirals              : True
delete_cache         : True
dihedrals            : True
exclude_hydrogens    : False
exclude_non_protein  : False
exclude_water        : True
filename             : 2q9e.pdb.geo
ignore_cache         : False
nonbonds             : False
only_hydrogens       : False
only_water           : False
parallelitys         : False
planes               : False
quiet                : False
use_cache            : True
--------------------------------------------------------------------------------
processed bond : 0.2
processed angle : 0.3
processed dihedral : 0.4
LOADED ['chirality', 'angle', 'dihedral', 'bond']
Time to parse 0.40

RMS results for model

RMS(D/Z)
             d-all          d-none         d-alt          z-all          z-none         z-alt          
  bond       0.012( 4038)   0.012( 4038)   0.000(    0)   0.654( 4038)   0.654( 4038)   0.000(    0)
  angle      1.424( 5439)   1.424( 5439)   0.000(    0)   0.953( 5439)   0.953( 5439)   0.000(    0)
  dihedral  10.914( 2439)  10.914( 2439)   0.000(    0)   0.800( 2439)   0.800( 2439)   0.000(    0)

Selecting bonds        Time to select bonds        : 0.03s
Selecting angles       Time to select angles       : 0.07s
Selecting dihedrals    Time to select dihedrals    : 0.05s

RMS results for selection

RMS(D/Z)
             d-all          d-none         d-alt          z-all          z-none         z-alt          
  bond       0.067(    9)   0.067(    9)   0.000(    0)   3.335(    9)   3.335(    9)   0.000(    0)
  angle      2.167(   27)   2.167(   27)   0.000(    0)   0.722(   27)   0.722(   27)   0.000(    0)
  dihedral  10.548(    6)  10.548(    6)   0.000(    0)   0.176(    6)   0.176(    6)   0.000(    0)

----- bonds ----- bonds ----- bonds ----- bonds ----- bonds ----- bonds 
   1 " C1  MTN B 844 " - " N1  MTN B 844 " [ 1.477, 1.576, -0.099, 2.00e-02, 2.50e+03, 2.43e+01]
   2 " C1  MTN C 844 " - " N1  MTN C 844 " [ 1.477, 1.573, -0.096, 2.00e-02, 2.50e+03, 2.29e+01]
   3 " C1  MTN A 844 " - " N1  MTN A 844 " [ 1.477, 1.559, -0.082, 2.00e-02, 2.50e+03, 1.68e+01]
   4 " N1  MTN C 844 " - " O1  MTN C 844 " [ 1.258, 1.180,  0.078, 2.00e-02, 2.50e+03, 1.52e+01]
   5 " N1  MTN B 844 " - " O1  MTN B 844 " [ 1.258, 1.191,  0.067, 2.00e-02, 2.50e+03, 1.12e+01]
   6 " N1  MTN A 844 " - " O1  MTN A 844 " [ 1.258, 1.206,  0.052, 2.00e-02, 2.50e+03, 6.80e+00]
   7 " C5  MTN B 844 " - " N1  MTN B 844 " [ 1.480, 1.460,  0.020, 2.00e-02, 2.50e+03, 1.01e+00]
   8 " C5  MTN C 844 " - " N1  MTN C 844 " [ 1.480, 1.462,  0.018, 2.00e-02, 2.50e+03, 8.54e-01]
   9 " C5  MTN A 844 " - " N1  MTN A 844 " [ 1.480, 1.463,  0.017, 2.00e-02, 2.50e+03, 7.35e-01]
---- angles ---- angles ---- angles ---- angles ---- angles ---- angles 
   1 " C1  MTN A 844 " - " N1  MTN A 844 " - " O1  MTN A 844 " [ 122.58, 118.14,  4.44, 3.00, 0.111, 2.19e+00]
   2 " C5  MTN C 844 " - " N1  MTN C 844 " - " O1  MTN C 844 " [ 122.20, 126.05, -3.85, 3.00, 0.111, 1.65e+00]
   3 " C1  MTN C 844 " - " N1  MTN C 844 " - " O1  MTN C 844 " [ 122.58, 119.15,  3.43, 3.00, 0.111, 1.31e+00]
   4 " C8  MTN C 844 " - " C1  MTN C 844 " - " N1  MTN C 844 " [ 109.60, 112.69, -3.09, 3.00, 0.111, 1.06e+00]
   5 " C8  MTN B 844 " - " C1  MTN B 844 " - " N1  MTN B 844 " [ 109.60, 112.68, -3.08, 3.00, 0.111, 1.06e+00]
   6 " C1  MTN B 844 " - " N1  MTN B 844 " - " O1  MTN B 844 " [ 122.58, 119.56,  3.02, 3.00, 0.111, 1.01e+00]
   7 " C2  MTN B 844 " - " C1  MTN B 844 " - " N1  MTN B 844 " [  99.99,  97.19,  2.80, 3.00, 0.111, 8.70e-01]
   8 " C5  MTN B 844 " - " N1  MTN B 844 " - " O1  MTN B 844 " [ 122.20, 124.71, -2.51, 3.00, 0.111, 7.01e-01]
   9 " C5  MTN A 844 " - " N1  MTN A 844 " - " O1  MTN A 844 " [ 122.20, 124.23, -2.03, 3.00, 0.111, 4.58e-01]
  10 " C7  MTN A 844 " - " C5  MTN A 844 " - " N1  MTN A 844 " [ 109.16, 107.13,  2.03, 3.00, 0.111, 4.56e-01]
  11 " C6  MTN C 844 " - " C5  MTN C 844 " - " N1  MTN C 844 " [ 108.85, 110.79, -1.94, 3.00, 0.111, 4.16e-01]
  12 " C2  MTN A 844 " - " C1  MTN A 844 " - " N1  MTN A 844 " [  99.99,  98.09,  1.90, 3.00, 0.111, 4.01e-01]
  13 " C2  MTN C 844 " - " C1  MTN C 844 " - " N1  MTN C 844 " [  99.99,  98.12,  1.87, 3.00, 0.111, 3.87e-01]
  14 " C7  MTN C 844 " - " C5  MTN C 844 " - " N1  MTN C 844 " [ 109.16, 107.37,  1.79, 3.00, 0.111, 3.55e-01]
  15 " C7  MTN B 844 " - " C5  MTN B 844 " - " N1  MTN B 844 " [ 109.16, 107.50,  1.66, 3.00, 0.111, 3.06e-01]
  16 " C9  MTN C 844 " - " C1  MTN C 844 " - " N1  MTN C 844 " [ 109.97, 111.60, -1.63, 3.00, 0.111, 2.97e-01]
  17 " C9  MTN B 844 " - " C1  MTN B 844 " - " N1  MTN B 844 " [ 109.97, 111.59, -1.62, 3.00, 0.111, 2.92e-01]
  18 " C9  MTN A 844 " - " C1  MTN A 844 " - " N1  MTN A 844 " [ 109.97, 111.52, -1.55, 3.00, 0.111, 2.69e-01]
  19 " C3  MTN A 844 " - " C5  MTN A 844 " - " N1  MTN A 844 " [  99.93, 101.45, -1.52, 3.00, 0.111, 2.58e-01]
  20 " C8  MTN A 844 " - " C1  MTN A 844 " - " N1  MTN A 844 " [ 109.60, 110.97, -1.37, 3.00, 0.111, 2.09e-01]
  21 " C3  MTN B 844 " - " C5  MTN B 844 " - " N1  MTN B 844 " [  99.93, 100.54, -0.61, 3.00, 0.111, 4.20e-02]
  22 " C6  MTN B 844 " - " C5  MTN B 844 " - " N1  MTN B 844 " [ 108.85, 109.45, -0.60, 3.00, 0.111, 3.99e-02]
  23 " C1  MTN B 844 " - " N1  MTN B 844 " - " C5  MTN B 844 " [ 114.61, 115.10, -0.49, 3.00, 0.111, 2.66e-02]
  24 " C6  MTN A 844 " - " C5  MTN A 844 " - " N1  MTN A 844 " [ 108.85, 109.32, -0.47, 3.00, 0.111, 2.46e-02]
  25 " C3  MTN C 844 " - " C5  MTN C 844 " - " N1  MTN C 844 " [  99.93, 100.15, -0.22, 3.00, 0.111, 5.31e-03]
  26 " C1  MTN C 844 " - " N1  MTN C 844 " - " C5  MTN C 844 " [ 114.61, 114.78, -0.17, 3.00, 0.111, 3.30e-03]
  27 " C1  MTN A 844 " - " N1  MTN A 844 " - " C5  MTN A 844 " [ 114.61, 114.62, -0.01, 3.00, 0.111, 1.26e-05]
---- dihedrals ---- dihedrals ---- dihedrals ---- dihedrals ---- dihedrals ---- dihedrals 
   1 " C3  MTN A 844 " - " C5  MTN A 844 " - " N1  MTN A 844 " - " O1  MTN A 844 " [  180.00,  162.10,   17.90,  1,   60.00, 2.78e-04,    0.13]
   2 " C2  MTN A 844 " - " C1  MTN A 844 " - " N1  MTN A 844 " - " O1  MTN A 844 " [  180.00, -164.27,  -15.73,  1,   60.00, 2.78e-04,    0.10]
   3 " C3  MTN B 844 " - " C5  MTN B 844 " - " N1  MTN B 844 " - " O1  MTN B 844 " [  180.00,  172.81,    7.19,  1,   60.00, 2.78e-04,    0.02]
   4 " C2  MTN B 844 " - " C1  MTN B 844 " - " N1  MTN B 844 " - " O1  MTN B 844 " [  180.00, -173.26,   -6.74,  1,   60.00, 2.78e-04,    0.02]
   5 " C3  MTN C 844 " - " C5  MTN C 844 " - " N1  MTN C 844 " - " O1  MTN C 844 " [  180.00,  178.37,    1.63,  1,   60.00, 2.78e-04, 1.08e-03]
   6 " C2  MTN C 844 " - " C1  MTN C 844 " - " N1  MTN C 844 " - " O1  MTN C 844 " [  180.00,  179.99,    0.01,  1,   60.00, 2.78e-04, 3.29e-08]
---- chirals ---- chirals ---- chirals ---- chirals ---- chirals ---- chirals 
  None
