--------------------------------------------------------------------------------
angles               : True
bonds                : True
chirals              : True
delete_cache         : True
dihedrals            : True
exclude_hydrogens    : False
exclude_non_protein  : False
exclude_water        : True
filename             : 2q9e.updated_refine_001.pdb.geo
ignore_cache         : False
nonbonds             : False
only_hydrogens       : False
only_water           : False
parallelitys         : False
planes               : False
quiet                : False
use_cache            : True
--------------------------------------------------------------------------------
processed bond : 0.4
processed angle : 0.9
processed dihedral : 1.0
LOADED ['chirality', 'angle', 'dihedral', 'bond']
Time to parse 0.97

RMS results for model

RMS(D/Z)
             d-all          d-none         d-alt          z-all          z-none         z-alt          
  bond       0.009( 8116)   0.009( 8116)   0.000(    0)   0.372( 8116)   0.372( 8116)   0.000(    0)
  angle      0.964(14654)   0.964(14654)   0.000(    0)   0.436(14654)   0.436(14654)   0.000(    0)
  dihedral  10.758( 3199)  10.758( 3199)   0.000(    0)   0.743( 3199)   0.743( 3199)   0.000(    0)

Selecting bonds        Time to select bonds        : 0.07s
Selecting angles       Time to select angles       : 0.20s
Selecting dihedrals    Time to select dihedrals    : 0.06s

RMS results for selection

RMS(D/Z)
             d-all          d-none         d-alt          z-all          z-none         z-alt          
  bond       0.009(    9)   0.009(    9)   0.000(    0)   0.438(    9)   0.438(    9)   0.000(    0)
  angle      1.477(   27)   1.477(   27)   0.000(    0)   0.492(   27)   0.492(   27)   0.000(    0)
  dihedral  14.280(    6)  14.280(    6)   0.000(    0)   0.238(    6)   0.238(    6)   0.000(    0)

----- bonds ----- bonds ----- bonds ----- bonds ----- bonds ----- bonds 
   1 " N1  MTN A 844 " - " O1  MTN A 844 " [ 1.258, 1.279, -0.021, 2.00e-02, 2.50e+03, 1.10e+00]
   2 " C5  MTN B 844 " - " N1  MTN B 844 " [ 1.480, 1.470,  0.010, 2.00e-02, 2.50e+03, 2.61e-01]
   3 " C1  MTN C 844 " - " N1  MTN C 844 " [ 1.477, 1.486, -0.009, 2.00e-02, 2.50e+03, 1.93e-01]
   4 " C5  MTN A 844 " - " N1  MTN A 844 " [ 1.480, 1.486, -0.006, 2.00e-02, 2.50e+03, 9.90e-02]
   5 " C5  MTN C 844 " - " N1  MTN C 844 " [ 1.480, 1.484, -0.004, 2.00e-02, 2.50e+03, 4.24e-02]
   6 " N1  MTN C 844 " - " O1  MTN C 844 " [ 1.258, 1.261, -0.003, 2.00e-02, 2.50e+03, 2.01e-02]
   7 " C1  MTN A 844 " - " N1  MTN A 844 " [ 1.477, 1.475,  0.002, 2.00e-02, 2.50e+03, 1.35e-02]
   8 " N1  MTN B 844 " - " O1  MTN B 844 " [ 1.258, 1.256,  0.002, 2.00e-02, 2.50e+03, 1.01e-02]
   9 " C1  MTN B 844 " - " N1  MTN B 844 " [ 1.477, 1.478, -0.001, 2.00e-02, 2.50e+03, 1.59e-03]
---- angles ---- angles ---- angles ---- angles ---- angles ---- angles 
   1 " C5  MTN B 844 " - " N1  MTN B 844 " - " O1  MTN B 844 " [ 122.20, 118.93,  3.27, 3.00, 0.111, 1.19e+00]
   2 " C8  MTN B 844 " - " C1  MTN B 844 " - " N1  MTN B 844 " [ 109.60, 112.63, -3.03, 3.00, 0.111, 1.02e+00]
   3 " C1  MTN A 844 " - " N1  MTN A 844 " - " O1  MTN A 844 " [ 122.58, 119.79,  2.79, 3.00, 0.111, 8.65e-01]
   4 " C7  MTN B 844 " - " C5  MTN B 844 " - " N1  MTN B 844 " [ 109.16, 106.86,  2.30, 3.00, 0.111, 5.86e-01]
   5 " C9  MTN A 844 " - " C1  MTN A 844 " - " N1  MTN A 844 " [ 109.97, 112.07, -2.10, 3.00, 0.111, 4.90e-01]
   6 " C6  MTN A 844 " - " C5  MTN A 844 " - " N1  MTN A 844 " [ 108.85, 107.18,  1.67, 3.00, 0.111, 3.09e-01]
   7 " C1  MTN B 844 " - " N1  MTN B 844 " - " O1  MTN B 844 " [ 122.58, 124.14, -1.56, 3.00, 0.111, 2.70e-01]
   8 " C7  MTN C 844 " - " C5  MTN C 844 " - " N1  MTN C 844 " [ 109.16, 110.71, -1.55, 3.00, 0.111, 2.66e-01]
   9 " C1  MTN A 844 " - " N1  MTN A 844 " - " C5  MTN A 844 " [ 114.61, 113.11,  1.50, 3.00, 0.111, 2.50e-01]
  10 " C3  MTN A 844 " - " C5  MTN A 844 " - " N1  MTN A 844 " [  99.93, 101.39, -1.46, 3.00, 0.111, 2.36e-01]
  11 " C5  MTN A 844 " - " N1  MTN A 844 " - " O1  MTN A 844 " [ 122.20, 120.83,  1.37, 3.00, 0.111, 2.07e-01]
  12 " C2  MTN A 844 " - " C1  MTN A 844 " - " N1  MTN A 844 " [  99.99, 101.27, -1.28, 3.00, 0.111, 1.83e-01]
  13 " C9  MTN B 844 " - " C1  MTN B 844 " - " N1  MTN B 844 " [ 109.97, 108.79,  1.18, 3.00, 0.111, 1.56e-01]
  14 " C8  MTN C 844 " - " C1  MTN C 844 " - " N1  MTN C 844 " [ 109.60, 110.61, -1.01, 3.00, 0.111, 1.12e-01]
  15 " C1  MTN C 844 " - " N1  MTN C 844 " - " O1  MTN C 844 " [ 122.58, 123.53, -0.95, 3.00, 0.111, 1.00e-01]
  16 " C7  MTN A 844 " - " C5  MTN A 844 " - " N1  MTN A 844 " [ 109.16, 108.23,  0.93, 3.00, 0.111, 9.71e-02]
  17 " C5  MTN C 844 " - " N1  MTN C 844 " - " O1  MTN C 844 " [ 122.20, 121.43,  0.77, 3.00, 0.111, 6.64e-02]
  18 " C8  MTN A 844 " - " C1  MTN A 844 " - " N1  MTN A 844 " [ 109.60, 109.03,  0.57, 3.00, 0.111, 3.62e-02]
  19 " C6  MTN B 844 " - " C5  MTN B 844 " - " N1  MTN B 844 " [ 108.85, 109.41, -0.56, 3.00, 0.111, 3.54e-02]
  20 " C2  MTN B 844 " - " C1  MTN B 844 " - " N1  MTN B 844 " [  99.99,  99.47,  0.52, 3.00, 0.111, 2.95e-02]
  21 " C1  MTN C 844 " - " N1  MTN C 844 " - " C5  MTN C 844 " [ 114.61, 114.95, -0.34, 3.00, 0.111, 1.25e-02]
  22 " C3  MTN B 844 " - " C5  MTN B 844 " - " N1  MTN B 844 " [  99.93, 100.24, -0.31, 3.00, 0.111, 1.04e-02]
  23 " C9  MTN C 844 " - " C1  MTN C 844 " - " N1  MTN C 844 " [ 109.97, 109.75,  0.22, 3.00, 0.111, 5.53e-03]
  24 " C6  MTN C 844 " - " C5  MTN C 844 " - " N1  MTN C 844 " [ 108.85, 108.67,  0.18, 3.00, 0.111, 3.80e-03]
  25 " C1  MTN B 844 " - " N1  MTN B 844 " - " C5  MTN B 844 " [ 114.61, 114.75, -0.14, 3.00, 0.111, 2.10e-03]
  26 " C2  MTN C 844 " - " C1  MTN C 844 " - " N1  MTN C 844 " [  99.99,  99.91,  0.08, 3.00, 0.111, 7.82e-04]
  27 " C3  MTN C 844 " - " C5  MTN C 844 " - " N1  MTN C 844 " [  99.93,  99.94, -0.01, 3.00, 0.111, 7.54e-06]
---- dihedrals ---- dihedrals ---- dihedrals ---- dihedrals ---- dihedrals ---- dihedrals 
   1 " C3  MTN A 844 " - " C5  MTN A 844 " - " N1  MTN A 844 " - " O1  MTN A 844 " [  180.00,  158.90,   21.10,  1,   60.00, 2.78e-04,    0.18]
   2 " C2  MTN A 844 " - " C1  MTN A 844 " - " N1  MTN A 844 " - " O1  MTN A 844 " [ -180.00, -161.00,  -19.00,  1,   60.00, 2.78e-04,    0.14]
   3 " C2  MTN B 844 " - " C1  MTN B 844 " - " N1  MTN B 844 " - " O1  MTN B 844 " [ -180.00, -166.95,  -13.05,  1,   60.00, 2.78e-04,    0.07]
   4 " C3  MTN B 844 " - " C5  MTN B 844 " - " N1  MTN B 844 " - " O1  MTN B 844 " [  180.00,  168.28,   11.72,  1,   60.00, 2.78e-04,    0.06]
   5 " C2  MTN C 844 " - " C1  MTN C 844 " - " N1  MTN C 844 " - " O1  MTN C 844 " [  180.00,  172.19,    7.81,  1,   60.00, 2.78e-04,    0.02]
   6 " C3  MTN C 844 " - " C5  MTN C 844 " - " N1  MTN C 844 " - " O1  MTN C 844 " [ -180.00, -173.03,   -6.97,  1,   60.00, 2.78e-04,    0.02]
---- chirals ---- chirals ---- chirals ---- chirals ---- chirals ---- chirals 
  None
