
=============================== Model properties ==============================

  Overall:
    Number of atoms = 1332  (anisotropic = 1332)
    B_iso: mean =  18.7  max = 118.2  min =   4.9
    Occupancy: mean = 0.91  max = 1.00  min = 0.10
    67 total B-factor or occupancy problem(s) detected
  (Hydrogen atoms not included in overall counts.)

============================= Geometry restraints =============================


                        ----------Bond lengths----------                       

  All restrained atoms within 4.0 sigma of ideal values.

  Min. delta:    0.000 (Z=  0.000)
  Max. delta:    0.065 (Z=  4.690)
  Mean delta:    0.010 (Z=  0.548)

                        ----------Bond angles----------                        

  All restrained atoms within 4.0 sigma of ideal values.

  Min. delta:    0.000 (Z=  0.000)
  Max. delta:    7.247 (Z=  3.692)
  Mean delta:    1.287 (Z=  0.691)

                      ----------Dihedral angles----------                      

  atoms                   ideal    model    delta   sigma  residual   deviation
   A  38  LYS  CA     
   A  38  LYS  C      
   A  39 BTYR  N      
   A  39 BTYR  CA        180.00   156.73    23.27  5.00e+00  2.17e+01   4.7*sigma
   A  38  LYS  CA     
   A  38  LYS  C      
   A  39 ATYR  N      
   A  39 ATYR  CA        180.00  -158.27   -21.73  5.00e+00  1.89e+01   4.3*sigma

  Min. delta:    0.020
  Max. delta:   88.889
  Mean delta:   16.184

                       ----------Chiral volumes----------                      

  All restrained atoms within 4.0 sigma of ideal values.

  Min. delta:    0.000
  Max. delta:    0.364
  Mean delta:    0.084

                       ----------Planar groups----------                       

  atoms                 rms_deltas   delta_max    residual   deviation
   A  38  LYS  CA     
   A  38  LYS  C      
   A  38  LYS  O      
   A  39 BTYR  N             0.049       0.085       24.07   4.2*sigma

  Min. delta:    0.000
  Max. delta:    0.053
  Mean delta:    0.009

============================= Hydrogen validation =============================


                ----------H/D atoms in the input model----------               

  Total number of hydrogen atoms : 1243
  Total number of deuterium atoms: 0
  Number of H atoms (protein)    : 1205
  Number of D atoms (protein)    : 0
  Number of H atoms (water)      : 0
  Number of D atoms (water)      : 0
  Number of H atoms (other)      : 38
  Number of D atoms (other)      : 0

                      ----------Water molecules----------                      

  Number of water                            : 129
  Number of water with 0 H (or D)            : 125
  Number of water with 1 H (or D)            : 0
  Number of water with 2 H (or D)            : 0
  Number of water in alternative conformation: 4
  Number of water without oxygen atom        : 0

             ----------H (or D) atoms with occupancy < 1----------             

  pdb="HD11 LEU B   8 " with occupancy 0.42
  pdb="HD12 LEU B   8 " with occupancy 0.43
  pdb="HD13 LEU B   8 " with occupancy 0.43
  pdb="HD21 LEU B   8 " with occupancy 0.69
  pdb="HD22 LEU B   8 " with occupancy 0.7
  pdb="HD23 LEU B   8 " with occupancy 0.69

                    ----------MISSING H or D atoms----------                   

  MET A   1  conformer A, B : HE1, HE2, HE3 
  LYS A  12  conformer A, B : HE2, HG2, HZ1, HZ3, HZ2, HD2, HG3, HD3, HE3 
  LYS A  38  conformer  : HE2, HZ1, HZ3, HZ2, HD2, HD3, HE3 
  CYS A  55  conformer A : HG 
  MET B   1  conformer  : HE1, HE2, HE3 
  LYS B  12  conformer A, B : HE2, HZ1, HZ3, HZ2, HD2, HD3, HE3 
  LYS B  14  conformer  : HE2, HZ1, HZ3, HZ2, HD2, HD3, HE3 
  CYS B  55  conformer A : HG 

============================ Molprobity validation ============================


  Geometry Restraints Library: GeoStd + Monomer Library + CDL v1.2
  Deviations from Ideal Values.
    Bond      :  0.010   0.065   1204
    Angle     :  1.287   7.247   1645
    Chirality :  0.084   0.364    184
    Planarity :  0.009   0.053    218
    Dihedral  : 16.184  88.889    481
    Min Nonbonded Distance : 1.255
  
  Molprobity Statistics.
    All-atom Clashscore : 5.32
    Ramachandran Plot:
      Outliers :  0.00 %
      Allowed  :  0.00 %
      Favored  : 100.00 %
    Rotamer Outliers :  1.57 %
    Cbeta Deviations :  0.69 %
    Peptide Plane:
      Cis-proline     : 0.00 %
      Cis-general     : 0.00 %
      Twisted Proline : 0.00 %
      Twisted General : 0.00 %
  
  Rama-Z (Ramachandran plot Z-score):
  Interpretation: bad |Rama-Z| > 3; suspicious 2 < |Rama-Z| < 3; good |Rama-Z| < 2.
  Scores for whole/helix/sheet/loop are scaled independently;
  therefore, the values are not related in a simple manner.
    whole:  0.09 (0.60), residues: 154
    helix:  0.03 (0.47), residues: 101
    sheet:  None (None), residues: 0
    loop :  0.50 (0.72), residues: 53

                     ----------Asn/Gln/His flips----------                     

   B  17  GLN
   B  64 BGLN

=================================== Summary ===================================

  Ramachandran outliers =   0.00 %
                favored = 100.00 %
  Rotamer outliers      =   1.57 %
  C-beta deviations     =     1
  Clashscore            =   5.32
  RMS(bonds)            =   0.0104
  RMS(angles)           =   1.29
  MolProbity score      =   1.44
  Resolution            =   1.50
  R-work                =   0.1302
  R-free                =   0.1652
  Refinement program    = PHENIX
