
============================== Collecting inputs ==============================


                   ----------Processing PDB file(s)----------                  


  Symmetric amino acids flipped
    Residue "A PHE  252": "CD1" <-> "CD2" "CE1" <-> "CE2"
  Time to flip residues: 0.00s

  Monomer Library directory:
    "/home/liuyoujia/phenix-1.19rc3-4024/modules/chem_data/mon_lib"
  Total number of atoms: 4259
  Number of models: 1
  Model: ""
    Number of chains: 2
    Chain: "A"
      Number of atoms: 4017
      Number of conformers: 1
      Conformer: ""
        Number of residues, atoms: 505, 4017
          Classifications: {'peptide': 505}
          Link IDs: {'PTRANS': 24, 'TRANS': 480}
          Chain breaks: 1
    Chain: "A"
      Number of atoms: 242
      Number of conformers: 1
      Conformer: ""
        Number of residues, atoms: 120, 230
          Unknown residues: {'MTN': 1}
          Unusual residues: {' NA': 2, ' CL': 1, 'BOG': 6}
          Inner-chain residues flagged as termini: ['pdbres="LEU A 601 "']
          Classifications: {'undetermined': 9, 'water': 109, 'peptide': 1}
          Modifications used: {'COO': 1}
          Link IDs: {None: 117}
          Chain breaks: 1
          Unresolved non-hydrogen bonds: 12
          Unresolved non-hydrogen angles: 18
          Unresolved non-hydrogen dihedrals: 1
          Unresolved non-hydrogen chiralities: 5
  Residues with excluded nonbonded symmetry interactions: 1
    residue:
      pdb=" O   HOH A 568 " occ=0.50
  Number of atoms with unknown nonbonded energy type symbols: 12
    "HETATM 4047  C1  MTN A 801 .*.     C  "
    "HETATM 4048  C2  MTN A 801 .*.     C  "
    "HETATM 4049  C3  MTN A 801 .*.     C  "
    "HETATM 4050  C4  MTN A 801 .*.     C  "
    "HETATM 4051  C5  MTN A 801 .*.     C  "
    "HETATM 4052  C6  MTN A 801 .*.     C  "
    "HETATM 4053  C7  MTN A 801 .*.     C  "
    "HETATM 4054  C8  MTN A 801 .*.     C  "
    "HETATM 4055  C9  MTN A 801 .*.     C  "
    "HETATM 4056  N1  MTN A 801 .*.     N  "
    ... (remaining 2 not shown)
  Time building chain proxies: 0.57, per 1000 atoms: 0.13
  Number of scatterers: 4259
  At special positions: 0
  Unit cell: (87.261, 86.222, 80.636, 90, 95.35, 90)
  Space group: C 1 2 1 (No. 5)
  Number of sites at special positions: 0
  Number of scattering types: 7
    Type Number    sf(0)
     Cl      1     17.00
     S      14     16.00
     Na      2     11.00
     O1-    36      9.00
     O     761      8.00
     N     632      7.00
     C    2813      6.00
    sf(0) = scattering factor at diffraction angle 0.

  Number of disulfides: simple=0, symmetry=0
  Custom bonds:
    Warning: Ignoring bond with distance_ideal = None:
      atom_selection_1 = None
      atom_selection_2 = None
    Total number of added/changed bonds: 0
  Custom angles:
    Warning: Ignoring angle with angle_ideal = None:
      atom_selection_1 = None
      atom_selection_2 = None
      atom_selection_3 = None
    Total number of new custom angles: 0
    Total number of changed angles: 0
  Custom dihedrals:
    Warning: Ignoring dihedral with angle_ideal = None:
      atom_selection_1 = None
      atom_selection_2 = None
      atom_selection_3 = None
      atom_selection_4 = None
    Total number of custom dihedrals: 0
  Custom planarities:
    Warning: Ignoring planarity with with sigma <= 0:
      atom_selection = None
None
    Total number of custom planarities: 0
  Custom parallelities:
Warning: Ignoring parallelity with empty atom selection.
    Total number of custom parallelities: 0
  Custom bonds:
    Warning: Ignoring bond with distance_ideal = None:
      atom_selection_1 = None
      atom_selection_2 = None
    Total number of added/changed bonds: 0
  Custom angles:
    Warning: Ignoring angle with angle_ideal = None:
      atom_selection_1 = None
      atom_selection_2 = None
      atom_selection_3 = None
    Total number of new custom angles: 0
    Total number of changed angles: 0
  Custom dihedrals:
    Warning: Ignoring dihedral with angle_ideal = None:
      atom_selection_1 = None
      atom_selection_2 = None
      atom_selection_3 = None
      atom_selection_4 = None
    Total number of custom dihedrals: 0
  Custom planarities:
    Warning: Ignoring planarity with with sigma <= 0:
      atom_selection = None
None
    Total number of custom planarities: 0
  Custom parallelities:
Warning: Ignoring parallelity with empty atom selection.
    Total number of custom parallelities: 0

  Automatic linking
    Parameters for automatic linking
      Linking & cutoffs
        Metal                : False - 3.50
        Amimo acid           : False - 1.90
        Carbohydrate         : True  - 1.99
        Ligands              : True  - 1.99
        Small molecules      : False - 1.98
        Amino acid - RNA/DNA : False
      
  Number of custom bonds: simple=1, symmetry=0
  Number of additional bonds: simple=1, symmetry=0
  Coordination:
  Other bonds:
  Time building additional restraints: 0.35
  Adding C-beta torsion restraints...
  Number of C-beta restraints generated:  924

  Time building geometry restraints manager: 0.39 seconds

  NOTE: a complete listing of the restraints can be obtained by requesting
        output of .geo file.

  Histogram of bond lengths:
        1.18 -     1.32: 636
        1.32 -     1.45: 1431
        1.45 -     1.59: 2118
        1.59 -     1.73: 50
        1.73 -     1.87: 24
  Bond restraints: 4259
  Sorted by residual:
  bond pdb=" CD2 HIS A   7 "
       pdb=" NE2 HIS A   7 "
    ideal  model  delta    sigma   weight residual
    1.374  1.317  0.057 1.10e-02 8.26e+03 2.70e+01
  bond pdb=" N   LEU A 601 "
       pdb=" CA  LEU A 601 "
    ideal  model  delta    sigma   weight residual
    1.458  1.556 -0.098 1.90e-02 2.77e+03 2.67e+01
  bond pdb=" CG  ASN A 509 "
       pdb=" OD1 ASN A 509 "
    ideal  model  delta    sigma   weight residual
    1.231  1.328 -0.097 1.90e-02 2.77e+03 2.60e+01
  bond pdb=" C1  BOG A 704 "
       pdb=" O1  BOG A 704 "
    ideal  model  delta    sigma   weight residual
    1.356  1.457 -0.101 2.00e-02 2.50e+03 2.55e+01
  bond pdb=" ND1 HIS A   7 "
       pdb=" CE1 HIS A   7 "
    ideal  model  delta    sigma   weight residual
    1.321  1.370 -0.049 1.00e-02 1.00e+04 2.40e+01
  ... (remaining 4254 not shown)

  Histogram of bond angle deviations from ideal:
       94.16 -   102.18: 10
      102.18 -   110.21: 948
      110.21 -   118.24: 2319
      118.24 -   126.26: 2419
      126.26 -   134.29: 89
  Bond angle restraints: 5785
  Sorted by residual:
  angle pdb=" C   MET A 176 "
        pdb=" N   CYS A 177 "
        pdb=" CA  CYS A 177 "
      ideal   model   delta    sigma   weight residual
     121.70  134.26  -12.56 1.80e+00 3.09e-01 4.87e+01
  angle pdb=" CB  HIS A   7 "
        pdb=" CG  HIS A   7 "
        pdb=" CD2 HIS A   7 "
      ideal   model   delta    sigma   weight residual
     131.20  122.96    8.24 1.30e+00 5.92e-01 4.01e+01
  angle pdb=" CB  HIS A   7 "
        pdb=" CG  HIS A   7 "
        pdb=" ND1 HIS A   7 "
      ideal   model   delta    sigma   weight residual
     122.70  130.65   -7.95 1.50e+00 4.44e-01 2.81e+01
  angle pdb=" C   ILE A 410 "
        pdb=" CA  ILE A 410 "
        pdb=" CB  ILE A 410 "
      ideal   model   delta    sigma   weight residual
     111.60  102.64    8.96 2.00e+00 2.50e-01 2.01e+01
  angle pdb=" CG  ARG A 185 "
        pdb=" CD  ARG A 185 "
        pdb=" NE  ARG A 185 "
      ideal   model   delta    sigma   weight residual
     112.00  120.77   -8.77 2.20e+00 2.07e-01 1.59e+01
  ... (remaining 5780 not shown)

  Histogram of dihedral angle deviations from ideal:
        0.00 -    16.58: 2100
       16.58 -    33.15: 203
       33.15 -    49.73: 67
       49.73 -    66.31: 15
       66.31 -    82.88: 3
  Dihedral angle restraints: 2388
    sinusoidal: 944
      harmonic: 1444
  Sorted by residual:
  dihedral pdb=" C   ILE A 472 "
           pdb=" N   ILE A 472 "
           pdb=" CA  ILE A 472 "
           pdb=" CB  ILE A 472 "
      ideal   model   delta  harmonic     sigma   weight residual
    -122.00 -134.17   12.17     0      2.50e+00 1.60e-01 2.37e+01
  dihedral pdb=" C   GLU A 505 "
           pdb=" N   GLU A 505 "
           pdb=" CA  GLU A 505 "
           pdb=" CB  GLU A 505 "
      ideal   model   delta  harmonic     sigma   weight residual
    -122.60 -134.40   11.80     0      2.50e+00 1.60e-01 2.23e+01
  dihedral pdb=" N   GLU A 505 "
           pdb=" C   GLU A 505 "
           pdb=" CA  GLU A 505 "
           pdb=" CB  GLU A 505 "
      ideal   model   delta  harmonic     sigma   weight residual
     122.80  134.19  -11.39     0      2.50e+00 1.60e-01 2.07e+01
  ... (remaining 2385 not shown)

  Histogram of chiral volume deviations from ideal:
       0.000 -    0.086: 391
       0.086 -    0.172: 191
       0.172 -    0.258: 64
       0.258 -    0.344: 14
       0.344 -    0.430: 3
  Chirality restraints: 663
  Sorted by residual:
  chirality pdb=" CA  GLU A 505 "
            pdb=" N   GLU A 505 "
            pdb=" C   GLU A 505 "
            pdb=" CB  GLU A 505 "
    both_signs  ideal   model   delta    sigma   weight residual
      False      2.51    2.08    0.43 2.00e-01 2.50e+01 4.61e+00
  chirality pdb=" CG  LEU A  16 "
            pdb=" CB  LEU A  16 "
            pdb=" CD1 LEU A  16 "
            pdb=" CD2 LEU A  16 "
    both_signs  ideal   model   delta    sigma   weight residual
      False     -2.59   -2.96    0.37 2.00e-01 2.50e+01 3.47e+00
  chirality pdb=" CA  PHE A 345 "
            pdb=" N   PHE A 345 "
            pdb=" C   PHE A 345 "
            pdb=" CB  PHE A 345 "
    both_signs  ideal   model   delta    sigma   weight residual
      False      2.51    2.15    0.36 2.00e-01 2.50e+01 3.16e+00
  ... (remaining 660 not shown)

  Planarity restraints: 690
  Sorted by residual:
                                 delta    sigma   weight rms_deltas residual
  plane pdb=" CB  PHE A 405 "    0.045 2.00e-02 2.50e+03   2.91e-02 1.48e+01
        pdb=" CG  PHE A 405 "   -0.056 2.00e-02 2.50e+03
        pdb=" CD1 PHE A 405 "   -0.016 2.00e-02 2.50e+03
        pdb=" CD2 PHE A 405 "   -0.007 2.00e-02 2.50e+03
        pdb=" CE1 PHE A 405 "    0.014 2.00e-02 2.50e+03
        pdb=" CE2 PHE A 405 "    0.005 2.00e-02 2.50e+03
        pdb=" CZ  PHE A 405 "    0.014 2.00e-02 2.50e+03
                                 delta    sigma   weight rms_deltas residual
  plane pdb=" CB  PHE A 345 "   -0.046 2.00e-02 2.50e+03   2.85e-02 1.42e+01
        pdb=" CG  PHE A 345 "    0.044 2.00e-02 2.50e+03
        pdb=" CD1 PHE A 345 "    0.019 2.00e-02 2.50e+03
        pdb=" CD2 PHE A 345 "    0.022 2.00e-02 2.50e+03
        pdb=" CE1 PHE A 345 "   -0.003 2.00e-02 2.50e+03
        pdb=" CE2 PHE A 345 "   -0.010 2.00e-02 2.50e+03
        pdb=" CZ  PHE A 345 "   -0.025 2.00e-02 2.50e+03
                                 delta    sigma   weight rms_deltas residual
  plane pdb=" CB  TRP A 114 "    0.025 2.00e-02 2.50e+03   2.12e-02 1.13e+01
        pdb=" CG  TRP A 114 "    0.003 2.00e-02 2.50e+03
        pdb=" CD1 TRP A 114 "    0.014 2.00e-02 2.50e+03
        pdb=" CD2 TRP A 114 "   -0.048 2.00e-02 2.50e+03
        pdb=" NE1 TRP A 114 "   -0.015 2.00e-02 2.50e+03
        pdb=" CE2 TRP A 114 "   -0.007 2.00e-02 2.50e+03
        pdb=" CE3 TRP A 114 "   -0.018 2.00e-02 2.50e+03
        pdb=" CZ2 TRP A 114 "    0.021 2.00e-02 2.50e+03
        pdb=" CZ3 TRP A 114 "    0.013 2.00e-02 2.50e+03
        pdb=" CH2 TRP A 114 "    0.012 2.00e-02 2.50e+03
  ... (remaining 687 not shown)

  Histogram of nonbonded interaction distances:
        1.35 -     2.19: 17
        2.19 -     3.03: 2859
        3.03 -     3.86: 11586
        3.86 -     4.70: 19597
        4.70 -     5.54: 29069
  Nonbonded interactions: 63128
  Sorted by model distance:
  nonbonded pdb=" C2  MTN A 801 "
            pdb=" C3  MTN A 801 "
     model   vdw
     1.349 1.000
  nonbonded pdb=" N1  MTN A 801 "
            pdb=" O1  MTN A 801 "
     model   vdw
     1.400 1.000
  nonbonded pdb=" C5  MTN A 801 "
            pdb=" N1  MTN A 801 "
     model   vdw
     1.441 1.000
  nonbonded pdb=" C1  MTN A 801 "
            pdb=" N1  MTN A 801 "
     model   vdw
     1.504 1.000
  nonbonded pdb=" C5  MTN A 801 "
            pdb=" C6  MTN A 801 "
     model   vdw
     1.520 1.000
  ... (remaining 63123 not shown)

  NOTE: a complete listing of the restraints can be obtained by requesting
        output of .geo file.

End of input processing

  Symmetric amino acids flipped
    Residue "A PHE  252": "CD1" <-> "CD2" "CE1" <-> "CE2"
  Time to flip residues: 0.00s

  Monomer Library directory:
    "/home/liuyoujia/phenix-1.19rc3-4024/modules/chem_data/mon_lib"
  Total number of atoms: 4259
  Number of models: 1
  Model: ""
    Number of chains: 2
    Chain: "A"
      Number of atoms: 4017
      Number of conformers: 1
      Conformer: ""
        Number of residues, atoms: 505, 4017
          Classifications: {'peptide': 505}
          Link IDs: {'PTRANS': 24, 'TRANS': 480}
          Chain breaks: 1
    Chain: "A"
      Number of atoms: 242
      Number of conformers: 1
      Conformer: ""
        Number of residues, atoms: 120, 230
          Unknown residues: {'MTN': 1}
          Unusual residues: {' NA': 2, ' CL': 1, 'BOG': 6}
          Inner-chain residues flagged as termini: ['pdbres="LEU A 601 "']
          Classifications: {'undetermined': 9, 'water': 109, 'peptide': 1}
          Modifications used: {'COO': 1}
          Link IDs: {None: 117}
          Chain breaks: 1
          Unresolved non-hydrogen bonds: 12
          Unresolved non-hydrogen angles: 18
          Unresolved non-hydrogen dihedrals: 1
          Unresolved non-hydrogen chiralities: 5
  Residues with excluded nonbonded symmetry interactions: 1
    residue:
      pdb=" O   HOH A 568 " occ=0.50
  Number of atoms with unknown nonbonded energy type symbols: 12
    "HETATM 4047  C1  MTN A 801 .*.     C  "
    "HETATM 4048  C2  MTN A 801 .*.     C  "
    "HETATM 4049  C3  MTN A 801 .*.     C  "
    "HETATM 4050  C4  MTN A 801 .*.     C  "
    "HETATM 4051  C5  MTN A 801 .*.     C  "
    "HETATM 4052  C6  MTN A 801 .*.     C  "
    "HETATM 4053  C7  MTN A 801 .*.     C  "
    "HETATM 4054  C8  MTN A 801 .*.     C  "
    "HETATM 4055  C9  MTN A 801 .*.     C  "
    "HETATM 4056  N1  MTN A 801 .*.     N  "
    ... (remaining 2 not shown)
  Time building chain proxies: 0.62, per 1000 atoms: 0.15
  Number of scatterers: 4259
  At special positions: 0
  Unit cell: (87.261, 86.222, 80.636, 90, 95.35, 90)
  Space group: C 1 2 1 (No. 5)
  Number of sites at special positions: 0
  Number of scattering types: 7
    Type Number    sf(0)
     Cl      1     17.00
     S      14     16.00
     Na      2     11.00
     O1-    36      9.00
     O     761      8.00
     N     632      7.00
     C    2813      6.00
    sf(0) = scattering factor at diffraction angle 0.


=============================== Model properties ==============================

  Overall:
    Number of atoms = 4259  (anisotropic = 0)
    B_iso: mean =  31.7  max =  88.3  min =   8.2
    Occupancy: mean = 1.00  max = 1.00  min = 0.50
    1 total B-factor or occupancy problem(s) detected

============================= Geometry restraints =============================


                        ----------Bond lengths----------                       

  atoms                 ideal   model   delta   sigma   slack  residual   deviation
   A   7  HIS  CD2    
   A   7  HIS  NE2         1.37     1.32     0.06  1.10e-02  2.70e+01   5.2*sigma
   A 601  LEU  N      
   A 601  LEU  CA          1.46     1.56    -0.10  1.90e-02  2.67e+01   5.2*sigma
   A 509  ASN  CG     
   A 509  ASN  OD1         1.23     1.33    -0.10  1.90e-02  2.60e+01   5.1*sigma
   A 704  BOG  C1     
   A 704  BOG  O1          1.36     1.46    -0.10  2.00e-02  2.55e+01   5.1*sigma
   A   7  HIS  ND1    
   A   7  HIS  CE1         1.32     1.37    -0.05  1.00e-02  2.40e+01   4.9*sigma
   A 701  BOG  C1     
   A 701  BOG  O5          1.52     1.42     0.10  2.00e-02  2.28e+01   4.8*sigma
   A 705  BOG  C1     
   A 705  BOG  O5          1.52     1.42     0.09  2.00e-02  2.21e+01   4.7*sigma
   A 701  BOG  C1     
   A 701  BOG  O1          1.36     1.44    -0.09  2.00e-02  1.90e+01   4.4*sigma
   A 702  BOG  C1     
   A 702  BOG  O1          1.36     1.44    -0.09  2.00e-02  1.85e+01   4.3*sigma
   A 509  ASN  CG     
   A 509  ASN  ND2         1.33     1.24     0.09  2.10e-02  1.83e+01   4.3*sigma
   A 703  BOG  C1     
   A 703  BOG  O1          1.36     1.44    -0.08  2.00e-02  1.68e+01   4.1*sigma
   A 705  BOG  C1     
   A 705  BOG  O1          1.36     1.44    -0.08  2.00e-02  1.60e+01   4.0*sigma

  Min. delta:    0.000 (Z=  0.000)
  Max. delta:    0.122 (Z=  6.460)
  Mean delta:    0.023 (Z=  1.074)

                        ----------Bond angles----------                        

  atoms                   ideal    model    delta   sigma  residual   deviation
   A 176  MET  C      
   A 177  CYS  N      
   A 177  CYS  CA        121.70   134.26   -12.56  1.80e+00  4.87e+01   7.0*sigma
   A   7  HIS  CB     
   A   7  HIS  CG     
   A   7  HIS  CD2       131.20   122.96     8.24  1.30e+00  4.01e+01   6.3*sigma
   A   7  HIS  CB     
   A   7  HIS  CG     
   A   7  HIS  ND1       122.70   130.65    -7.95  1.50e+00  2.81e+01   5.3*sigma
   A 410  ILE  C      
   A 410  ILE  CA     
   A 410  ILE  CB        111.60   102.64     8.96  2.00e+00  2.01e+01   4.5*sigma

  Min. delta:    0.000 (Z=  0.000)
  Max. delta:   12.558 (Z=  6.976)
  Mean delta:    1.782 (Z=  0.826)

                      ----------Dihedral angles----------                      

  All restrained atoms within 4.0 sigma of ideal values.

  Min. delta:    0.002
  Max. delta:   82.884
  Mean delta:   15.427

                       ----------Chiral volumes----------                      

  All restrained atoms within 4.0 sigma of ideal values.

  Min. delta:    0.000
  Max. delta:    0.430
  Mean delta:    0.111

                       ----------Planar groups----------                       

  All restrained atoms within 4.0 sigma of ideal values.

  Min. delta:    0.000
  Max. delta:    0.061
  Mean delta:    0.011

============================ Molprobity validation ============================


  Geometry Restraints Library: GeoStd + Monomer Library
  Deviations from Ideal Values.
    Bond      :  0.023   0.122   4259
    Angle     :  1.782  12.558   5785
    Chirality :  0.111   0.430    663
    Planarity :  0.011   0.061    690
    Dihedral  : 15.427  82.884   1464
    Min Nonbonded Distance : 1.349
  
  Molprobity Statistics.
    All-atom Clashscore : 6.40
    Ramachandran Plot:
      Outliers :  0.20 %
      Allowed  :  2.59 %
      Favored  : 97.21 %
    Rotamer Outliers :  4.39 %
    Cbeta Deviations :  0.65 %
    Peptide Plane:
      Cis-proline     : 0.00 %
      Cis-general     : 0.00 %
      Twisted Proline : 0.00 %
      Twisted General : 0.00 %
  
  Rama-Z (Ramachandran plot Z-score):
  Interpretation: bad |Rama-Z| > 3; suspicious 2 < |Rama-Z| < 3; good |Rama-Z| < 2.
  Scores for whole/helix/sheet/loop are scaled independently;
  therefore, the values are not related in a simple manner.
    whole: -1.93 (0.31), residues: 501
    helix: -1.11 (0.22), residues: 384
    sheet:  None (None), residues: 0
    loop : -1.22 (0.50), residues: 117

                     ----------Asn/Gln/His flips----------                     

  No backwards Asn/Gln/His sidechains found.

=================================== Summary ===================================

  Ramachandran outliers =   0.20 %
                favored =  97.21 %
  Rotamer outliers      =   4.39 %
  C-beta deviations     =     3
  Clashscore            =   6.40
  RMS(bonds)            =   0.0228
  RMS(angles)           =   1.78
  MolProbity score      =   1.99
  Resolution            =   2.25
  R-work                =   0.1730
  R-free                =   0.2140
  Refinement program    = REFMAC

Results written to molprobity.out
Wrote script for Coot: molprobity_coot.py
