--------------------------------------------------------------------------------
angles               : True
bonds                : True
chirals              : True
delete_cache         : True
dihedrals            : True
exclude_hydrogens    : False
exclude_non_protein  : False
exclude_water        : True
filename             : 4ek1.updated_refine_001.pdb.geo
ignore_cache         : False
nonbonds             : False
only_hydrogens       : False
only_water           : False
parallelitys         : False
planes               : False
quiet                : False
use_cache            : True
--------------------------------------------------------------------------------
WARNING bond ESD is very small 0.0047 [' C   ALA A 334 ', ' O   ALA A 334 ', ['1.235', '1.236', '-0.001', '4.70e-03', '4.53e+04', '4.59e-02']]
WARNING bond ESD is very small 0.0047 [' C   ALA B 334 ', ' O   ALA B 334 ', ['1.235', '1.235', '0.000', '4.70e-03', '4.53e+04', '2.24e-03']]
processed bond : 0.5
WARNING angle ESD is very small 0.46 [' O   PRO B 105 ', ' C   PRO B 105 ', ' N   PRO B 106 ', ['121.31', '120.97', '0.34', '4.60e-01', '4.73e+00', '5.37e-01']]
WARNING angle ESD is very small 0.46 [' O   PRO B  15 ', ' C   PRO B  15 ', ' N   PRO B  16 ', ['121.31', '121.45', '-0.14', '4.60e-01', '4.73e+00', '9.89e-02']]
WARNING angle ESD is very small 0.46 [' O   PRO A 105 ', ' C   PRO A 105 ', ' N   PRO A 106 ', ['121.31', '121.23', '0.08', '4.60e-01', '4.73e+00', '2.71e-02']]
processed angle : 1.1
processed dihedral : 1.3
LOADED ['chirality', 'angle', 'dihedral', 'bond']
Time to parse 1.31

RMS results for model

RMS(D/Z)
             d-all          d-none         d-alt          z-all          z-none         z-alt          
  bond       0.008(13243)   0.009(12915)   0.005(  328)   0.387(13243)   0.390(12915)   0.253(  328)
  angle      1.028(24015)   1.033(23371)   0.821(  644)   0.465(24015)   0.467(23371)   0.396(  644)
  dihedral  10.787( 5273)  10.687( 5093)  13.314(  180)   0.778( 5273)   0.777( 5093)   0.800(  180)

Selecting bonds        Time to select bonds        : 0.10s
Selecting angles       Time to select angles       : 0.32s
Selecting dihedrals    Time to select dihedrals    : 0.10s

RMS results for selection

RMS(D/Z)
             d-all          d-none         d-alt          z-all          z-none         z-alt          
  bond       0.013(    9)   0.013(    9)   0.000(    0)   0.660(    9)   0.660(    9)   0.000(    0)
  angle      1.561(   27)   1.561(   27)   0.000(    0)   0.520(   27)   0.520(   27)   0.000(    0)
  dihedral   8.558(    6)   8.558(    6)   0.000(    0)   0.143(    6)   0.143(    6)   0.000(    0)

----- bonds ----- bonds ----- bonds ----- bonds ----- bonds ----- bonds 
   1 " N1  MTN A 504 " - " O1  MTN A 504 " [ 1.258, 1.233,  0.025, 2.00e-02, 2.50e+03, 1.57e+00]
   2 " N1  MTN B 504 " - " O1  MTN B 504 " [ 1.258, 1.238,  0.020, 2.00e-02, 2.50e+03, 1.02e+00]
   3 " C5  MTN A 505 " - " N1  MTN A 505 " [ 1.480, 1.497, -0.017, 2.00e-02, 2.50e+03, 7.45e-01]
   4 " C1  MTN A 505 " - " N1  MTN A 505 " [ 1.477, 1.486, -0.009, 2.00e-02, 2.50e+03, 2.21e-01]
   5 " C1  MTN A 504 " - " N1  MTN A 504 " [ 1.477, 1.469,  0.008, 2.00e-02, 2.50e+03, 1.51e-01]
   6 " C5  MTN B 504 " - " N1  MTN B 504 " [ 1.480, 1.473,  0.007, 2.00e-02, 2.50e+03, 1.29e-01]
   7 " C5  MTN A 504 " - " N1  MTN A 504 " [ 1.480, 1.474,  0.006, 2.00e-02, 2.50e+03, 8.60e-02]
   8 " C1  MTN B 504 " - " N1  MTN B 504 " [ 1.477, 1.482, -0.005, 2.00e-02, 2.50e+03, 6.11e-02]
   9 " N1  MTN A 505 " - " O1  MTN A 505 " [ 1.258, 1.258,  0.000, 2.00e-02, 2.50e+03, 1.01e-04]
---- angles ---- angles ---- angles ---- angles ---- angles ---- angles 
   1 " C9  MTN B 504 " - " C1  MTN B 504 " - " N1  MTN B 504 " [ 109.97, 115.13, -5.16, 3.00, 0.111, 2.96e+00]
   2 " C6  MTN A 504 " - " C5  MTN A 504 " - " N1  MTN A 504 " [ 108.85, 105.43,  3.42, 3.00, 0.111, 1.30e+00]
   3 " C8  MTN A 504 " - " C1  MTN A 504 " - " N1  MTN A 504 " [ 109.60, 107.10,  2.50, 3.00, 0.111, 6.92e-01]
   4 " C8  MTN B 504 " - " C1  MTN B 504 " - " N1  MTN B 504 " [ 109.60, 107.26,  2.34, 3.00, 0.111, 6.09e-01]
   5 " C3  MTN B 504 " - " C5  MTN B 504 " - " N1  MTN B 504 " [  99.93,  97.60,  2.33, 3.00, 0.111, 6.04e-01]
   6 " C8  MTN A 505 " - " C1  MTN A 505 " - " N1  MTN A 505 " [ 109.60, 111.01, -1.41, 3.00, 0.111, 2.20e-01]
   7 " C7  MTN A 505 " - " C5  MTN A 505 " - " N1  MTN A 505 " [ 109.16, 110.43, -1.27, 3.00, 0.111, 1.80e-01]
   8 " C9  MTN A 504 " - " C1  MTN A 504 " - " N1  MTN A 504 " [ 109.97, 111.20, -1.23, 3.00, 0.111, 1.68e-01]
   9 " C7  MTN A 504 " - " C5  MTN A 504 " - " N1  MTN A 504 " [ 109.16, 110.16, -1.00, 3.00, 0.111, 1.11e-01]
  10 " C9  MTN A 505 " - " C1  MTN A 505 " - " N1  MTN A 505 " [ 109.97, 109.03,  0.94, 3.00, 0.111, 9.91e-02]
  11 " C5  MTN A 505 " - " N1  MTN A 505 " - " O1  MTN A 505 " [ 122.20, 123.01, -0.81, 3.00, 0.111, 7.23e-02]
  12 " C6  MTN B 504 " - " C5  MTN B 504 " - " N1  MTN B 504 " [ 108.85, 108.10,  0.75, 3.00, 0.111, 6.28e-02]
  13 " C7  MTN B 504 " - " C5  MTN B 504 " - " N1  MTN B 504 " [ 109.16, 109.84, -0.68, 3.00, 0.111, 5.18e-02]
  14 " C1  MTN B 504 " - " N1  MTN B 504 " - " O1  MTN B 504 " [ 122.58, 123.18, -0.60, 3.00, 0.111, 4.00e-02]
  15 " C6  MTN A 505 " - " C5  MTN A 505 " - " N1  MTN A 505 " [ 108.85, 109.37, -0.52, 3.00, 0.111, 2.97e-02]
  16 " C2  MTN B 504 " - " C1  MTN B 504 " - " N1  MTN B 504 " [  99.99, 100.46, -0.47, 3.00, 0.111, 2.46e-02]
  17 " C2  MTN A 504 " - " C1  MTN A 504 " - " N1  MTN A 504 " [  99.99, 100.43, -0.44, 3.00, 0.111, 2.18e-02]
  18 " C1  MTN A 504 " - " N1  MTN A 504 " - " O1  MTN A 504 " [ 122.58, 123.02, -0.44, 3.00, 0.111, 2.10e-02]
  19 " C1  MTN A 505 " - " N1  MTN A 505 " - " C5  MTN A 505 " [ 114.61, 114.21,  0.40, 3.00, 0.111, 1.77e-02]
  20 " C2  MTN A 505 " - " C1  MTN A 505 " - " N1  MTN A 505 " [  99.99,  99.63,  0.36, 3.00, 0.111, 1.41e-02]
  21 " C1  MTN A 505 " - " N1  MTN A 505 " - " O1  MTN A 505 " [ 122.58, 122.74, -0.16, 3.00, 0.111, 2.67e-03]
  22 " C3  MTN A 505 " - " C5  MTN A 505 " - " N1  MTN A 505 " [  99.93,  99.79,  0.14, 3.00, 0.111, 2.21e-03]
  23 " C1  MTN B 504 " - " N1  MTN B 504 " - " C5  MTN B 504 " [ 114.61, 114.75, -0.14, 3.00, 0.111, 2.19e-03]
  24 " C5  MTN B 504 " - " N1  MTN B 504 " - " O1  MTN B 504 " [ 122.20, 122.07,  0.13, 3.00, 0.111, 1.97e-03]
  25 " C1  MTN A 504 " - " N1  MTN A 504 " - " C5  MTN A 504 " [ 114.61, 114.54,  0.07, 3.00, 0.111, 5.91e-04]
  26 " C3  MTN A 504 " - " C5  MTN A 504 " - " N1  MTN A 504 " [  99.93, 100.00, -0.07, 3.00, 0.111, 5.20e-04]
  27 " C5  MTN A 504 " - " N1  MTN A 504 " - " O1  MTN A 504 " [ 122.20, 122.20, -0.00, 3.00, 0.111, 4.46e-08]
---- dihedrals ---- dihedrals ---- dihedrals ---- dihedrals ---- dihedrals ---- dihedrals 
   1 " C3  MTN B 504 " - " C5  MTN B 504 " - " N1  MTN B 504 " - " O1  MTN B 504 " [  180.00,  167.27,   12.73,  1,   60.00, 2.78e-04,    0.07]
   2 " C2  MTN B 504 " - " C1  MTN B 504 " - " N1  MTN B 504 " - " O1  MTN B 504 " [  180.00, -168.04,  -11.96,  1,   60.00, 2.78e-04,    0.06]
   3 " C3  MTN A 505 " - " C5  MTN A 505 " - " N1  MTN A 505 " - " O1  MTN A 505 " [  180.00,  172.01,    7.99,  1,   60.00, 2.78e-04,    0.03]
   4 " C2  MTN A 505 " - " C1  MTN A 505 " - " N1  MTN A 505 " - " O1  MTN A 505 " [ -180.00, -172.76,   -7.24,  1,   60.00, 2.78e-04,    0.02]
   5 " C3  MTN A 504 " - " C5  MTN A 504 " - " N1  MTN A 504 " - " O1  MTN A 504 " [  180.00,  176.28,    3.72,  1,   60.00, 2.78e-04, 5.63e-03]
   6 " C2  MTN A 504 " - " C1  MTN A 504 " - " N1  MTN A 504 " - " O1  MTN A 504 " [  180.00, -177.95,   -2.05,  1,   60.00, 2.78e-04, 1.70e-03]
---- chirals ---- chirals ---- chirals ---- chirals ---- chirals ---- chirals 
  None
